Array
(
    [id] => a68f99e538b5b6e705fa946fe8ac20e3
    [content] => 陆展博他的CD比和杀人书亮了...
    [domain] => lolbox.duowan.com
    [keywords] => 杀人
)

Array
(
    [id] => ea2213a46596f59285bc2919733ded32
    [content] => 为什么杀人书20层？因为我有皮肤
    [domain] => lolbox.duowan.com
    [keywords] => 杀人
)

Array
(
    [id] => e1ab8ffdbf910cedff88d611d2c29fdf
    [content] => 就我杀人最多了@_@
    [domain] => lolbox.duowan.com
    [keywords] => 杀人
)

Array
(
    [id] => 04215df055e252d12a436cdbb8348089
    [content] => 没出杀人书真是太s13了我
    [domain] => lolbox.duowan.com
    [keywords] => 杀人
)

Array
(
    [id] => ef86562836177dc23f61dc50f59544b5
    [content] => 请叫我下路杀神
    [domain] => lolbox.duowan.com
    [keywords] => 杀神
)

Array
(
    [id] => 887363ec7ffee72bb5fad7eadd92b741
    [content] => 无聊,杀人游戏
    [domain] => lolbox.duowan.com
    [keywords] => 杀人
)

Array
(
    [id] => 4e3a3fdfaa5bf17e3087f34d6d22edcd
    [content] => 你说你们都在干什么,难道说是因为我退出你们才会输？我那是没钱下机了好不好,就知道杀人,真对你们无语
    [domain] => lolbox.duowan.com
    [keywords] => 杀人
)

