Array
(
    [id] => 137897496342
    [content] => 只杀人你到底是MOBA还是动作？
    [domain] => newgame.duowan.com
    [keywords] => 杀人
)

Array
(
    [id] => 1364001600249
    [content] => 全是副本真无聊!游戏玩的就是杀人!
    [domain] => newgame.duowan.com
    [keywords] => 杀人
)

Array
(
    [id] => 1365923958663
    [content] => 周华健
    [domain] => newgame.duowan.com
    [keywords] => 华健
)

Array
(
    [id] => 1367546039380
    [content] => 尼玛 这个野外要去杀人 想杀不得杀个半小时啊
    [domain] => newgame.duowan.com
    [keywords] => 杀人
)

Array
(
    [id] => 1368078732603
    [content] => 艾玛! 科幻抗日游戏!
    [domain] => newgame.duowan.com
    [keywords] => 抗日
)

Array
(
    [id] => 1368780792106
    [content] => 双刀烈士塔？？？
    [domain] => newgame.duowan.com
    [keywords] => 烈士
)

Array
(
    [id] => 1370448935972
    [content] => 居然没有刀剑2?TX是想封杀像素,然后才山寨吗
    [domain] => newgame.duowan.com
    [keywords] => 才山
)

Array
(
    [id] => 1373513961171
    [content] => 无聊 这有什么意义!还不如杀人吸他呢或者BOSS掉的晶体呢
    [domain] => newgame.duowan.com
    [keywords] => 杀人
)

Array
(
    [id] => 1373648138464
    [content] => 游戏我玩了,各方面很不错,杀人就是爽,就装备是坑,比较老套.
    [domain] => newgame.duowan.com
    [keywords] => 杀人
)

Array
(
    [id] => 1375149688693
    [content] => 企鹅也来杀人呐!!! 我好怕怕哦......
    [domain] => newgame.duowan.com
    [keywords] => 杀人
)

Array
(
    [id] => 1377005402122
    [content] => 吕布：人挡杀人,佛挡杀佛!
    [domain] => newgame.duowan.com
    [keywords] => 杀人
)

Array
(
    [id] => 1378974837920
    [content] => 推塔太烦,还是只杀人好
    [domain] => newgame.duowan.com
    [keywords] => 杀人
)

Array
(
    [id] => 1380934380277
    [content] => 雷震子鸟人
    [domain] => newgame.duowan.com
    [keywords] => 雷震
)

Array
(
    [id] => 1386665041328
    [content] => 抽刀出鞘杀人就走,你还在看动画片骂服务器,笑了
    [domain] => newgame.duowan.com
    [keywords] => 杀人
)

Array
(
    [id] => 1387557114829
    [content] => 不杀怪光杀人
    [domain] => newgame.duowan.com
    [keywords] => 杀人
)

Array
(
    [id] => 1387653217644
    [content] => 估计到了GF,就跟dazy那样到处杀人
    [domain] => newgame.duowan.com
    [keywords] => 杀人
)

Array
(
    [id] => 1387850999806
    [content] => 若风退役了,和我这个中路杀神有什么关系
    [domain] => newgame.duowan.com
    [keywords] => 杀神
)

Array
(
    [id] => 1388634844863
    [content] => 暗影之剑18X插画,请叫我雷锋
    [domain] => newgame.duowan.com
    [keywords] => 雷锋
)

Array
(
    [id] => 1392335367732
    [content] => 剑灵做的最好的是动作系统,可以说是革命性的,no.1
    [domain] => newgame.duowan.com
    [keywords] => 革命
)

Array
(
    [id] => 1394077733402
    [content] => 请叫我雷锋
    [domain] => newgame.duowan.com
    [keywords] => 雷锋
)

Array
(
    [id] => 1397937292553
    [content] => 5杀神做你值得拥有
    [domain] => newgame.duowan.com
    [keywords] => 杀神
)

Array
(
    [id] => 1398845780592
    [content] => 激战2开创革命性坑爹新模式 欢迎二 逼加入
    [domain] => newgame.duowan.com
    [keywords] => 革命
)

Array
(
    [id] => 1401517531681
    [content] => 剑灵的萝莉不光萌·还是最暴力的.人挡杀人~神挡屠神
    [domain] => newgame.duowan.com
    [keywords] => 杀人
)

Array
(
    [id] => 1402033566833
    [content] => GIF的萝莉名字叫新堂爱,出自境界的彼方,请叫我雷锋
    [domain] => newgame.duowan.com
    [keywords] => 雷锋
)

Array
(
    [id] => 1403187088128
    [content] => 过几天签到送元宝的任务就会回来了,我是雷锋不用谢
    [domain] => newgame.duowan.com
    [keywords] => 雷锋
)

Array
(
    [id] => 1407326939895
    [content] => 激战2开创革命性坑爹新模式 欢迎二 逼加入
    [domain] => newgame.duowan.com
    [keywords] => 革命
)

Array
(
    [id] => 1407337277914
    [content] => GIF的萝莉名字叫新堂爱,出自境界的彼方,请叫我雷锋
    [domain] => newgame.duowan.com
    [keywords] => 雷锋
)

Array
(
    [id] => 1407337347918
    [content] => GIF的萝莉名字叫新堂爱,出自境界的彼方,请叫我雷锋
    [domain] => newgame.duowan.com
    [keywords] => 雷锋
)

Array
(
    [id] => 1407636400674
    [content] => 稿子和视频配音妹子和在一起听的想杀人
    [domain] => newgame.duowan.com
    [keywords] => 杀人
)

Array
(
    [id] => 1407737718588
    [content] => 草好恶心的播音,听到这些声音想杀人
    [domain] => newgame.duowan.com
    [keywords] => 杀人
)

Array
(
    [id] => 1413158952853
    [content] => 杀人爆装也敢当成玩法？将传奇置于何地？
    [domain] => newgame.duowan.com
    [keywords] => 杀人
)

Array
(
    [id] => 1414036038156
    [content] => 河蟹要是有用 那为什么还有人杀人 骂街
    [domain] => newgame.duowan.com
    [keywords] => 杀人
)

Array
(
    [id] => 1415065456302
    [content] => 土豪又开普通攻击杀人啦,大家快跑!
    [domain] => newgame.duowan.com
    [keywords] => 杀人
)

Array
(
    [id] => 1416027994197
    [content] => EDG-73不谢,我是雷锋
    [domain] => newgame.duowan.com
    [keywords] => 雷锋
)

Array
(
    [id] => 1419911098371
    [content] => 风暴英雄雷锋杯吊打棒子队.
    [domain] => newgame.duowan.com
    [keywords] => 雷锋
)

Array
(
    [id] => 1421824539276
    [content] => 真不知道载具革命在那 毫无创新.
    [domain] => newgame.duowan.com
    [keywords] => 革命
)

Array
(
    [id] => 1423889509206
    [content] => =.=一件射死一队人 抗日奇侠么？
    [domain] => newgame.duowan.com
    [keywords] => 抗日
)

Array
(
    [id] => 1424525125828
    [content] => 图片奸染5.   我叫雷锋
    [domain] => newgame.duowan.com
    [keywords] => 雷锋
)

Array
(
    [id] => 1424837271629
    [content] => 多玩街坊17集6.：26是小攻攻我是雷锋
    [domain] => newgame.duowan.com
    [keywords] => 雷锋
)

Array
(
    [id] => 1430082037958
    [content] => 这不是革命机的op
    [domain] => newgame.duowan.com
    [keywords] => 革命
)

Array
(
    [id] => 1433987145137
    [content] => 无冬激活码5块我是雷锋
    [domain] => newgame.duowan.com
    [keywords] => 雷锋
)

Array
(
    [id] => 1434270490371
    [content] => 我操片尾我要杀人啦!!
    [domain] => newgame.duowan.com
    [keywords] => 杀人
)

Array
(
    [id] => 1439907985981
    [content] => 当腾讯控制了所有小学生时 可以反革命了
    [domain] => newgame.duowan.com
    [keywords] => 革命
)

Array
(
    [id] => 1440403975363
    [content] => 最好的代理是VPN,不用谢我叫雷锋
    [domain] => newgame.duowan.com
    [keywords] => 雷锋
)

Array
(
    [id] => 1440819241131
    [content] => 速出雷锋侠
    [domain] => newgame.duowan.com
    [keywords] => 雷锋
)

Array
(
    [id] => 1442470256304
    [content] => 3分59有福利 我是雷锋
    [domain] => newgame.duowan.com
    [keywords] => 雷锋
)

Array
(
    [id] => 1444118292646
    [content] => 他说“好看,可以老杀人”←应该河蟹
    [domain] => newgame.duowan.com
    [keywords] => 杀人
)

Array
(
    [id] => 1444274055625
    [content] => LOL是杀人游戏？不是推塔游戏？
    [domain] => newgame.duowan.com
    [keywords] => 杀人
)

Array
(
    [id] => 1444565841495
    [content] => 杀人多很了不起吗？
    [domain] => newgame.duowan.com
    [keywords] => 杀人
)

Array
(
    [id] => 1448012486901
    [content] => 换首刀才是真正的中国刀而不是抗日大刀
    [domain] => newgame.duowan.com
    [keywords] => 抗日
)

Array
(
    [id] => 1456904466429
    [content] => 不杀人不打砸放火的也好意思叫神经病
    [domain] => newgame.duowan.com
    [keywords] => 杀人
)

Array
(
    [id] => 1458439213942
    [content] => 英国的气候环境是不是比较容易催生杀人狂!
    [domain] => newgame.duowan.com
    [keywords] => 杀人
)

Array
(
    [id] => 1460515304129
    [content] => 守望先锋快点吧 迫不及待要杀人了
    [domain] => newgame.duowan.com
    [keywords] => 杀人
)

Array
(
    [id] => 1472966723256
    [content] => 对待杀人犯也没这么不人道吧
    [domain] => newgame.duowan.com
    [keywords] => 杀人
)

Array
(
    [id] => 1473075459349
    [content] => 没了网瘾.青少年就开始杀人了
    [domain] => newgame.duowan.com
    [keywords] => 杀人
)

Array
(
    [id] => 1484022757228
    [content] => 八路会抗日？老鼠吃了猫？
    [domain] => newgame.duowan.com
    [keywords] => 抗日
)

Array
(
    [id] => 1496854549149
    [content] => 这游戏推塔比杀人重要
    [domain] => newgame.duowan.com
    [keywords] => 杀人
)

