lastId: 137552138973
lastId: 140451880260
lastId: 143557072665
lastId: 147564069295
lastId: 1354717923922
lastId: 1355851476454
lastId: 1356876662930
lastId: 1357744349251
lastId: 1358392923169
lastId: 1358926550929
lastId: 1359339402837
lastId: 1359686374483
lastId: 1360236742954
lastId: 1360943820689
lastId: 1361404698813
lastId: 1361840067737
lastId: 1362295915268
lastId: 1362816519430
lastId: 1363231028996
lastId: 1363589061439
lastId: 1363974143240
lastId: 1364342814203
lastId: 1364903934280
lastId: 1365309685167
lastId: 1365614502274
lastId: 1365939258289
lastId: 1366287201943
lastId: 1366637608134
lastId: 1366956867288
lastId: 1367319932397
lastId: 1367628930814
lastId: 1367979856661
lastId: 1368185804528
lastId: 1368463718997
lastId: 1368687982449
lastId: 1368914532398
lastId: 1369132558453
lastId: 1369366415720
lastId: 1369595574818
lastId: 1369818994807
lastId: 1370040545736
lastId: 1370324122405
lastId: 1370568116705
lastId: 1370773607284
lastId: 1371034816283
lastId: 1371210471220
lastId: 1371402848834
lastId: 1371626561613
lastId: 1371901148118
lastId: 1372170397302
lastId: 1372393023820
lastId: 1372589103438
lastId: 1372748360279
lastId: 1372942762644
lastId: 1373167166213
lastId: 1373368488880
lastId: 1373535727807
lastId: 1373703578266
lastId: 1373931183673
lastId: 1374115715969
lastId: 1374272934307
lastId: 1374484402783
lastId: 1374672033507
lastId: 1374830519790
lastId: 1375076430994
lastId: 1375257926625
lastId: 1375430557542
lastId: 1375640175773
lastId: 1375785068287
lastId: 1375944906955
lastId: 1376110428127
lastId: 1376282754383
lastId: 1376452268697
lastId: 1376636260804
lastId: 1376831925541
lastId: 1377027808701
lastId: 1377223906702
lastId: 1377444845788
lastId: 1377630193874
lastId: 1377811021577
lastId: 1377997796609
lastId: 1378201482263
lastId: 1378453030627
lastId: 1378661218883
lastId: 1378894273627
lastId: 1379134117914
lastId: 1379414196529
lastId: 1379650315628
lastId: 1379935151260
lastId: 1380195778153
lastId: 1380508644552
lastId: 1380798065619
lastId: 1381093229335
lastId: 1381384183586
lastId: 1381649524794
lastId: 1381897962837
lastId: 1382158774987
lastId: 1382412342979
lastId: 1382676913525
lastId: 1382953610114
lastId: 1383282536116
lastId: 1383564320264
lastId: 1383878906939
lastId: 1384162450346
lastId: 1384489740824
lastId: 1384802977208
lastId: 1385094449981
lastId: 1385407195346
lastId: 1385714716241
lastId: 1386036411991
lastId: 1386327166834
lastId: 1386603826462
lastId: 1386908424946
lastId: 1387256587245
lastId: 1387537558448
lastId: 1387856084205
lastId: 1388115618232
lastId: 1388461424437
lastId: 1388737267965
lastId: 1389001092620
lastId: 1389235862461
lastId: 1389437507745
lastId: 1389672277300
lastId: 1389844654626
lastId: 1390020918752
lastId: 1390210027755
lastId: 1390442335658
lastId: 1390627185136
lastId: 1390815807309
lastId: 1391005032631
lastId: 1391312748336
lastId: 1391610964621
lastId: 1391848516253
lastId: 1392086133770
lastId: 1392265125535
lastId: 1392522589668
lastId: 1392816014561
lastId: 1393066282668
lastId: 1393383127264
lastId: 1393690419754
lastId: 1394000248742
lastId: 1394269448570
lastId: 1394576902648
lastId: 1394883533780
lastId: 1395152121797
lastId: 1395441736848
lastId: 1395744690317
lastId: 1396066619274
lastId: 1396404482121
lastId: 1396668778927
lastId: 1396980625488
lastId: 1397362897782
lastId: 1397655591762
lastId: 1397904410858
lastId: 1398226650893
lastId: 1398503955448
lastId: 1398822809472
lastId: 1399093684402
lastId: 1399368884906
lastId: 1399634359458
lastId: 1399926994777
lastId: 1400113531581
lastId: 1400330292297
lastId: 1400592306112
lastId: 1400856221730
lastId: 1401129092678
lastId: 1401371627828
lastId: 1401645241774
lastId: 1401936577711
lastId: 1402136708528
lastId: 1402383993586
lastId: 1402628588529
lastId: 1402884790254
lastId: 1403093039142
lastId: 1403399690297
lastId: 1403607570290
lastId: 1403775719329
lastId: 1403947417813
lastId: 1404199891547
lastId: 1404443227374
lastId: 1404642596974
lastId: 1404875466585
lastId: 1405046877193
lastId: 1405223395987
lastId: 1405415428977
lastId: 1405657318510
lastId: 1405849497660
lastId: 1406093031881
lastId: 1406262764921
lastId: 1406519224311
lastId: 1406698905889
lastId: 1406864572633
lastId: 1407088758993
lastId: 1407292784382
lastId: 1407314526582
lastId: 1407325403221
lastId: 1407347865769
lastId: 1407400378228
lastId: 1407661265383
lastId: 1407914283382
lastId: 1408110785951
lastId: 1408350311241
lastId: 1408528277895
lastId: 1408757596184
lastId: 1409023662151
lastId: 1409199494541
lastId: 1409448709878
lastId: 1409716114843
lastId: 1409911500328
lastId: 1410235820215
lastId: 1410506740196
lastId: 1410798090126
lastId: 1411025789309
lastId: 1411290523718
lastId: 1411527093867
lastId: 1411707452669
lastId: 1411965553864
lastId: 1412196984532
lastId: 1412490630938
lastId: 1412759158410
lastId: 1412995970115
lastId: 1413260014878
lastId: 1413533143256
lastId: 1413863685424
lastId: 1414065671331
lastId: 1414403723107
lastId: 1414677302746
lastId: 1414999969134
lastId: 1415252145133
lastId: 1415539258773
lastId: 1415851459548
lastId: 1416132778889
lastId: 1416469089604
lastId: 1416804569324
lastId: 1417075136852
lastId: 1417357277796
lastId: 1417622287107
lastId: 1417934582329
lastId: 1418182130609
lastId: 1418463588110
lastId: 1418730346728
lastId: 1419017224744
lastId: 1419267894825
lastId: 1419584473229
lastId: 1419915388736
lastId: 1420264256253
lastId: 1420601764944
lastId: 1420856501889
lastId: 1421126855159
lastId: 1421401024101
lastId: 1421738731908
lastId: 1422042706288
lastId: 1422347472709
lastId: 1422708611146
lastId: 1423038337997
lastId: 1423373130574
lastId: 1423695600541
lastId: 1423974089104
lastId: 1424314042405
lastId: 1424857583250
lastId: 1425266192695
lastId: 1425640146352
lastId: 1426055947944
lastId: 1426499516944
lastId: 1426846279983
lastId: 1427251269786
lastId: 1427505008139
lastId: 1427812876147
lastId: 1428222180227
lastId: 1428555234885
lastId: 1428910787369
lastId: 1429253252353
lastId: 1429662648154
lastId: 1429954054960
lastId: 1430287337591
lastId: 1430628206582
lastId: 1430971116931
lastId: 1431236385303
lastId: 1431577116903
lastId: 1431833426615
lastId: 1432148598569
lastId: 1432521106315
lastId: 1432722579730
lastId: 1433035492818
lastId: 1433306312895
lastId: 1433523125990
lastId: 1433834020563
lastId: 1434043345507
lastId: 1434340196787
lastId: 1434537797874
lastId: 1434814656996
lastId: 1435123050234
lastId: 1435395974698
lastId: 1435737449146
lastId: 1436074183166
lastId: 1436404321929
lastId: 1436626517605
lastId: 1436930315532
lastId: 1437110498251
lastId: 1437382946317
lastId: 1437579365796
lastId: 1437785279137
lastId: 1438000388628
lastId: 1438177358255
lastId: 1438340594824
lastId: 1438433179310
lastId: 1438610527936
lastId: 1438787327482
lastId: 1438987967498
lastId: 1439199047464
lastId: 1439423463900
lastId: 1439635254167
lastId: 1439889245578
lastId: 1440074322432
lastId: 1440325091130
lastId: 1440564294145
lastId: 1440775112960
lastId: 1441082924571
lastId: 1441354579856
lastId: 1441704740835
lastId: 1441916191934
lastId: 1442212935982
lastId: 1442507447887
lastId: 1442813031363
lastId: 1443108683675
lastId: 1443488960538
lastId: 1443834463395
lastId: 1444265835407
lastId: 1444616330682
lastId: 1444928018887
lastId: 1445323341245
lastId: 1445690293613
lastId: 1446118499803
lastId: 1446610647230
lastId: 1446970159634
lastId: 1447314398891
lastId: 1447670392487
lastId: 1448009687161
lastId: 1448408976352
lastId: 1448856823266
lastId: 1449203170345
lastId: 1449592497615
lastId: 1449940014736
lastId: 1450320824987
lastId: 1450707785694
lastId: 1451118993183
lastId: 1451533650380
lastId: 1451964726979
lastId: 1452302674855
lastId: 1452710314475
lastId: 1453185633569
lastId: 1453543054511
lastId: 1453976047800
lastId: 1454467089501
lastId: 1454932939514
lastId: 1455544720655
lastId: 1455890930324
lastId: 1456298668648
lastId: 1456821664894
lastId: 1457326688439
lastId: 1457700731146
lastId: 1458196939372
lastId: 1458622440649
lastId: 1458999468775
lastId: 1459411137202
lastId: 1459925477244
lastId: 1460355162647
lastId: 1460804008641
lastId: 1461223247126
lastId: 1461656562895
lastId: 1462074414268
lastId: 1462512758916
lastId: 1462962281187
lastId: 1463389336711
lastId: 1463790869777
lastId: 1464255077470
lastId: 1464667418879
lastId: 1465034123561
lastId: 1465445122388
lastId: 1465871249863
lastId: 1466225905116
lastId: 1466673259928
lastId: 1467095828362
lastId: 1467514926855
lastId: 1467884973484
lastId: 1468336598426
lastId: 1468770623454
lastId: 1469214192407
lastId: 1469671629390
lastId: 1470068601735
lastId: 1470484463357
lastId: 1470972624521
lastId: 1471434925399
lastId: 1471933685314
lastId: 1472434776934
lastId: 1472958369763
lastId: 1473583213292
lastId: 1474277573319
lastId: 1475100863259
lastId: 1475844670109
lastId: 1476537713452
lastId: 1477272383364
lastId: 1478087285979
lastId: 1478836828881
lastId: 1479713434953
lastId: 1480562147695
lastId: 1481358048805
lastId: 1482132696815
lastId: 1482741997317
lastId: 1483379560624
lastId: 1484041452690
lastId: 1484724161976
lastId: 1485584918372
lastId: 1486590640826
lastId: 1487486591755
lastId: 1488181615196
lastId: 1488954722717
lastId: 1489759886440
lastId: 1490670669650
lastId: 1491541509482
lastId: 1492426337219
lastId: 1493292170881
lastId: 1494239291207
lastId: 1495098612850
lastId: 1496055658357
lastId: 1497102040504
lastId: 1497931332892
lastId: 1498624558801
lastId: 1499416124748
lastId: 1500264699515
lastId: 1501048674238
lastId: 1501985363676
lastId: 1502964515127
lastId: 1505182528215
lastId: 1509671878855
lastId: 1518015157343
lastId: 1527597457558
