lastId: 137966694873
lastId: 142070253199
lastId: 148404160457
lastId: 1354256148462
lastId: 1355198114757
lastId: 1355821621825
lastId: 1356347900597
lastId: 1356881895236
lastId: 1357481239256
lastId: 1357963266597
lastId: 1358312470893
lastId: 1358672576813
lastId: 1359093145596
lastId: 1359388974702
lastId: 1359693601125
lastId: 1360048716907
lastId: 1360370925776
lastId: 1360723505921
lastId: 1361014875993
lastId: 1361280345252
lastId: 1361623710195
lastId: 1362017393372
lastId: 1362376842956
lastId: 1362721027639
lastId: 1363080894731
lastId: 1363402912111
lastId: 1363769157909
lastId: 1364221612331
lastId: 1364542674867
lastId: 1364993131870
lastId: 1365332244221
lastId: 1365574633230
lastId: 1365822368176
lastId: 1366022265774
lastId: 1366285161999
lastId: 1366476420101
lastId: 1366691000322
lastId: 1366945270128
lastId: 1367247072296
lastId: 1367582063951
lastId: 1367911051454
lastId: 1368249519654
lastId: 1368542666385
lastId: 1368858515830
lastId: 1369203144437
lastId: 1369544466625
lastId: 1369884977187
lastId: 1370228583588
lastId: 1370602764213
lastId: 1370949867875
lastId: 1371390954532
lastId: 1371713792669
lastId: 1372065222878
lastId: 1372329671321
lastId: 1372667394554
lastId: 1372999020514
lastId: 1373298424879
lastId: 1373595603841
lastId: 1373879579865
lastId: 1374212221801
lastId: 1374516049423
lastId: 1374824680127
lastId: 1375155817154
lastId: 1375460248318
lastId: 1375771223238
lastId: 1376028058300
lastId: 1376287104277
lastId: 1376556090786
lastId: 1376808833541
lastId: 1377068946311
lastId: 1377340188696
lastId: 1377663880346
lastId: 1378006835788
lastId: 1378365970641
lastId: 1378720051339
lastId: 1379056993855
lastId: 1379393409476
lastId: 1379670144467
lastId: 1379912019844
lastId: 1380290644207
lastId: 1380593612256
lastId: 1380942620606
lastId: 1381210424566
lastId: 1381484876804
lastId: 1381743460428
lastId: 1382074456326
lastId: 1382416704833
lastId: 1382739069730
lastId: 1383103707979
lastId: 1383444695804
lastId: 1383822035546
lastId: 1384167933351
lastId: 1384542720680
lastId: 1384922678774
lastId: 1385329184500
lastId: 1385633039780
lastId: 1385955551685
lastId: 1386322745788
lastId: 1386648806331
lastId: 1386950069483
lastId: 1387354388939
lastId: 1387704439164
lastId: 1388028686589
lastId: 1388461982112
lastId: 1388801672366
lastId: 1389237425404
lastId: 1389675172561
lastId: 1390038359790
lastId: 1390488839885
lastId: 1390820308667
lastId: 1391231912908
lastId: 1391588903448
lastId: 1391922607809
lastId: 1392282283851
lastId: 1392649572485
lastId: 1393149756198
lastId: 1393649504289
lastId: 1394062862997
lastId: 1394539069786
lastId: 1394894701404
lastId: 1395401994143
lastId: 1395825933974
lastId: 1396203806262
lastId: 1396604964581
lastId: 1397133180931
lastId: 1397551866796
lastId: 1397955268913
lastId: 1398405211872
lastId: 1398930839784
lastId: 1399436987504
lastId: 1399871629774
lastId: 1400334502732
lastId: 1400812446308
lastId: 1401274257804
lastId: 1401854573674
lastId: 1402282895663
lastId: 1402653069236
lastId: 1403087524151
lastId: 1403438196263
lastId: 1403842860237
lastId: 1404214479159
lastId: 1404622464466
lastId: 1404990244296
lastId: 1405414391362
lastId: 1405840285936
lastId: 1406170248657
lastId: 1406537235153
lastId: 1406863234791
lastId: 1407236335546
lastId: 1407327277856
lastId: 1407382686967
lastId: 1407672003745
lastId: 1408021724437
lastId: 1408416297984
lastId: 1408681392498
lastId: 1409035811999
lastId: 1409304851998
lastId: 1409631984784
lastId: 1409930069318
lastId: 1410316819456
lastId: 1410607394749
lastId: 1411020540522
lastId: 1411374896469
lastId: 1411657658736
lastId: 1412001777166
lastId: 1412410598450
lastId: 1412762569723
lastId: 1413034887677
lastId: 1413421805392
lastId: 1413790260506
lastId: 1414111534995
lastId: 1414444555276
lastId: 1414757037595
lastId: 1415108564471
lastId: 1415442698285
lastId: 1415854718538
lastId: 1416215483442
lastId: 1416551628206
lastId: 1416913665587
lastId: 1417250296778
lastId: 1417584243153
lastId: 1417935747899
lastId: 1418288816921
lastId: 1418659338554
lastId: 1419049328412
lastId: 1419426164252
lastId: 1419823133544
lastId: 1420168400732
lastId: 1420607313153
lastId: 1421040978537
lastId: 1421327674296
lastId: 1421664155597
lastId: 1422012704652
lastId: 1422348407967
lastId: 1422680181943
lastId: 1422973185101
lastId: 1423276100167
lastId: 1423616414480
lastId: 1423891404649
lastId: 1424150043508
lastId: 1424584448765
lastId: 1424919956369
lastId: 1425188938341
lastId: 1425529635799
lastId: 1425872050106
lastId: 1426154495719
lastId: 1426482010341
lastId: 1426817943526
lastId: 1427182194349
lastId: 1427596098307
lastId: 1427947911354
lastId: 1428310106141
lastId: 1428670308374
lastId: 1429033760321
lastId: 1429441574687
lastId: 1429784652903
lastId: 1430197776114
lastId: 1430546692481
lastId: 1430900831242
lastId: 1431250022278
lastId: 1431597157821
lastId: 1432004310597
lastId: 1432301115978
lastId: 1432693866335
lastId: 1433142528393
lastId: 1433749206356
lastId: 1434303767308
lastId: 1434870333586
lastId: 1435304556805
lastId: 1435820419477
lastId: 1436316735865
lastId: 1436853168389
lastId: 1437472809124
lastId: 1438073864599
lastId: 1438661988577
lastId: 1439183057593
lastId: 1439884269367
lastId: 1440569620612
lastId: 1441193638156
lastId: 1441772371625
lastId: 1442291871849
lastId: 1442894233795
lastId: 1443488855165
lastId: 1444114531869
lastId: 1444745450108
lastId: 1445402323242
lastId: 1445939398654
lastId: 1446541469619
lastId: 1447061676999
lastId: 1447662168717
lastId: 1448252256956
lastId: 1448859027194
lastId: 1449557563775
lastId: 1450227429150
lastId: 1450958683683
lastId: 1451902971447
lastId: 1452696265950
lastId: 1453530859872
lastId: 1454290433395
lastId: 1454936175477
lastId: 1455608269326
lastId: 1456216485269
lastId: 1456891978313
lastId: 1457631658985
lastId: 1458380579794
lastId: 1459077135367
lastId: 1459915200139
lastId: 1460616307507
lastId: 1461306893553
lastId: 1461906718496
lastId: 1462763264906
lastId: 1463469351965
lastId: 1464139262630
lastId: 1464862728780
lastId: 1465413374361
lastId: 1466055777591
lastId: 1466678332207
lastId: 1467262598219
lastId: 1467891980534
lastId: 1468641603291
lastId: 1469324933628
lastId: 1470055465384
lastId: 1470813531834
lastId: 1471665341155
lastId: 1472392813506
lastId: 1473158109492
lastId: 1474000245920
lastId: 1474954642232
lastId: 1475981051286
lastId: 1476888710966
lastId: 1477915660227
lastId: 1479027055556
lastId: 1480059394852
lastId: 1481109667790
lastId: 1482209164966
lastId: 1483260422819
lastId: 1484448377508
lastId: 1485564606790
lastId: 1486560185407
lastId: 1487580425385
lastId: 1488605138702
lastId: 1489639176668
lastId: 1490750855319
lastId: 1491703642153
lastId: 1492661773571
lastId: 1493523354421
lastId: 1494247780267
lastId: 1495169022897
lastId: 1496229323421
lastId: 1497853896986
lastId: 1498827045590
lastId: 1499834910150
lastId: 1500879606556
lastId: 1501922120169
lastId: 1503282614891
lastId: 1505472876258
lastId: 1509079159639
lastId: 1513675759697
lastId: 1522161570321
lastId: 1527603614484
