lastId: 143833523822
lastId: 1354183801293
lastId: 1355480111666
lastId: 1356606113284
lastId: 1357720990829
lastId: 1358827269221
lastId: 1360344051252
lastId: 1361683516292
lastId: 1362817247646
lastId: 1364309092933
lastId: 1365685969953
lastId: 1366776794991
lastId: 1368109349125
lastId: 1369403648206
lastId: 1370663067125
lastId: 1371610338804
lastId: 1372392071604
lastId: 1373162901973
lastId: 1373949320157
lastId: 1374766181161
lastId: 1375512834655
lastId: 1376281764158
lastId: 1377061969947
lastId: 1377772287145
lastId: 1378946644883
lastId: 1380207182276
lastId: 1381643210950
lastId: 1383038655706
lastId: 1383968869282
lastId: 1384753220983
lastId: 1385719995596
lastId: 1386671637317
lastId: 1387773665894
lastId: 1388914006127
lastId: 1389929609117
lastId: 1390961159126
lastId: 1392456544369
lastId: 1393501354870
lastId: 1394685412117
lastId: 1395906218416
lastId: 1396941542547
lastId: 1398064706363
lastId: 1399203916119
lastId: 1400147790298
lastId: 1401081768458
lastId: 1402022288610
lastId: 1402778006881
lastId: 1403666327404
lastId: 1404339998619
lastId: 1405048209334
lastId: 1405934900702
lastId: 1406607017316
lastId: 1407316166623
lastId: 1407647327873
lastId: 1408340153817
lastId: 1408849545387
lastId: 1409460054442
lastId: 1410317970441
lastId: 1410930815633
lastId: 1411553065715
lastId: 1412218782297
lastId: 1413003252621
lastId: 1413627225444
lastId: 1414462788210
lastId: 1415248867863
lastId: 1416013302739
lastId: 1416647945476
lastId: 1417421462378
lastId: 1418087128807
lastId: 1418791937477
lastId: 1419538412196
lastId: 1420448129777
lastId: 1421126792178
lastId: 1421664415402
lastId: 1422263318903
lastId: 1422960159395
lastId: 1423637529139
lastId: 1424852419480
lastId: 1425640422768
lastId: 1426652099882
lastId: 1427603942645
lastId: 1428414604228
lastId: 1429241334903
lastId: 1430195422594
lastId: 1431054882519
lastId: 1431754070657
lastId: 1432528629793
lastId: 1433216107806
lastId: 1433848771249
lastId: 1434521026406
lastId: 1435196725833
lastId: 1436075972620
lastId: 1436867535312
lastId: 1437666877114
lastId: 1438437863609
lastId: 1438926476136
lastId: 1439457830681
lastId: 1440120156622
lastId: 1440763461905
lastId: 1441543965755
lastId: 1442287206910
lastId: 1442998485829
lastId: 1444045204552
lastId: 1444999144617
lastId: 1446095624773
lastId: 1446883893885
lastId: 1447477731476
lastId: 1448183811234
lastId: 1448784714168
lastId: 1449372763184
lastId: 1450086744655
lastId: 1450844290256
lastId: 1451823862733
lastId: 1452651794761
lastId: 1453427146101
lastId: 1454335777843
lastId: 1455454315351
lastId: 1456296737975
lastId: 1457146050314
lastId: 1457931234805
lastId: 1458711687255
lastId: 1459507079947
lastId: 1460463407186
lastId: 1461227284155
lastId: 1461907710879
lastId: 1462778071478
lastId: 1463552526615
lastId: 1464341890783
lastId: 1465265552245
lastId: 1466052403523
lastId: 1466824343216
lastId: 1467690170391
lastId: 1468393729302
lastId: 1469119587581
lastId: 1469852096633
lastId: 1470223865979
lastId: 1470887136745
lastId: 1471658408180
lastId: 1472438865720
lastId: 1473304841322
lastId: 1474263856604
lastId: 1475163777619
lastId: 1476245156127
lastId: 1477294209376
lastId: 1478407215189
lastId: 1479527604801
lastId: 1480660999473
lastId: 1481950008934
lastId: 1483248268423
lastId: 1484800841922
lastId: 1486438327452
lastId: 1487733985908
lastId: 1488855782189
lastId: 1489982915594
lastId: 1491018805151
lastId: 1492480957621
lastId: 1493725083393
lastId: 1495003880791
lastId: 1496922534327
lastId: 1498700578689
lastId: 1500261132856
lastId: 1501789707512
lastId: 1503389099150
lastId: 1505047086894
lastId: 1507607659578
lastId: 1512011116229
lastId: 1517884615617
lastId: 1527599161450
