Array
(
    [id] => 140774844416
    [content] => 黄继光表示我才是挡枪的好不好？
    [domain] => wot.duowan.com
    [keywords] => 黄继光
)

Array
(
    [id] => 146121388461
    [content] => 邱少云眼车可以换装石棉网,不会变烤红薯.
    [domain] => wot.duowan.com
    [keywords] => 邱少云
)

Array
(
    [id] => 1354541363145
    [content] => 向雷锋同志学习
    [domain] => wot.duowan.com
    [keywords] => 雷锋
)

Array
(
    [id] => 1355243445537
    [content] => 为了贪一个勇士变烈士的例子我见过太多太多
    [domain] => wot.duowan.com
    [keywords] => 烈士
)

Array
(
    [id] => 1356517361439
    [content] => 野队经常是优势路打蹦了烈士路扛不住
    [domain] => wot.duowan.com
    [keywords] => 烈士
)

Array
(
    [id] => 1356677952386
    [content] => 给对面配合奖章，对面有权利得到一枚雷锋奖章啊
    [domain] => wot.duowan.com
    [keywords] => 雷锋
)

Array
(
    [id] => 1356704367187
    [content] => 马帝尔达用白板炮，实在是杀人越货的好车，但升级的炮就渣了
    [domain] => wot.duowan.com
    [keywords] => 杀人
)

Array
(
    [id] => 1356882855682
    [content] => 说国内歌不给力的？ WOT背景音乐里最燃的是黄河大合唱
    [domain] => wot.duowan.com
    [keywords] => 黄河大合唱
)

Array
(
    [id] => 1358096704255
    [content] => 强烈要求《坦克世界》版黄河大合唱遵从原著，当今版本霸气是在不
    [domain] => wot.duowan.com
    [keywords] => 黄河大合唱
)

Array
(
    [id] => 1358499606261
    [content] => 这难道就是狼牙山五壮士的真相么!!!!!!!
    [domain] => wot.duowan.com
    [keywords] => 狼牙山五壮士
)

Array
(
    [id] => 1359631651803
    [content] => 想革命前辈致敬,你爷爷参加过实战没有？
    [domain] => wot.duowan.com
    [keywords] => 革命
)

Array
(
    [id] => 1359634769627
    [content] => 北区MT最近做的一个胜利之门的视频里也有尸体杀人
    [domain] => wot.duowan.com
    [keywords] => 杀人
)

Array
(
    [id] => 1359647179497
    [content] => 尿座这所谓的什么幽灵车杀人就是您老少见多怪了
    [domain] => wot.duowan.com
    [keywords] => 杀人
)

Array
(
    [id] => 1360589559733
    [content] => 像革命老战士表示真诚的致敬、全体都有敬礼~!!!!!!!!!
    [domain] => wot.duowan.com
    [keywords] => 革命
)

Array
(
    [id] => 1361424995379
    [content] => 老一本无产阶级坦克革命家致敬!
    [domain] => wot.duowan.com
    [keywords] => 革命
)

Array
(
    [id] => 1361696189221
    [content] => 工作,游戏都是其次,身体健康才是革命的本钱~粑粑,加油.
    [domain] => wot.duowan.com
    [keywords] => 革命
)

Array
(
    [id] => 1362542081392
    [content] => 顶的好视频!!!国产抗日的电影导演真应向你们学习
    [domain] => wot.duowan.com
    [keywords] => 抗日
)

Array
(
    [id] => 1363589741229
    [content] => 看看抗日历史剧,你就理解毛子了
    [domain] => wot.duowan.com
    [keywords] => 抗日
)

Array
(
    [id] => 1364011968697
    [content] => 金币弹...杀人越货、居家旅行必备良品.
    [domain] => wot.duowan.com
    [keywords] => 杀人
)

Array
(
    [id] => 1366201024780
    [content] => WZ要是能退货的话,二雷同志绝对是雷锋.
    [domain] => wot.duowan.com
    [keywords] => 雷锋
)

Array
(
    [id] => 1366344198123
    [content] => 火炮革命了
    [domain] => wot.duowan.com
    [keywords] => 革命
)

Array
(
    [id] => 1366537578302
    [content] => 59 S B  时代将结束 群 S  B 革命将代替
    [domain] => wot.duowan.com
    [keywords] => 革命
)

Array
(
    [id] => 1367985752952
    [content] => 邱少云挡枪眼,黄继光泪奔
    [domain] => wot.duowan.com
    [keywords] => 邱少云,黄继光
)

Array
(
    [id] => 1368347081409
    [content] => 其实标题击杀不亮灯是说杀人打炮时没亮
    [domain] => wot.duowan.com
    [keywords] => 杀人
)

Array
(
    [id] => 1369144508659
    [content] => 能趴在火里一动不动的,除了邱少云,就是你了
    [domain] => wot.duowan.com
    [keywords] => 邱少云
)

Array
(
    [id] => 1371196665822
    [content] => 靠看到MG42了,杀人利器啊!
    [domain] => wot.duowan.com
    [keywords] => 杀人
)

Array
(
    [id] => 1371570566110
    [content] => 白兔 菊花 杀人....
    [domain] => wot.duowan.com
    [keywords] => 杀人
)

Array
(
    [id] => 1371729567914
    [content] => 100突菊花杀人...............!!!
    [domain] => wot.duowan.com
    [keywords] => 杀人
)

Array
(
    [id] => 1371998753572
    [content] => 哈哈雷锋好
    [domain] => wot.duowan.com
    [keywords] => 雷锋
)

Array
(
    [id] => 1373269303656
    [content] => 刘胡兰也是SB  她不会做风险评估
    [domain] => wot.duowan.com
    [keywords] => 刘胡兰
)

Array
(
    [id] => 1374052362523
    [content] => 话说这些个挡炮线的2B就是贱,麻痹都是义务黄继光
    [domain] => wot.duowan.com
    [keywords] => 黄继光
)

Array
(
    [id] => 1374903942821
    [content] => 那都是高端玩家去研究的,在野队里我只凭自己的本事杀人
    [domain] => wot.duowan.com
    [keywords] => 杀人
)

Array
(
    [id] => 1375500491945
    [content] => 挂机党革命委员会
    [domain] => wot.duowan.com
    [keywords] => 革命
)

Array
(
    [id] => 1375711526405
    [content] => 我是来看183秒杀人的
    [domain] => wot.duowan.com
    [keywords] => 杀人
)

Array
(
    [id] => 1375960245767
    [content] => 有了白求恩,妈妈再也不用担心我的车组成员阵亡了
    [domain] => wot.duowan.com
    [keywords] => 白求恩
)

Array
(
    [id] => 1376932309271
    [content] => 重坦就是烈士这句话同意
    [domain] => wot.duowan.com
    [keywords] => 烈士
)

Array
(
    [id] => 1376997124451
    [content] => 我是雷锋  瞄准插件链接                ht
    [domain] => wot.duowan.com
    [keywords] => 雷锋
)

Array
(
    [id] => 1378510332251
    [content] => 残忍的杀人越货啊....
    [domain] => wot.duowan.com
    [keywords] => 杀人
)

Array
(
    [id] => 1379212665340
    [content] => 每一个鼠爷都有一颗董存瑞的心
    [domain] => wot.duowan.com
    [keywords] => 董存瑞
)

Array
(
    [id] => 1379648047986
    [content] => 就各应这种口活好的,汪精卫当年也喊抗日.
    [domain] => wot.duowan.com
    [keywords] => 抗日
)

Array
(
    [id] => 1379679287559
    [content] => 苏联在抗日期间也屠杀中国人超过几十万 你们怎么不TK啊
    [domain] => wot.duowan.com
    [keywords] => 抗日
)

Array
(
    [id] => 1379733096407
    [content] => 董存瑞：“连长你黑我,2面都有胶~!!!”
    [domain] => wot.duowan.com
    [keywords] => 董存瑞
)

Array
(
    [id] => 1379751664793
    [content] => 菊花杀人神功
    [domain] => wot.duowan.com
    [keywords] => 杀人
)

Array
(
    [id] => 1379828510571
    [content] => 画质革命?能不能来个优化革命啊?
    [domain] => wot.duowan.com
    [keywords] => 革命
)

Array
(
    [id] => 1380033374553
    [content] => 何为理性 咱们大中华多少先烈是倒在这丑车底下的
    [domain] => wot.duowan.com
    [keywords] => 先烈
)

Array
(
    [id] => 1380863218294
    [content] => 小日本来啦!玩坦克也能抗日喽!
    [domain] => wot.duowan.com
    [keywords] => 抗日
)

Array
(
    [id] => 1381066567928
    [content] => 这尼玛就是抗日神剧的节奏
    [domain] => wot.duowan.com
    [keywords] => 抗日
)

Array
(
    [id] => 1381378528193
    [content] => 显卡革命好评!/斜眼
    [domain] => wot.duowan.com
    [keywords] => 革命
)

Array
(
    [id] => 1381401356861
    [content] => 9.0将迎来显卡革命
    [domain] => wot.duowan.com
    [keywords] => 革命
)

Array
(
    [id] => 1381534144390
    [content] => 爱国少谈素质,革命先烈都没素质就是杀,对于小本子就是杀
    [domain] => wot.duowan.com
    [keywords] => 革命,先烈
)

Array
(
    [id] => 1382348542548
    [content] => 抗日剧？这是预示着日系的悲剧么
    [domain] => wot.duowan.com
    [keywords] => 抗日
)

Array
(
    [id] => 1382449489277
    [content] => 抗日神剧登陆坦克世界了...铁柱、廖天生、杜大鹏、宋无娇呢？
    [domain] => wot.duowan.com
    [keywords] => 抗日
)

Array
(
    [id] => 1382501607293
    [content] => P是人T是团队 TK是团队杀人 PK是对抗杀人
    [domain] => wot.duowan.com
    [keywords] => 杀人
)

Array
(
    [id] => 1382708408710
    [content] => 说明天朝的抗日剧还是比较写实的.小鬼子就长的这b样..
    [domain] => wot.duowan.com
    [keywords] => 抗日
)

Array
(
    [id] => 1382794607206
    [content] => 平心论  写抗日剧的大大都是爱(hui)国人士
    [domain] => wot.duowan.com
    [keywords] => 抗日
)

Array
(
    [id] => 1384053390330
    [content] => T-28杀人啦!!!
    [domain] => wot.duowan.com
    [keywords] => 杀人
)

Array
(
    [id] => 1384785861896
    [content] => 这声音让我想杀人啊
    [domain] => wot.duowan.com
    [keywords] => 杀人
)

Array
(
    [id] => 1385522935206
    [content] => 不知道鬼子车出来二雷怎么宣传,取名抗日？
    [domain] => wot.duowan.com
    [keywords] => 抗日
)

Array
(
    [id] => 1386657678580
    [content] => 哇擦列,夭寿啦,熊孩子杀人啦!
    [domain] => wot.duowan.com
    [keywords] => 杀人
)

Array
(
    [id] => 1386841539328
    [content] => 图5是雷锋同志
    [domain] => wot.duowan.com
    [keywords] => 雷锋
)

Array
(
    [id] => 1386903146234
    [content] => 5图惊险雷锋!!!!!!!!!!
    [domain] => wot.duowan.com
    [keywords] => 雷锋
)

Array
(
    [id] => 1387508241123
    [content] => 抗日不是更好?
    [domain] => wot.duowan.com
    [keywords] => 抗日
)

Array
(
    [id] => 1387537553287
    [content] => 有几率TK发誓不玩 不然对不起抗日将士
    [domain] => wot.duowan.com
    [keywords] => 抗日
)

Array
(
    [id] => 1388125714625
    [content] => 借刀杀人啊 遇到拐角推出去 关键时候段履带 何必TK
    [domain] => wot.duowan.com
    [keywords] => 杀人
)

Array
(
    [id] => 1388723364976
    [content] => 这是我屠幼的车!自己进八级房就冲吧!人挡杀人!佛挡杀佛!
    [domain] => wot.duowan.com
    [keywords] => 杀人
)

Array
(
    [id] => 1389075857135
    [content] => 八宝山革命公墓的人都用过三八大盖你把他们拔出来再杀1次
    [domain] => wot.duowan.com
    [keywords] => 革命
)

Array
(
    [id] => 1389422900378
    [content] => 哎呀不得了啦,我大天朝113杀人啊
    [domain] => wot.duowan.com
    [keywords] => 杀人
)

Array
(
    [id] => 1389610538324
    [content] => 谁看到了我们LT的比例了 雷锋都给别人学走了
    [domain] => wot.duowan.com
    [keywords] => 雷锋
)

Array
(
    [id] => 1390633773648
    [content] => 看来白云给3炮堵枪眼了,可怜的d系.
    [domain] => wot.duowan.com
    [keywords] => 堵枪眼
)

Array
(
    [id] => 1390735592971
    [content] => 革命机BGM？
    [domain] => wot.duowan.com
    [keywords] => 革命
)

Array
(
    [id] => 1391264306718
    [content] => 背景音乐是  勇士之歌,不用谢我,我是雷锋
    [domain] => wot.duowan.com
    [keywords] => 雷锋
)

Array
(
    [id] => 1391318534517
    [content] => 阿芙乐尔号.....十月革命号..........
    [domain] => wot.duowan.com
    [keywords] => 革命
)

Array
(
    [id] => 1391407125878
    [content] => 考虑用炮塔杀人
    [domain] => wot.duowan.com
    [keywords] => 杀人
)

Array
(
    [id] => 1391431427808
    [content] => 中国没法对抗日本...不全只是个借口
    [domain] => wot.duowan.com
    [keywords] => 抗日
)

Array
(
    [id] => 1393214452114
    [content] => 尸体杀人
    [domain] => wot.duowan.com
    [keywords] => 杀人
)

Array
(
    [id] => 1394538321603
    [content] => 刘胡兰是被国民党杀掉的...
    [domain] => wot.duowan.com
    [keywords] => 刘胡兰
)

Array
(
    [id] => 1394549432954
    [content] => 刘胡兰是解放战争死的
    [domain] => wot.duowan.com
    [keywords] => 刘胡兰
)

Array
(
    [id] => 1394798256128
    [content] => 大哥,刘胡兰不是抗 日 遭的,而是白色时期被国民党杀害的!
    [domain] => wot.duowan.com
    [keywords] => 刘胡兰
)

Array
(
    [id] => 1395552318554
    [content] => 革命机的OP很好听的 莫黑
    [domain] => wot.duowan.com
    [keywords] => 革命
)

Array
(
    [id] => 1395577011540
    [content] => 这是要革命的节奏竟然用革命机的op
    [domain] => wot.duowan.com
    [keywords] => 革命
)

Array
(
    [id] => 1395919619310
    [content] => 6个深坑,这是来玩游戏还是学雷锋的？
    [domain] => wot.duowan.com
    [keywords] => 雷锋
)

Array
(
    [id] => 1397034593914
    [content] => 向雷锋同志学习
    [domain] => wot.duowan.com
    [keywords] => 雷锋
)

Array
(
    [id] => 1397034722495
    [content] => 向雷锋同志学习!
    [domain] => wot.duowan.com
    [keywords] => 雷锋
)

Array
(
    [id] => 1398506837250
    [content] => 哇,炮塔杀人拉~
    [domain] => wot.duowan.com
    [keywords] => 杀人
)

Array
(
    [id] => 1398512564734
    [content] => 夭寿啦,炮塔杀人啦~!!!
    [domain] => wot.duowan.com
    [keywords] => 杀人
)

Array
(
    [id] => 1398557719109
    [content] => 简直就是抗日神剧啊,追猎没炮弹么？还看着T-50在那傻笑
    [domain] => wot.duowan.com
    [keywords] => 抗日
)

Array
(
    [id] => 1398584523226
    [content] => 抗日神剧
    [domain] => wot.duowan.com
    [keywords] => 抗日
)

Array
(
    [id] => 1401081522423
    [content] => 我大FV304才是火炮的革命~
    [domain] => wot.duowan.com
    [keywords] => 革命
)

Array
(
    [id] => 1403282816464
    [content] => 我知道你们想要最后的BGM的JUJU - 桜雨 请叫我雷锋不
    [domain] => wot.duowan.com
    [keywords] => 雷锋
)

Array
(
    [id] => 1403835109485
    [content] => 雪白夜才是真正专业的雷锋
    [domain] => wot.duowan.com
    [keywords] => 雷锋
)

Array
(
    [id] => 1405426893165
    [content] => 对面90027老郭亮了....
    [domain] => wot.duowan.com
    [keywords] => 郭亮
)

Array
(
    [id] => 1406086474243
    [content] => 杀人ji!!!!!!!!!!!!
    [domain] => wot.duowan.com
    [keywords] => 杀人
)

Array
(
    [id] => 1406087247905
    [content] => 抗日神剧的情节,好熟系啊.
    [domain] => wot.duowan.com
    [keywords] => 抗日
)

Array
(
    [id] => 1407763811415
    [content] => 黄继光是虚构的不谢
    [domain] => wot.duowan.com
    [keywords] => 黄继光
)

Array
(
    [id] => 1407766529588
    [content] => 39s正片 我是雷锋 不谢
    [domain] => wot.duowan.com
    [keywords] => 雷锋
)

Array
(
    [id] => 1408531768958
    [content] => 背景音乐是德军的我们进军英格兰.我是雷锋
    [domain] => wot.duowan.com
    [keywords] => 雷锋
)

Array
(
    [id] => 1408625886225
    [content] => T1机枪杀人狂
    [domain] => wot.duowan.com
    [keywords] => 杀人
)

Array
(
    [id] => 1408762119629
    [content] => 总比抗日YY神剧强
    [domain] => wot.duowan.com
    [keywords] => 抗日
)

Array
(
    [id] => 1409005596155
    [content] => 顺风放屁雷震天
    [domain] => wot.duowan.com
    [keywords] => 雷震
)

Array
(
    [id] => 1410168153602
    [content] => 尽整些没用的,我们需要用履带杀人吗!
    [domain] => wot.duowan.com
    [keywords] => 杀人
)

Array
(
    [id] => 1410313848630
    [content] => 抗日英魂永不灭!
    [domain] => wot.duowan.com
    [keywords] => 抗日
)

Array
(
    [id] => 1410620332309
    [content] => 夭寿啦!!!KV5咪咪杀人啦!!!
    [domain] => wot.duowan.com
    [keywords] => 杀人
)

Array
(
    [id] => 1410752018306
    [content] => 游戏里不会加入步兵,天朝的董存瑞哭了
    [domain] => wot.duowan.com
    [keywords] => 董存瑞
)

Array
(
    [id] => 1410923457579
    [content] => 老郭亮了!!!!
    [domain] => wot.duowan.com
    [keywords] => 郭亮
)

Array
(
    [id] => 1411191950373
    [content] => 常杀人....
    [domain] => wot.duowan.com
    [keywords] => 杀人
)

Array
(
    [id] => 1412054002506
    [content] => 火凤就是个美分汉奸反革命
    [domain] => wot.duowan.com
    [keywords] => 革命
)

Array
(
    [id] => 1412587394347
    [content] => 看我113炮管杀人
    [domain] => wot.duowan.com
    [keywords] => 杀人
)

Array
(
    [id] => 1413192553543
    [content] => 这个作者肯定是美分日杂反革命 愤怒
    [domain] => wot.duowan.com
    [keywords] => 革命
)

Array
(
    [id] => 1413615604343
    [content] => 1分52秒 我好想看到什么东西 我是雷锋
    [domain] => wot.duowan.com
    [keywords] => 雷锋
)

Array
(
    [id] => 1414489922110
    [content] => BGM名字：苏维埃进行曲.我叫雷锋~~
    [domain] => wot.duowan.com
    [keywords] => 雷锋
)

Array
(
    [id] => 1414643752367
    [content] => 中二杀神不是大鼻子若风么=.=
    [domain] => wot.duowan.com
    [keywords] => 杀神
)

Array
(
    [id] => 1414749337201
    [content] => 美分日杂反革命啊,这名字
    [domain] => wot.duowan.com
    [keywords] => 革命
)

Array
(
    [id] => 1415078767782
    [content] => 砸烂美分日杂反革命的狗头毫不留情
    [domain] => wot.duowan.com
    [keywords] => 革命
)

Array
(
    [id] => 1416899442540
    [content] => 电视局都这样,天朝抗日片里手撕鬼子有木有
    [domain] => wot.duowan.com
    [keywords] => 抗日
)

Array
(
    [id] => 1416901495693
    [content] => 抗德神剧和抗日神剧一个效果
    [domain] => wot.duowan.com
    [keywords] => 抗日
)

Array
(
    [id] => 1416909056799
    [content] => 88高炮来杀人了!我们需要152!
    [domain] => wot.duowan.com
    [keywords] => 杀人
)

Array
(
    [id] => 1417095732158
    [content] => 那是毛子二次革命的功勋号
    [domain] => wot.duowan.com
    [keywords] => 革命
)

Array
(
    [id] => 1417509263545
    [content] => 国产抗日神剧不过是与国际接轨而已
    [domain] => wot.duowan.com
    [keywords] => 抗日
)

Array
(
    [id] => 1417514056841
    [content] => 抗议美剧抄袭国产抗日剧!提出严正交涉!
    [domain] => wot.duowan.com
    [keywords] => 抗日
)

Array
(
    [id] => 1418185538831
    [content] => 最后一个炮膛杀人啊,我擦咧
    [domain] => wot.duowan.com
    [keywords] => 杀人
)

Array
(
    [id] => 1418192908226
    [content] => 那种露天火炮都会菊花杀人
    [domain] => wot.duowan.com
    [keywords] => 杀人
)

Array
(
    [id] => 1418561084442
    [content] => 妈蛋我既然看见KV2杀人了
    [domain] => wot.duowan.com
    [keywords] => 杀人
)

Array
(
    [id] => 1418889311263
    [content] => 万劫不复的奴才 鲁迅
    [domain] => wot.duowan.com
    [keywords] => 鲁迅
)

Array
(
    [id] => 1418898833903
    [content] => 不要说鲁迅小时候我们都被骗了鲁迅大资本家
    [domain] => wot.duowan.com
    [keywords] => 鲁迅
)

Array
(
    [id] => 1419050945899
    [content] => 德系一级就是三环,不谢,我叫雷锋.
    [domain] => wot.duowan.com
    [keywords] => 雷锋
)

Array
(
    [id] => 1420012976482
    [content] => 俄国陆军技术革命...
    [domain] => wot.duowan.com
    [keywords] => 革命
)

Array
(
    [id] => 1420446759776
    [content] => 跳蛋杀人啦~~~!!
    [domain] => wot.duowan.com
    [keywords] => 杀人
)

Array
(
    [id] => 1421137576172
    [content] => 我对LZ对当今的抗日烂剧双手赞同
    [domain] => wot.duowan.com
    [keywords] => 抗日
)

Array
(
    [id] => 1421160828405
    [content] => 求神抗日剧片名...
    [domain] => wot.duowan.com
    [keywords] => 抗日
)

Array
(
    [id] => 1421206884210
    [content] => 抗日神剧编导的饭里拌了shi
    [domain] => wot.duowan.com
    [keywords] => 抗日
)

Array
(
    [id] => 1423813532796
    [content] => 勺子杀人魔
    [domain] => wot.duowan.com
    [keywords] => 杀人
)

Array
(
    [id] => 1423903910112
    [content] => 真的功臣号在中国人民革命军事博物馆
    [domain] => wot.duowan.com
    [keywords] => 革命
)

Array
(
    [id] => 1424187346383
    [content] => BGM It&#039;s My Life我叫雷锋
    [domain] => wot.duowan.com
    [keywords] => 雷锋
)

Array
(
    [id] => 1424741876770
    [content] => 请问我开t14在5级房里横着杀人算涂油吗
    [domain] => wot.duowan.com
    [keywords] => 杀人
)

Array
(
    [id] => 1424748488164
    [content] => ADsfae能去广告 我叫雷锋
    [domain] => wot.duowan.com
    [keywords] => 雷锋
)

Array
(
    [id] => 1424769120808
    [content] => 杀人了42
    [domain] => wot.duowan.com
    [keywords] => 杀人
)

Array
(
    [id] => 1424778063669
    [content] => 女司机果然是佛挡杀佛、人挡杀人啊
    [domain] => wot.duowan.com
    [keywords] => 杀人
)

Array
(
    [id] => 1425048032399
    [content] => ADSAFE,净网大师,我是雷锋!
    [domain] => wot.duowan.com
    [keywords] => 雷锋
)

Array
(
    [id] => 1425201559507
    [content] => ADsafe能过滤广告 我是雷锋
    [domain] => wot.duowan.com
    [keywords] => 雷锋
)

Array
(
    [id] => 1425794465907
    [content] => 革命性的一个改变
    [domain] => wot.duowan.com
    [keywords] => 革命
)

Array
(
    [id] => 1425901236304
    [content] => 哪个抗日片不是这样的？
    [domain] => wot.duowan.com
    [keywords] => 抗日
)

Array
(
    [id] => 1427447234412
    [content] => 我有雷锋帽35块
    [domain] => wot.duowan.com
    [keywords] => 雷锋
)

Array
(
    [id] => 1427972065240
    [content] => 又该抗日了!
    [domain] => wot.duowan.com
    [keywords] => 抗日
)

Array
(
    [id] => 1428487462954
    [content] => 天朝应该叫宇宙真理号,人挡杀人,佛挡杀佛
    [domain] => wot.duowan.com
    [keywords] => 杀人
)

Array
(
    [id] => 1428677411149
    [content] => 不用谢我我叫雷锋
    [domain] => wot.duowan.com
    [keywords] => 雷锋
)

Array
(
    [id] => 1428825109307
    [content] => 真抗日!
    [domain] => wot.duowan.com
    [keywords] => 抗日
)

Array
(
    [id] => 1428933128534
    [content] => 功臣号是抗日功臣还是内战功臣？逗比
    [domain] => wot.duowan.com
    [keywords] => 抗日
)

Array
(
    [id] => 1429162053298
    [content] => 亲~断人财路如杀人双亲啊
    [domain] => wot.duowan.com
    [keywords] => 杀人
)

Array
(
    [id] => 1429244529404
    [content] => 跳弹杀人记...
    [domain] => wot.duowan.com
    [keywords] => 杀人
)

Array
(
    [id] => 1431130955277
    [content] => 发发杀人的查比炮.
    [domain] => wot.duowan.com
    [keywords] => 杀人
)

Array
(
    [id] => 1431351225502
    [content] => 二战时期毛军队叫国民革命军第八路军
    [domain] => wot.duowan.com
    [keywords] => 革命
)

Array
(
    [id] => 1432554433710
    [content] => BGM-LOS 我是雷锋不谢
    [domain] => wot.duowan.com
    [keywords] => 雷锋
)

Array
(
    [id] => 1432695594401
    [content] => 今天装甲战争开测不谢,我是雷锋
    [domain] => wot.duowan.com
    [keywords] => 雷锋
)

Array
(
    [id] => 1433470246178
    [content] => 这个模式玩起来更想杀人
    [domain] => wot.duowan.com
    [keywords] => 杀人
)

Array
(
    [id] => 1434544560390
    [content] => 狼牙山五壮士
    [domain] => wot.duowan.com
    [keywords] => 狼牙山五壮士
)

Array
(
    [id] => 1435156197786
    [content] => 又见跳弹杀人术
    [domain] => wot.duowan.com
    [keywords] => 杀人
)

Array
(
    [id] => 1435504512245
    [content] => 4杀就杀人如麻 也是醉了=3=
    [domain] => wot.duowan.com
    [keywords] => 杀人
)

Array
(
    [id] => 1436777358245
    [content] => 做雷锋挡炮线!!
    [domain] => wot.duowan.com
    [keywords] => 雷锋
)

Array
(
    [id] => 1437625616218
    [content] => 又让我有了抗日的激情
    [domain] => wot.duowan.com
    [keywords] => 抗日
)

Array
(
    [id] => 1438785277402
    [content] => 国民革命军新编第四路军和第八路军
    [domain] => wot.duowan.com
    [keywords] => 革命
)

Array
(
    [id] => 1438922393478
    [content] => 今天的跳弹杀人有点多
    [domain] => wot.duowan.com
    [keywords] => 杀人
)

Array
(
    [id] => 1440833220701
    [content] => 抗日战争暨世界反法西斯战争胜利70周年.
    [domain] => wot.duowan.com
    [keywords] => 抗日
)

Array
(
    [id] => 1445348174603
    [content] => ADsafe我叫雷锋
    [domain] => wot.duowan.com
    [keywords] => 雷锋
)

Array
(
    [id] => 1445571738102
    [content] => 僵尸杀人事件
    [domain] => wot.duowan.com
    [keywords] => 杀人
)

Array
(
    [id] => 1446293459625
    [content] => KR=抗日
    [domain] => wot.duowan.com
    [keywords] => 抗日
)

Array
(
    [id] => 1450149423112
    [content] => 封面妹子叫高彩琪——雷锋
    [domain] => wot.duowan.com
    [keywords] => 雷锋
)

Array
(
    [id] => 1450161888927
    [content] => 勺子杀人魔
    [domain] => wot.duowan.com
    [keywords] => 杀人
)

Array
(
    [id] => 1453101897835
    [content] => 邱少云眼车即将登场
    [domain] => wot.duowan.com
    [keywords] => 邱少云
)

Array
(
    [id] => 1454333254801
    [content] => 铁道游击队系列
    [domain] => wot.duowan.com
    [keywords] => 铁道游击队
)

Array
(
    [id] => 1458637731308
    [content] => 鲁迅说过中国人任何事情都联系到 艹  B
    [domain] => wot.duowan.com
    [keywords] => 鲁迅
)

Array
(
    [id] => 1458882028184
    [content] => 以后跳蛋杀人是高手必备技能
    [domain] => wot.duowan.com
    [keywords] => 杀人
)

Array
(
    [id] => 1463972622238
    [content] => 元芳,连你也叛变了革命？这让本府情何以堪
    [domain] => wot.duowan.com
    [keywords] => 革命
)

Array
(
    [id] => 1464350666774
    [content] => 抗日英雄王二雷,上阵只用屎59
    [domain] => wot.duowan.com
    [keywords] => 抗日
)

Array
(
    [id] => 1465484492527
    [content] => 我的火炮终于可以随时秒杀人了
    [domain] => wot.duowan.com
    [keywords] => 杀人
)

Array
(
    [id] => 1467519693771
    [content] => 猎虎用履带  杀人了!!!!!
    [domain] => wot.duowan.com
    [keywords] => 杀人
)

Array
(
    [id] => 1468571670725
    [content] => 老翼扶励,志在千里.烈士暮年,壮心不已.
    [domain] => wot.duowan.com
    [keywords] => 烈士
)

Array
(
    [id] => 1468631984612
    [content] => 欠债还钱,杀人偿命
    [domain] => wot.duowan.com
    [keywords] => 杀人
)

Array
(
    [id] => 1468738672966
    [content] => 习惯玩轻坦的开它,如同杀神一般
    [domain] => wot.duowan.com
    [keywords] => 杀神
)

Array
(
    [id] => 1470888840576
    [content] => 开头BGM一笑懸命,吾乃雷锋不谢
    [domain] => wot.duowan.com
    [keywords] => 雷锋
)

Array
(
    [id] => 1474813963900
    [content] => 我的天白求恩同志也有1300效率啊
    [domain] => wot.duowan.com
    [keywords] => 白求恩
)

Array
(
    [id] => 1476106583758
    [content] => 庆幸抗日没出120吨
    [domain] => wot.duowan.com
    [keywords] => 抗日
)

Array
(
    [id] => 1476861982223
    [content] => 学雷锋(受虐狂)专用车
    [domain] => wot.duowan.com
    [keywords] => 雷锋
)

Array
(
    [id] => 1476954772282
    [content] => 楼主真是活雷锋
    [domain] => wot.duowan.com
    [keywords] => 雷锋
)

Array
(
    [id] => 1476963387375
    [content] => 空中网埋坑,作者活雷锋
    [domain] => wot.duowan.com
    [keywords] => 雷锋
)

Array
(
    [id] => 1479111662833
    [content] => 国民军精锐都在抗日
    [domain] => wot.duowan.com
    [keywords] => 抗日
)

Array
(
    [id] => 1479150744644
    [content] => 胜率不到5%的在抗日,某些人在西北炕日
    [domain] => wot.duowan.com
    [keywords] => 抗日
)

Array
(
    [id] => 1479176574777
    [content] => 先烈不应该成为一个民族嘲笑的对象
    [domain] => wot.duowan.com
    [keywords] => 先烈
)

Array
(
    [id] => 1486353368909
    [content] => 杀人最多我只服小日本
    [domain] => wot.duowan.com
    [keywords] => 杀人
)

Array
(
    [id] => 1487327085426
    [content] => 猛的一看标题还以为是“雷锋精神”
    [domain] => wot.duowan.com
    [keywords] => 雷锋
)

Array
(
    [id] => 1487940098372
    [content] => 纯抗日策略演示
    [domain] => wot.duowan.com
    [keywords] => 抗日
)

Array
(
    [id] => 1489748040451
    [content] => 没想到你浓眉大眼的KV2也叛变革命了
    [domain] => wot.duowan.com
    [keywords] => 革命
)

Array
(
    [id] => 1491623417323
    [content] => 人送绰号杀人王~
    [domain] => wot.duowan.com
    [keywords] => 杀人
)

Array
(
    [id] => 1491711065293
    [content] => 合肥和天津的鲁迅水军呢？
    [domain] => wot.duowan.com
    [keywords] => 鲁迅
)

Array
(
    [id] => 1491725739561
    [content] => 杀人不过头点地都道歉了在说没意思
    [domain] => wot.duowan.com
    [keywords] => 杀人
)

Array
(
    [id] => 1491795435944
    [content] => 平原烈士2333
    [domain] => wot.duowan.com
    [keywords] => 烈士
)

Array
(
    [id] => 1491826928767
    [content] => 平原烈士666 999
    [domain] => wot.duowan.com
    [keywords] => 烈士
)

Array
(
    [id] => 1493300428281
    [content] => 革命性火炮系统哈哈哈哈
    [domain] => wot.duowan.com
    [keywords] => 革命
)

Array
(
    [id] => 1494293503956
    [content] => 雷分？雷锋？念的清楚吗
    [domain] => wot.duowan.com
    [keywords] => 雷锋
)

Array
(
    [id] => 1496311280663
    [content] => 咋不加强113 121？还怎么抗日
    [domain] => wot.duowan.com
    [keywords] => 抗日
)

Array
(
    [id] => 1496314862630
    [content] => 既然抗日日系也该打折才对
    [domain] => wot.duowan.com
    [keywords] => 抗日
)

Array
(
    [id] => 1497773259929
    [content] => 评论区这风向不对啊,鲁迅快来
    [domain] => wot.duowan.com
    [keywords] => 鲁迅
)

Array
(
    [id] => 1500261107317
    [content] => 十公里？呵呵哒,你当抗日狙击手呢
    [domain] => wot.duowan.com
    [keywords] => 抗日
)

Array
(
    [id] => 1502529251857
    [content] => 口齿不清犹如钝刀杀人
    [domain] => wot.duowan.com
    [keywords] => 杀人
)

Array
(
    [id] => 1505370944921
    [content] => 名人堂,烈士墙
    [domain] => wot.duowan.com
    [keywords] => 烈士
)

Array
(
    [id] => 1519031725280
    [content] => 呼叫鲁迅!
    [domain] => wot.duowan.com
    [keywords] => 鲁迅
)

Array
(
    [id] => 1519251569693
    [content] => 服务器不想让你杀人了这是在准也没用
    [domain] => wot.duowan.com
    [keywords] => 杀人
)

