Array
(
    [id] => 1460464278267
    [content] => VR看新闻联播和抗日剧
    [domain] => www.duowan.com
    [keywords] => 抗日
)

Array
(
    [id] => 1463563758656
    [content] => 玩家们,是时候为游戏而革命了!
    [domain] => www.duowan.com
    [keywords] => 革命
)

Array
(
    [id] => 1469504447750
    [content] => 如果情怀可以救国,那鲁迅早就学医了
    [domain] => www.duowan.com
    [keywords] => 鲁迅
)

Array
(
    [id] => 1471775393131
    [content] => CODAW的DLC早就有钩子杀人
    [domain] => www.duowan.com
    [keywords] => 杀人
)

Array
(
    [id] => 1476280163782
    [content] => 那些抗日英雄是靠嘴巴骂出来的？？？
    [domain] => www.duowan.com
    [keywords] => 抗日
)

Array
(
    [id] => 1477299659566
    [content] => 电疗杀人魔也有肖像权？
    [domain] => www.duowan.com
    [keywords] => 杀人
)

Array
(
    [id] => 1477356080814
    [content] => DOTA2不花钱还能杀人
    [domain] => www.duowan.com
    [keywords] => 杀人
)

Array
(
    [id] => 1480307932575
    [content] => 典型的杀人要怪刀,一群智障!
    [domain] => www.duowan.com
    [keywords] => 杀人
)

Array
(
    [id] => 1486453636676
    [content] => 电视电影也全禁了吧 里面也有杀人的呢
    [domain] => www.duowan.com
    [keywords] => 杀人
)

Array
(
    [id] => 1488186852646
    [content] => 要码的去特玩网 还有剩的 做雷锋不谢
    [domain] => www.duowan.com
    [keywords] => 雷锋
)

Array
(
    [id] => 1488328658781
    [content] => 刘海涛儿子
    [domain] => www.duowan.com
    [keywords] => 刘海涛
)

Array
(
    [id] => 1494117428438
    [content] => 李小龙世界各武术术融合中国武术抗日已灭绝
    [domain] => www.duowan.com
    [keywords] => 抗日
)

Array
(
    [id] => 1498105019537
    [content] => 居然没有甜？我甜党要革命!
    [domain] => www.duowan.com
    [keywords] => 革命
)

Array
(
    [id] => 1499921662889
    [content] => 以后抗日打鬼子的游戏可以改名叫讨鬼传
    [domain] => www.duowan.com
    [keywords] => 抗日
)

Array
(
    [id] => 1500118374959
    [content] => 杀人不如诛心啊,臭老九还是这套
    [domain] => www.duowan.com
    [keywords] => 杀人
)

Array
(
    [id] => 1502760653660
    [content] => 坑钱世界,一群托扫着练级点杀人
    [domain] => www.duowan.com
    [keywords] => 杀人
)

Array
(
    [id] => 1503485706191
    [content] => 一露出胳膊 就想到鲁迅
    [domain] => www.duowan.com
    [keywords] => 鲁迅
)

Array
(
    [id] => 1504906252365
    [content] => 尼玛玩个吃鸡就想杀人了？
    [domain] => www.duowan.com
    [keywords] => 杀人
)

Array
(
    [id] => 1505264099967
    [content] => 艹新职业跟老职业比比,烈士塔还能活么
    [domain] => www.duowan.com
    [keywords] => 烈士
)

Array
(
    [id] => 1507777620492
    [content] => 神界原罪也是回合制 秒杀神舞
    [domain] => www.duowan.com
    [keywords] => 杀神
)

Array
(
    [id] => 1510654217491
    [content] => 这么说我以后杀人不犯法了？
    [domain] => www.duowan.com
    [keywords] => 杀人
)

Array
(
    [id] => 1510888287904
    [content] => 因为玩了这游戏你会发现抗日真相
    [domain] => www.duowan.com
    [keywords] => 抗日
)

Array
(
    [id] => 1512399197979
    [content] => 你之前抢劫不能掩盖你现在杀人的罪行啊.
    [domain] => www.duowan.com
    [keywords] => 杀人
)

Array
(
    [id] => 1515809100986
    [content] => 大家好我是李泽言
    [domain] => www.duowan.com
    [keywords] => 李泽
)

Array
(
    [id] => 1516069318493
    [content] => 》革命版玩家推出
    [domain] => www.duowan.com
    [keywords] => 革命
)

Array
(
    [id] => 1516775949286
    [content] => 《战地1 革命版》只要80块？
    [domain] => www.duowan.com
    [keywords] => 革命
)

Array
(
    [id] => 1518077510461
    [content] => 陈独秀同志,请发言：
    [domain] => www.duowan.com
    [keywords] => 陈独秀
)

Array
(
    [id] => 1518365026910
    [content] => 抗日英雄,致敬
    [domain] => www.duowan.com
    [keywords] => 抗日
)

Array
(
    [id] => 1518427068387
    [content] => 致敬抗日英雄
    [domain] => www.duowan.com
    [keywords] => 抗日
)

Array
(
    [id] => 1523849694395
    [content] => 使命召唤都禁？互联网时代的文化大革命？
    [domain] => www.duowan.com
    [keywords] => 革命
)

