Array
(
    [id] => 14014185843
    [content] => 3分40秒开始,我是雷锋不用谢
    [domain] => ls.duowan.com
    [keywords] => 雷锋
)

Array
(
    [id] => 1389696717884
    [content] => 不能秒杀人了就喷游戏废了,还债这叫
    [domain] => ls.duowan.com
    [keywords] => 杀人
)

Array
(
    [id] => 1403178205411
    [content] => 露脸照在,最后,我是雷锋
    [domain] => ls.duowan.com
    [keywords] => 雷锋
)

Array
(
    [id] => 1403601787527
    [content] => 这是美服T6贼,请叫我雷锋.
    [domain] => ls.duowan.com
    [keywords] => 雷锋
)

Array
(
    [id] => 1403782692286
    [content] => 这是原汁原味的包子法,请叫我雷锋
    [domain] => ls.duowan.com
    [keywords] => 雷锋
)

Array
(
    [id] => 1404469472470
    [content] => 俄语中龙虾有菜鸟之意,请叫我雷锋
    [domain] => ls.duowan.com
    [keywords] => 雷锋
)

Array
(
    [id] => 1404690409217
    [content] => 无面暴风城光环下的一血马云自然就可以杀人了啊
    [domain] => ls.duowan.com
    [keywords] => 杀人
)

Array
(
    [id] => 1405421397965
    [content] => 杀人放火的囚徒？躺枪了.
    [domain] => ls.duowan.com
    [keywords] => 杀人
)

Array
(
    [id] => 1409120553985
    [content] => 登顶视频在下一页：请叫我雷锋哥
    [domain] => ls.duowan.com
    [keywords] => 雷锋
)

Array
(
    [id] => 1423539963543
    [content] => 正片10分50秒开始,请叫我雷锋
    [domain] => ls.duowan.com
    [keywords] => 雷锋
)

Array
(
    [id] => 1423543913334
    [content] => 是14分25秒开始,别叫他雷锋
    [domain] => ls.duowan.com
    [keywords] => 雷锋
)

Array
(
    [id] => 1430762642477
    [content] => 大家好我是周华健
    [domain] => ls.duowan.com
    [keywords] => 华健
)

Array
(
    [id] => 1440652541191
    [content] => 盾猛杀人不是梦
    [domain] => ls.duowan.com
    [keywords] => 杀人
)

Array
(
    [id] => 1441156728242
    [content] => 刚出来神挡杀神,大家都针对之后也不好打了
    [domain] => ls.duowan.com
    [keywords] => 杀神
)

Array
(
    [id] => 1444787981144
    [content] => 冲锋换战歌,炎术师换食尸鬼.我是雷锋
    [domain] => ls.duowan.com
    [keywords] => 雷锋
)

Array
(
    [id] => 1447648177626
    [content] => 没想到你大螺丝浓眉大眼的也叛变革命了!
    [domain] => ls.duowan.com
    [keywords] => 革命
)

Array
(
    [id] => 1451277163357
    [content] => 叫你雷锋？我叫你X
    [domain] => ls.duowan.com
    [keywords] => 雷锋
)

Array
(
    [id] => 1451699274957
    [content] => 故意杀人走起
    [domain] => ls.duowan.com
    [keywords] => 杀人
)

Array
(
    [id] => 1451898413910
    [content] => 让他淹没在国服快攻的汪洋大海中
    [domain] => ls.duowan.com
    [keywords] => 汪洋
)

Array
(
    [id] => 1457001952545
    [content] => 太厉害了   借鲁迅的文笔吐槽退环境
    [domain] => ls.duowan.com
    [keywords] => 鲁迅
)

Array
(
    [id] => 1458178019204
    [content] => 攒一堆法术,火妖上场神挡杀神佛挡杀佛
    [domain] => ls.duowan.com
    [keywords] => 杀神
)

Array
(
    [id] => 1458191863658
    [content] => 集合石火妖法,请叫我雷锋.
    [domain] => ls.duowan.com
    [keywords] => 雷锋
)

Array
(
    [id] => 1459740550209
    [content] => 什么施法者噬法这？叫我雷锋!
    [domain] => ls.duowan.com
    [keywords] => 雷锋
)

Array
(
    [id] => 1460597476850
    [content] => 雷锋2.0
    [domain] => ls.duowan.com
    [keywords] => 雷锋
)

Array
(
    [id] => 1464151627742
    [content] => 这么相信雷锋？
    [domain] => ls.duowan.com
    [keywords] => 雷锋
)

Array
(
    [id] => 1467731132720
    [content] => 烈士对局：中速猎!GG
    [domain] => ls.duowan.com
    [keywords] => 烈士
)

Array
(
    [id] => 1467972760725
    [content] => 没有葵花宝典和雷锋也敢叫社会主义？
    [domain] => ls.duowan.com
    [keywords] => 雷锋
)

Array
(
    [id] => 1468986357997
    [content] => 鲁迅的哏……
    [domain] => ls.duowan.com
    [keywords] => 鲁迅
)

Array
(
    [id] => 1469132430603
    [content] => 鲁迅：这孩子是要死的
    [domain] => ls.duowan.com
    [keywords] => 鲁迅
)

Array
(
    [id] => 1483165493611
    [content] => 房间号,527885 我是雷锋
    [domain] => ls.duowan.com
    [keywords] => 雷锋
)

Array
(
    [id] => 1487088577567
    [content] => 这孩子将来是要死的—鲁迅
    [domain] => ls.duowan.com
    [keywords] => 鲁迅
)

Array
(
    [id] => 1491854621418
    [content] => 暴雪设计师陈独秀
    [domain] => ls.duowan.com
    [keywords] => 陈独秀
)

