Array
(
    [id] => 1401553074366
    [content] => 雷锋
    [domain] => coc.5253.com
    [keywords] => 雷锋
)

Array
(
    [id] => 1405563271927
    [content] => 2周年宝石加速2周 我是雷锋不谢
    [domain] => coc.5253.com
    [keywords] => 雷锋
)

Array
(
    [id] => 1410963825117
    [content] => 豌豆荚有更新小米已下架,不谢我叫雷锋
    [domain] => coc.5253.com
    [keywords] => 雷锋
)

Array
(
    [id] => 1417407468548
    [content] => 不玩时可以摆个雷锋阵...请叫我雷锋!
    [domain] => coc.5253.com
    [keywords] => 雷锋
)

Array
(
    [id] => 1418339015294
    [content] => 资源都满了,还加速,雷锋啊
    [domain] => coc.5253.com
    [keywords] => 雷锋
)

Array
(
    [id] => 1422524024993
    [content] => 随便抢都是雷锋!
    [domain] => coc.5253.com
    [keywords] => 雷锋
)

Array
(
    [id] => 1422529272271
    [content] => 随便抢都是雷锋!
    [domain] => coc.5253.com
    [keywords] => 雷锋
)

Array
(
    [id] => 1434450202128
    [content] => 这东西完全是靠坠落伤害杀人的
    [domain] => coc.5253.com
    [keywords] => 杀人
)

Array
(
    [id] => 1436331958686
    [content] => 自己的鞋让别人看着舒服是最大的雷锋
    [domain] => coc.5253.com
    [keywords] => 雷锋
)

Array
(
    [id] => 1437661175575
    [content] => 雷锋啊,这种阵用的多就好了
    [domain] => coc.5253.com
    [keywords] => 雷锋
)

Array
(
    [id] => 1439134724332
    [content] => 现在特么不能闪黑,你真是个㓉雷锋
    [domain] => coc.5253.com
    [keywords] => 雷锋
)

Array
(
    [id] => 1447131436346
    [content] => 都满防了就把资源丢外面吧 雷锋
    [domain] => coc.5253.com
    [keywords] => 雷锋
)

Array
(
    [id] => 1449208457522
    [content] => 速度拿这些视频求举报吧...雷锋
    [domain] => coc.5253.com
    [keywords] => 雷锋
)

Array
(
    [id] => 1495367419449
    [content] => 纪念白求恩？
    [domain] => coc.5253.com
    [keywords] => 白求恩
)

