Array
(
    [id] => 1363274270359
    [content] => 这B以后搞得不好就是变态杀人狂,大家不要再打击他了
    [domain] => dnf.duowan.com
    [keywords] => 杀人
)

Array
(
    [id] => 1364278796646
    [content] => 知道喷子的嘴为什么能杀人么？因为剑能杀人
    [domain] => dnf.duowan.com
    [keywords] => 杀人
)

Array
(
    [id] => 1364443987413
    [content] => 雷锋 参战
    [domain] => dnf.duowan.com
    [keywords] => 雷锋
)

Array
(
    [id] => 1368434735629
    [content] => 各种无脑竞速齐亮相
    [domain] => dnf.duowan.com
    [keywords] => 齐亮
)

Array
(
    [id] => 1370070016401
    [content] => 开挂秒杀人偶
    [domain] => dnf.duowan.com
    [keywords] => 杀人
)

Array
(
    [id] => 1370512571846
    [content] => 2海小心被杀人灭口
    [domain] => dnf.duowan.com
    [keywords] => 杀人
)

Array
(
    [id] => 1372150861971
    [content] => 我印象中什么玩意变身以后都是人挡杀人佛挡弑佛
    [domain] => dnf.duowan.com
    [keywords] => 杀人
)

Array
(
    [id] => 1372233340991
    [content] => 还是80剑舞给力.遇神杀神遇鬼杀鬼
    [domain] => dnf.duowan.com
    [keywords] => 杀神
)

Array
(
    [id] => 1372387111651
    [content] => 大枪.杀人暗器没公开..我看到了2觉的技能= =
    [domain] => dnf.duowan.com
    [keywords] => 杀人
)

Array
(
    [id] => 1373008977953
    [content] => 雷锋那段,呵呵,笑死了
    [domain] => dnf.duowan.com
    [keywords] => 雷锋
)

Array
(
    [id] => 1374050314889
    [content] => 杀人姬打不赢五月
    [domain] => dnf.duowan.com
    [keywords] => 杀人
)

Array
(
    [id] => 1374387839276
    [content] => 杀神小刀去哪了
    [domain] => dnf.duowan.com
    [keywords] => 杀神
)

Array
(
    [id] => 1374485232525
    [content] => ++   杀人品
    [domain] => dnf.duowan.com
    [keywords] => 杀人
)

Array
(
    [id] => 1376633973867
    [content] => 闪闪的红星,不对,是闪闪的左轮
    [domain] => dnf.duowan.com
    [keywords] => 闪闪的红星
)

Array
(
    [id] => 1376989992664
    [content] => 这歌声才是杀人于无形
    [domain] => dnf.duowan.com
    [keywords] => 杀人
)

Array
(
    [id] => 1378394787693
    [content] => 山无陵 江水为竭 冬雷震震夏雨雪 天地合 乃敢与君绝
    [domain] => dnf.duowan.com
    [keywords] => 雷震
)

Array
(
    [id] => 1379288153876
    [content] => 传说的暴医 华佗开连弩 白求恩卖核弹头
    [domain] => dnf.duowan.com
    [keywords] => 白求恩
)

Array
(
    [id] => 1381031466625
    [content] => 见人杀人,见神杀神,所到之处寸草不生.
    [domain] => dnf.duowan.com
    [keywords] => 杀人,杀神
)

Array
(
    [id] => 1382875411590
    [content] => 夭寿啦!月与海的机械杀人啦!
    [domain] => dnf.duowan.com
    [keywords] => 杀人
)

Array
(
    [id] => 1383005417941
    [content] => 重装机兵!可以在酷G搜出!我是雷锋
    [domain] => dnf.duowan.com
    [keywords] => 雷锋
)

Array
(
    [id] => 1388303551165
    [content] => 掉线城与烈士
    [domain] => dnf.duowan.com
    [keywords] => 烈士
)

Array
(
    [id] => 1389039706318
    [content] => 侮辱我杀人姬
    [domain] => dnf.duowan.com
    [keywords] => 杀人
)

Array
(
    [id] => 1389280884714
    [content] => 20S正文  我叫雷锋
    [domain] => dnf.duowan.com
    [keywords] => 雷锋
)

Array
(
    [id] => 1389673670662
    [content] => 线上见神杀神见佛杀佛 线下就怂了
    [domain] => dnf.duowan.com
    [keywords] => 杀神
)

Array
(
    [id] => 1390894827172
    [content] => 哥们,您的声音真能让人咬舌自尽啊,真是到了杀人不见血的地步了
    [domain] => dnf.duowan.com
    [keywords] => 杀人
)

Array
(
    [id] => 1391910006342
    [content] => BGM是逆态度-张杰  我不是好人 请叫我雷锋
    [domain] => dnf.duowan.com
    [keywords] => 雷锋
)

Array
(
    [id] => 1392198699900
    [content] => 看到1图我就想杀人了
    [domain] => dnf.duowan.com
    [keywords] => 杀人
)

Array
(
    [id] => 1392607989695
    [content] => 我是雷锋,雷锋你怕不怕？
    [domain] => dnf.duowan.com
    [keywords] => 雷锋
)

Array
(
    [id] => 1392608679396
    [content] => 表谢我,我是雷神...哦!不,雷锋
    [domain] => dnf.duowan.com
    [keywords] => 雷锋
)

Array
(
    [id] => 1394770087450
    [content] => 你回避那么高 怎么没让你去炸碉堡
    [domain] => dnf.duowan.com
    [keywords] => 炸碉堡
)

Array
(
    [id] => 1395285084724
    [content] => 二图,金身锤子打怪,怪忏悔,叛变,自己被箱子秒了.请叫我雷锋
    [domain] => dnf.duowan.com
    [keywords] => 雷锋
)

Array
(
    [id] => 1399447582896
    [content] => 念气波寸破闪带走疙瘩魂图BOSS不用谢我是雷锋
    [domain] => dnf.duowan.com
    [keywords] => 雷锋
)

Array
(
    [id] => 1399453349665
    [content] => 扔花  幻影爆裂 大丸子  秒洗衣桶 不谢  我是雷锋弟弟蕾
    [domain] => dnf.duowan.com
    [keywords] => 雷锋
)

Array
(
    [id] => 1399460757623
    [content] => z秒不用谢 我是雷锋妹妹
    [domain] => dnf.duowan.com
    [keywords] => 雷锋
)

Array
(
    [id] => 1399699274169
    [content] => 遗迹最佳记录 不用谢我 我叫雷锋
    [domain] => dnf.duowan.com
    [keywords] => 雷锋
)

Array
(
    [id] => 1399725028699
    [content] => BGM妖尾第二季OP 我叫雷锋!
    [domain] => dnf.duowan.com
    [keywords] => 雷锋
)

Array
(
    [id] => 1400300697428
    [content] => 求这两首BGM   活雷锋快来啊!!!
    [domain] => dnf.duowan.com
    [keywords] => 雷锋
)

Array
(
    [id] => 1400562577687
    [content] => 开头页游广告BGM是金达莱花来的,我是雷锋
    [domain] => dnf.duowan.com
    [keywords] => 雷锋
)

Array
(
    [id] => 1401956448712
    [content] => 完全不懂爆发,快捷栏的油瓶跟爆弹只是用来杀人的么？
    [domain] => dnf.duowan.com
    [keywords] => 杀人
)

Array
(
    [id] => 1402114483933
    [content] => 我是红汪汪我是革命战士
    [domain] => dnf.duowan.com
    [keywords] => 革命
)

Array
(
    [id] => 1402118464766
    [content] => 我是来怀念雷锋的!
    [domain] => dnf.duowan.com
    [keywords] => 雷锋
)

Array
(
    [id] => 1402831672973
    [content] => BGM千本樱不用谢我是雷锋.
    [domain] => dnf.duowan.com
    [keywords] => 雷锋
)

Array
(
    [id] => 1404005387712
    [content] => BGM是贝多芬病毒 我是雷锋!
    [domain] => dnf.duowan.com
    [keywords] => 雷锋
)

Array
(
    [id] => 1404336194957
    [content] => 听说韩服出了新职业 爆破鬼才董存瑞
    [domain] => dnf.duowan.com
    [keywords] => 董存瑞
)

Array
(
    [id] => 1404374725710
    [content] => 鲁迅弃医从文,与哥弃枪从刀
    [domain] => dnf.duowan.com
    [keywords] => 鲁迅
)

Array
(
    [id] => 1404461265324
    [content] => 爆料 他把买骨戒的钱手残全部换门票了QAQ我叫雷锋
    [domain] => dnf.duowan.com
    [keywords] => 雷锋
)

Array
(
    [id] => 1404543692339
    [content] => 求革命
    [domain] => dnf.duowan.com
    [keywords] => 革命
)

Array
(
    [id] => 1404878938485
    [content] => 我是雷锋~!
    [domain] => dnf.duowan.com
    [keywords] => 雷锋
)

Array
(
    [id] => 1404879085501
    [content] => 我是雷锋啊爱爱爱
    [domain] => dnf.duowan.com
    [keywords] => 雷锋
)

Array
(
    [id] => 1405050960947
    [content] => BGM 千本樱  我叫雷锋不用谢
    [domain] => dnf.duowan.com
    [keywords] => 雷锋
)

Array
(
    [id] => 1405052944134
    [content] => 夭寿啦!雷震子降临啦!
    [domain] => dnf.duowan.com
    [keywords] => 雷震
)

Array
(
    [id] => 1405053951952
    [content] => DNF新职业雷震子登场
    [domain] => dnf.duowan.com
    [keywords] => 雷震
)

Array
(
    [id] => 1405408037326
    [content] => BGM:still waiting -sum41 我叫雷锋
    [domain] => dnf.duowan.com
    [keywords] => 雷锋
)

Array
(
    [id] => 1406436151725
    [content] => 只可远观 那不是5801雷锋嘛..
    [domain] => dnf.duowan.com
    [keywords] => 雷锋
)

Array
(
    [id] => 1406448636100
    [content] => 表示不是真的雷锋
    [domain] => dnf.duowan.com
    [keywords] => 雷锋
)

Array
(
    [id] => 1406466491620
    [content] => 5801雷锋会打这么差？
    [domain] => dnf.duowan.com
    [keywords] => 雷锋
)

Array
(
    [id] => 1406518948367
    [content] => 吾乃雷震子转世
    [domain] => dnf.duowan.com
    [keywords] => 雷震
)

Array
(
    [id] => 1406719357868
    [content] => 卡屏 卡延迟无敌 真是国服小学生的反杀神器
    [domain] => dnf.duowan.com
    [keywords] => 杀神
)

Array
(
    [id] => 1406995977525
    [content] => BGM ：Call it love  请叫我雷锋!
    [domain] => dnf.duowan.com
    [keywords] => 雷锋
)

Array
(
    [id] => 1407784145535
    [content] => GBM邓紫棋的 泡沫 不谢  我叫雷锋
    [domain] => dnf.duowan.com
    [keywords] => 雷锋
)

Array
(
    [id] => 1408871832152
    [content] => 迟早滚回下水道, 我叫雷锋
    [domain] => dnf.duowan.com
    [keywords] => 雷锋
)

Array
(
    [id] => 1410438472479
    [content] => 背景音乐是什么求雷锋啊
    [domain] => dnf.duowan.com
    [keywords] => 雷锋
)

Array
(
    [id] => 1411180804485
    [content] => 还是雷锋比较吊
    [domain] => dnf.duowan.com
    [keywords] => 雷锋
)

Array
(
    [id] => 1411223932482
    [content] => BMG：El Dorado 请叫我雷锋
    [domain] => dnf.duowan.com
    [keywords] => 雷锋
)

Array
(
    [id] => 1411722183526
    [content] => 革命尚未成功,同志仍需努力
    [domain] => dnf.duowan.com
    [keywords] => 革命
)

Array
(
    [id] => 1413674208968
    [content] => 36秒开头结束 别谢我我叫雷锋
    [domain] => dnf.duowan.com
    [keywords] => 雷锋
)

Array
(
    [id] => 1414041309824
    [content] => 3分03秒进的BOSS图,请叫我雷锋
    [domain] => dnf.duowan.com
    [keywords] => 雷锋
)

Array
(
    [id] => 1414051917484
    [content] => 谢谢雷锋
    [domain] => dnf.duowan.com
    [keywords] => 雷锋
)

Array
(
    [id] => 1414120100709
    [content] => 鲁迅会气的活过来然后把楼主带走
    [domain] => dnf.duowan.com
    [keywords] => 鲁迅
)

Array
(
    [id] => 1414121031528
    [content] => 鲁迅先生写文只是给还有救的人看的,ok?
    [domain] => dnf.duowan.com
    [keywords] => 鲁迅
)

Array
(
    [id] => 1414201848471
    [content] => 2.51进的BOSS房,叫我雷锋
    [domain] => dnf.duowan.com
    [keywords] => 雷锋
)

Array
(
    [id] => 1414596530605
    [content] => 革命机op1
    [domain] => dnf.duowan.com
    [keywords] => 革命
)

Array
(
    [id] => 1415861242138
    [content] => 你吓尿是因为前列腺炎 不用谢我请叫我雷锋
    [domain] => dnf.duowan.com
    [keywords] => 雷锋
)

Array
(
    [id] => 1416750667388
    [content] => 80粉的物价革命
    [domain] => dnf.duowan.com
    [keywords] => 革命
)

Array
(
    [id] => 1416887135847
    [content] => 你吓尿是因为有前列腺炎不用谢我请叫我雷锋
    [domain] => dnf.duowan.com
    [keywords] => 雷锋
)

Array
(
    [id] => 1417029307204
    [content] => 胡天阳没雷锋厉害
    [domain] => dnf.duowan.com
    [keywords] => 雷锋
)

Array
(
    [id] => 1417229981837
    [content] => 潘总活雷锋
    [domain] => dnf.duowan.com
    [keywords] => 雷锋
)

Array
(
    [id] => 1417826618568
    [content] => 3:08开始叫我雷锋
    [domain] => dnf.duowan.com
    [keywords] => 雷锋
)

Array
(
    [id] => 1417834848102
    [content] => 点击标题下方进入论坛有高清版本我是雷锋
    [domain] => dnf.duowan.com
    [keywords] => 雷锋
)

Array
(
    [id] => 1417940664152
    [content] => 革命先烈永垂不朽？
    [domain] => dnf.duowan.com
    [keywords] => 革命,先烈
)

Array
(
    [id] => 1418613083568
    [content] => bgm:清明樱花祭,我是雷锋,不用谢我
    [domain] => dnf.duowan.com
    [keywords] => 雷锋
)

Array
(
    [id] => 1418799885751
    [content] => 全论坛原帖看,不谢 我是雷锋
    [domain] => dnf.duowan.com
    [keywords] => 雷锋
)

Array
(
    [id] => 1418906079109
    [content] => bgm大香蕉不用谢我我叫雷锋
    [domain] => dnf.duowan.com
    [keywords] => 雷锋
)

Array
(
    [id] => 1420807291522
    [content] => 一共19个血怒 我叫雷锋 不谢
    [domain] => dnf.duowan.com
    [keywords] => 雷锋
)

Array
(
    [id] => 1421406021815
    [content] => 强杀神器魔女黑裙
    [domain] => dnf.duowan.com
    [keywords] => 杀神
)

Array
(
    [id] => 1421824041448
    [content] => 游龙点TP不用谢,叫我雷锋
    [domain] => dnf.duowan.com
    [keywords] => 雷锋
)

Array
(
    [id] => 1422631420665
    [content] => 歌曲李白李荣浩
    [domain] => dnf.duowan.com
    [keywords] => 李荣
)

Array
(
    [id] => 1423144075559
    [content] => 第2首歌是maps,不谢我是雷锋
    [domain] => dnf.duowan.com
    [keywords] => 雷锋
)

Array
(
    [id] => 1423743830444
    [content] => 这个小砸婊我去山一建号骂她去请叫我雷锋
    [domain] => dnf.duowan.com
    [keywords] => 雷锋
)

Array
(
    [id] => 1426052669974
    [content] => 17图是自己的小号 物品栏56是杀人工具
    [domain] => dnf.duowan.com
    [keywords] => 杀人
)

Array
(
    [id] => 1426596810211
    [content] => 董存瑞之荣耀
    [domain] => dnf.duowan.com
    [keywords] => 董存瑞
)

Array
(
    [id] => 1427767451967
    [content] => 夭寿啦~杀人啦~
    [domain] => dnf.duowan.com
    [keywords] => 杀人
)

Array
(
    [id] => 1428488354807
    [content] => 神挡杀神 佛挡杀佛
    [domain] => dnf.duowan.com
    [keywords] => 杀神
)

Array
(
    [id] => 1428492607949
    [content] => 神挡杀神 佛挡杀佛
    [domain] => dnf.duowan.com
    [keywords] => 杀神
)

Array
(
    [id] => 1430013419948
    [content] => BGM lrony 我叫雷锋
    [domain] => dnf.duowan.com
    [keywords] => 雷锋
)

Array
(
    [id] => 1430485019128
    [content] => 打时按END你一秒也行!别问我是谁,雷锋
    [domain] => dnf.duowan.com
    [keywords] => 雷锋
)

Array
(
    [id] => 1430662306804
    [content] => 2L哥要杀人了
    [domain] => dnf.duowan.com
    [keywords] => 杀人
)

Array
(
    [id] => 1431128851257
    [content] => 模特-李荣浩
    [domain] => dnf.duowan.com
    [keywords] => 李荣
)

Array
(
    [id] => 1431402638369
    [content] => 我说钱呐,你这杀人不见血的刀!
    [domain] => dnf.duowan.com
    [keywords] => 杀人
)

Array
(
    [id] => 1432089871425
    [content] => 然而雷锋二十多岁就挂了
    [domain] => dnf.duowan.com
    [keywords] => 雷锋
)

Array
(
    [id] => 1432090018409
    [content] => 雷锋享年23
    [domain] => dnf.duowan.com
    [keywords] => 雷锋
)

Array
(
    [id] => 1432090857170
    [content] => 雷锋你好,23年后你又是一条好汉
    [domain] => dnf.duowan.com
    [keywords] => 雷锋
)

Array
(
    [id] => 1432091700735
    [content] => 永垂不朽,为雷锋默哀三分钟
    [domain] => dnf.duowan.com
    [keywords] => 雷锋
)

Array
(
    [id] => 1432093592987
    [content] => 雷锋3世你好
    [domain] => dnf.duowan.com
    [keywords] => 雷锋
)

Array
(
    [id] => 1432108975636
    [content] => 雷锋,卒,享年23岁
    [domain] => dnf.duowan.com
    [keywords] => 雷锋
)

Array
(
    [id] => 1432112048669
    [content] => 居然是雷锋啊,见鬼了.
    [domain] => dnf.duowan.com
    [keywords] => 雷锋
)

Array
(
    [id] => 1434101370454
    [content] => 度娘,彼尔德补丁,不谢,我叫雷锋
    [domain] => dnf.duowan.com
    [keywords] => 雷锋
)

Array
(
    [id] => 1434355310785
    [content] => 手搓出来还会减的说,我是雷锋
    [domain] => dnf.duowan.com
    [keywords] => 雷锋
)

Array
(
    [id] => 1434429614481
    [content] => 开头BUG有点像是鲁鲁修十大杀人动漫之一
    [domain] => dnf.duowan.com
    [keywords] => 杀人
)

Array
(
    [id] => 1434967179845
    [content] => 出龙换装有奇效 我叫雷锋
    [domain] => dnf.duowan.com
    [keywords] => 雷锋
)

Array
(
    [id] => 1435744923928
    [content] => 我雷锋做事从不留名,写日记去!
    [domain] => dnf.duowan.com
    [keywords] => 雷锋
)

Array
(
    [id] => 1437203882244
    [content] => 不如杀人书来的实在
    [domain] => dnf.duowan.com
    [keywords] => 杀人
)

Array
(
    [id] => 1437722683825
    [content] => 人家本来不想杀人的,看我的~千女散花
    [domain] => dnf.duowan.com
    [keywords] => 杀人
)

Array
(
    [id] => 1438319983115
    [content] => 4:02看装备不谢,我不是雷锋
    [domain] => dnf.duowan.com
    [keywords] => 雷锋
)

Array
(
    [id] => 1439003779997
    [content] => 电竞黄继光,以身试法
    [domain] => dnf.duowan.com
    [keywords] => 黄继光
)

Array
(
    [id] => 1439089321585
    [content] => 革命尚未成功= =出个火石头要花20E
    [domain] => dnf.duowan.com
    [keywords] => 革命
)

Array
(
    [id] => 1439474648585
    [content] => 不可逆的交换 请叫我雷锋
    [domain] => dnf.duowan.com
    [keywords] => 雷锋
)

Array
(
    [id] => 1440074322432
    [content] => BGM和兰花在一起   雷锋不谢
    [domain] => dnf.duowan.com
    [keywords] => 雷锋
)

Array
(
    [id] => 1440989806609
    [content] => 你们这些渣渣!烈士塔才是最强的!
    [domain] => dnf.duowan.com
    [keywords] => 烈士
)

Array
(
    [id] => 1441777125349
    [content] => 作为一个拿刀的居然得那光效去杀人也是醉了
    [domain] => dnf.duowan.com
    [keywords] => 杀人
)

Array
(
    [id] => 1442319638757
    [content] => 还是狼牙山五壮士套好看
    [domain] => dnf.duowan.com
    [keywords] => 狼牙山五壮士
)

Array
(
    [id] => 1442403815863
    [content] => 这BGM我想杀人.
    [domain] => dnf.duowan.com
    [keywords] => 杀人
)

Array
(
    [id] => 1443157692448
    [content] => 仇勇李泽4人跳过海选直接内定
    [domain] => dnf.duowan.com
    [keywords] => 李泽
)

Array
(
    [id] => 1444275845582
    [content] => 我我王诛魔李杀神刘斩仙不服
    [domain] => dnf.duowan.com
    [keywords] => 杀神
)

Array
(
    [id] => 1444456209431
    [content] => 第二首BADAPPLE 我是雷锋
    [domain] => dnf.duowan.com
    [keywords] => 雷锋
)

Array
(
    [id] => 1444539636860
    [content] => Last Stardust 请叫我雷锋
    [domain] => dnf.duowan.com
    [keywords] => 雷锋
)

Array
(
    [id] => 1444576417429
    [content] => 哥布林杀人了!
    [domain] => dnf.duowan.com
    [keywords] => 杀人
)

Array
(
    [id] => 1445594760483
    [content] => 正片9：40开始,我叫雷锋
    [domain] => dnf.duowan.com
    [keywords] => 雷锋
)

Array
(
    [id] => 1446018478671
    [content] => 20秒有亮点,请叫我雷锋
    [domain] => dnf.duowan.com
    [keywords] => 雷锋
)

Array
(
    [id] => 1446094084357
    [content] => 5秒的事,你用了1分钟,忘记了鲁迅的话么
    [domain] => dnf.duowan.com
    [keywords] => 鲁迅
)

Array
(
    [id] => 1446798728649
    [content] => 虚无4图站玩柱子大火控怪强杀大家好我雷锋
    [domain] => dnf.duowan.com
    [keywords] => 雷锋
)

Array
(
    [id] => 1448622700456
    [content] => 继龙人GSD后又一人获得雷锋称号
    [domain] => dnf.duowan.com
    [keywords] => 雷锋
)

Array
(
    [id] => 1449014431988
    [content] => BGM-windfal,我是雷锋不谢l
    [domain] => dnf.duowan.com
    [keywords] => 雷锋
)

Array
(
    [id] => 1449985314441
    [content] => 韩服老司机帮人 国服老司机杀人
    [domain] => dnf.duowan.com
    [keywords] => 杀人
)

Array
(
    [id] => 1451183300927
    [content] => bgm 权御天下   不用谢 请叫我雷锋
    [domain] => dnf.duowan.com
    [keywords] => 雷锋
)

Array
(
    [id] => 1451281470198
    [content] => 雷锋死的早》》》
    [domain] => dnf.duowan.com
    [keywords] => 雷锋
)

Array
(
    [id] => 1451548427567
    [content] => 来人啊,杀人啦,夭寿啦~~
    [domain] => dnf.duowan.com
    [keywords] => 杀人
)

Array
(
    [id] => 1452744569747
    [content] => 30图看完,我想杀人!!
    [domain] => dnf.duowan.com
    [keywords] => 杀人
)

Array
(
    [id] => 1453216264104
    [content] => 雷锋享年22
    [domain] => dnf.duowan.com
    [keywords] => 雷锋
)

Array
(
    [id] => 1455895445741
    [content] => bgm：燕池：人海,我是湖南一区的雷锋
    [domain] => dnf.duowan.com
    [keywords] => 雷锋
)

Array
(
    [id] => 1459926224720
    [content] => 别用白狗侮辱鲁迅
    [domain] => dnf.duowan.com
    [keywords] => 鲁迅
)

Array
(
    [id] => 1460202368155
    [content] => BGM：散花.不谢,我是雷锋.
    [domain] => dnf.duowan.com
    [keywords] => 雷锋
)

Array
(
    [id] => 1460975503358
    [content] => 1分33秒开始正片,我是雷锋
    [domain] => dnf.duowan.com
    [keywords] => 雷锋
)

Array
(
    [id] => 1462767661154
    [content] => QNF,不谢,俺是雷锋
    [domain] => dnf.duowan.com
    [keywords] => 雷锋
)

Array
(
    [id] => 1462951444223
    [content] => 一吼99999,这年头buff都能杀人
    [domain] => dnf.duowan.com
    [keywords] => 杀人
)

Array
(
    [id] => 1465898283408
    [content] => 亮点是2觉图标 不谢 叫我雷锋
    [domain] => dnf.duowan.com
    [keywords] => 雷锋
)

Array
(
    [id] => 1465905998914
    [content] => 你应该刷哥布林王国 让你的哥布林革命称王
    [domain] => dnf.duowan.com
    [keywords] => 革命
)

Array
(
    [id] => 1466157563455
    [content] => 女鬼剑杀人的时候 巴恩去哪了
    [domain] => dnf.duowan.com
    [keywords] => 杀人
)

Array
(
    [id] => 1468143448578
    [content] => 一分28秒处才是重点,叫我雷锋不谢
    [domain] => dnf.duowan.com
    [keywords] => 雷锋
)

Array
(
    [id] => 1468315713815
    [content] => 鼠标连点退出游戏和领取按钮重叠,我叫雷锋
    [domain] => dnf.duowan.com
    [keywords] => 雷锋
)

Array
(
    [id] => 1468832944966
    [content] => 即将打死百万玩家的革命动作网游!
    [domain] => dnf.duowan.com
    [keywords] => 革命
)

Array
(
    [id] => 1469360255849
    [content] => 最后的BGM是六楼叫我雷锋
    [domain] => dnf.duowan.com
    [keywords] => 雷锋
)

Array
(
    [id] => 1470367021481
    [content] => 你前世是雷锋吗？？？？？？？？？？？？？
    [domain] => dnf.duowan.com
    [keywords] => 雷锋
)

Array
(
    [id] => 1481217041433
    [content] => 好哇,你个浓眉大眼的尤尔根,也叛变革命啦
    [domain] => dnf.duowan.com
    [keywords] => 革命
)

Array
(
    [id] => 1481560746381
    [content] => 如杀人不犯法掉线城 的运营人员早被砍死了
    [domain] => dnf.duowan.com
    [keywords] => 杀人
)

Array
(
    [id] => 1481644994488
    [content] => 正片42分45开始,我叫雷锋
    [domain] => dnf.duowan.com
    [keywords] => 雷锋
)

Array
(
    [id] => 1482402569664
    [content] => 我经常杀人如麻
    [domain] => dnf.duowan.com
    [keywords] => 杀人
)

Array
(
    [id] => 1494913574186
    [content] => 求求你们别再气鲁迅了,棺材板压不住了
    [domain] => dnf.duowan.com
    [keywords] => 鲁迅
)

Array
(
    [id] => 1499840296867
    [content] => BGM是要杀人么
    [domain] => dnf.duowan.com
    [keywords] => 杀人
)

Array
(
    [id] => 1516156457599
    [content] => 17图秀的可以陈独秀
    [domain] => dnf.duowan.com
    [keywords] => 陈独秀
)

