lastId: 1458894130162
lastId: 1461651066961
lastId: 1464581468175
lastId: 1466439125500
lastId: 1467984298256
lastId: 1469492855459
lastId: 1471402602551
lastId: 1473306657927
lastId: 1475374936328
lastId: 1477733977574
lastId: 1479791130330
lastId: 1481087231514
lastId: 1482307233207
lastId: 1483792011505
lastId: 1485082956632
lastId: 1486976745159
lastId: 1488241355444
lastId: 1489504243954
lastId: 1490895776825
lastId: 1492144764290
lastId: 1493348136639
lastId: 1494583149944
lastId: 1495799043152
lastId: 1497417622551
lastId: 1498278577730
lastId: 1499331728638
lastId: 1500451163685
lastId: 1501484948524
lastId: 1502797485629
lastId: 1504065166195
lastId: 1505375939129
lastId: 1506767779434
lastId: 1508936096131
lastId: 1510837466945
lastId: 1512971199223
lastId: 1515385159565
lastId: 1517135049153
lastId: 1521882668967
lastId: 1526283407979
lastId: 1527599510194
