lastId: 13883131694
lastId: 14321927808
lastId: 135844175199
lastId: 136292004746
lastId: 136672775722
lastId: 136990912473
lastId: 137327271437
lastId: 137604261448
lastId: 137901897082
lastId: 138276906055
lastId: 138643480780
lastId: 139084944319
lastId: 139470861986
lastId: 139911420967
lastId: 140308320083
lastId: 140670363776
lastId: 140859214567
lastId: 141268469047
lastId: 141818738130
lastId: 142484932074
lastId: 143226504217
lastId: 144177564550
lastId: 145905627230
lastId: 148144905423
lastId: 151486928515
lastId: 1353475929746
lastId: 1353567445927
lastId: 1353660998336
lastId: 1353820434417
lastId: 1353979083333
lastId: 1354078403593
lastId: 1354182568238
lastId: 1354262012766
lastId: 1354371895410
lastId: 1354503578730
lastId: 1354588035163
lastId: 1354677266552
lastId: 1354765503757
lastId: 1354855963288
lastId: 1354929767954
lastId: 1354987252142
lastId: 1355114950815
lastId: 1355202981281
lastId: 1355288466245
lastId: 1355391570105
lastId: 1355451237364
lastId: 1355493667133
lastId: 1355572962262
lastId: 1355674443848
lastId: 1355799804983
lastId: 1355887429703
lastId: 1355938466260
lastId: 1356006668443
lastId: 1356085525685
lastId: 1356178396469
lastId: 1356278017824
lastId: 1356354009311
lastId: 1356438503463
lastId: 1356513463432
lastId: 1356585873639
lastId: 1356666370757
lastId: 1356736949443
lastId: 1356794583708
lastId: 1356873137447
lastId: 1356946721499
lastId: 1357014550788
lastId: 1357072970169
lastId: 1357134557722
lastId: 1357216639772
lastId: 1357292572584
lastId: 1357359922421
lastId: 1357393442485
lastId: 1357463425611
lastId: 1357536719354
lastId: 1357607771377
lastId: 1357639248269
lastId: 1357704795998
lastId: 1357738147186
lastId: 1357803875137
lastId: 1357871006581
lastId: 1357906221539
lastId: 1357980355625
lastId: 1358059505569
lastId: 1358131105207
lastId: 1358161274489
lastId: 1358225385904
lastId: 1358267154554
lastId: 1358329579910
lastId: 1358389982301
lastId: 1358409657610
lastId: 1358431299824
lastId: 1358489396119
lastId: 1358522633237
lastId: 1358584986591
lastId: 1358636677307
lastId: 1358678849681
lastId: 1358739673165
lastId: 1358764616414
lastId: 1358825830694
lastId: 1358850650464
lastId: 1358909801744
lastId: 1358932739347
lastId: 1358961534922
lastId: 1359004773662
lastId: 1359033670142
lastId: 1359089945500
lastId: 1359111689704
lastId: 1359130404448
lastId: 1359174589807
lastId: 1359204331399
lastId: 1359268813366
lastId: 1359298083301
lastId: 1359354059884
lastId: 1359372910150
lastId: 1359426419424
lastId: 1359442847232
lastId: 1359462624564
lastId: 1359508018565
lastId: 1359522629669
lastId: 1359539417892
lastId: 1359595701422
lastId: 1359615879863
lastId: 1359639209649
lastId: 1359697072923
lastId: 1359719305202
lastId: 1359784253495
lastId: 1359815127921
lastId: 1359882008968
lastId: 1359946516739
lastId: 1359962440138
lastId: 1359976815653
lastId: 1360016297142
lastId: 1360045138828
lastId: 1360063729876
lastId: 1360117313244
lastId: 1360130234581
lastId: 1360144968399
lastId: 1360163993129
lastId: 1360211299886
lastId: 1360231162987
lastId: 1360285318675
lastId: 1360314276978
lastId: 1360372167592
lastId: 1360411901731
lastId: 1360483442445
lastId: 1360551074870
lastId: 1360584486256
lastId: 1360654682695
lastId: 1360679957880
lastId: 1360731415681
lastId: 1360763155820
lastId: 1360831177449
lastId: 1360900734277
lastId: 1360925641236
lastId: 1360986190393
lastId: 1361010817624
lastId: 1361066802337
lastId: 1361091759711
lastId: 1361150732956
lastId: 1361176737359
lastId: 1361197594546
lastId: 1361249898182
lastId: 1361272751288
lastId: 1361331010342
lastId: 1361351287392
lastId: 1361373201458
lastId: 1361418068631
lastId: 1361440426730
lastId: 1361502102134
lastId: 1361521035580
lastId: 1361554145279
lastId: 1361617261447
lastId: 1361686279420
lastId: 1361757930343
lastId: 1361787120999
lastId: 1361853092820
lastId: 1361883190670
lastId: 1361945871644
lastId: 1361978185143
lastId: 1362039898459
lastId: 1362108843141
lastId: 1362135812376
lastId: 1362198419167
lastId: 1362232069120
lastId: 1362301133711
lastId: 1362384312610
lastId: 1362450213148
lastId: 1362486163458
lastId: 1362558893187
lastId: 1362628786655
lastId: 1362655979528
lastId: 1362718809513
lastId: 1362747028247
lastId: 1362793818409
lastId: 1362824343600
lastId: 1362859339100
lastId: 1362895822613
lastId: 1362926207304
lastId: 1362992169233
lastId: 1363045960666
lastId: 1363080069356
lastId: 1363134194977
lastId: 1363165377563
lastId: 1363190960669
lastId: 1363237887102
lastId: 1363261336291
lastId: 1363321048152
lastId: 1363345952954
lastId: 1363409403538
lastId: 1363430163164
lastId: 1363456359740
lastId: 1363506081664
lastId: 1363575852651
lastId: 1363604671497
lastId: 1363666407790
lastId: 1363692168802
lastId: 1363753858765
lastId: 1363786602610
lastId: 1363844039427
lastId: 1363874335323
lastId: 1363936257256
lastId: 1363959878679
lastId: 1364010926820
lastId: 1364037338915
lastId: 1364095919544
lastId: 1364127325920
lastId: 1364189823140
lastId: 1364217456119
lastId: 1364275234451
lastId: 1364294696205
lastId: 1364337120877
lastId: 1364372019371
lastId: 1364412236123
lastId: 1364456612432
lastId: 1364487642728
lastId: 1364546864323
lastId: 1364600986272
lastId: 1364636683950
lastId: 1364697601949
lastId: 1364719058506
lastId: 1364787999328
lastId: 1364810477819
lastId: 1364834692523
lastId: 1364885352604
lastId: 1364913824778
lastId: 1364968959992
lastId: 1364989268470
lastId: 1365044779288
lastId: 1365069554900
lastId: 1365123460493
lastId: 1365154451882
lastId: 1365201333437
lastId: 1365239763477
lastId: 1365307948754
lastId: 1365334642713
lastId: 1365394887111
lastId: 1365420072313
lastId: 1365479908381
lastId: 1365500564961
lastId: 1365558884723
lastId: 1365575612571
lastId: 1365592147459
lastId: 1365642928968
lastId: 1365663545215
lastId: 1365681816902
lastId: 1365727011576
lastId: 1365749486767
lastId: 1365762320482
lastId: 1365769939454
lastId: 1365779312506
lastId: 1365815655562
lastId: 1365831742521
lastId: 1365846402863
lastId: 1365863069987
lastId: 1365910550606
lastId: 1365920948184
lastId: 1365932723874
lastId: 1365947816719
lastId: 1365997197775
lastId: 1366011070542
lastId: 1366024138821
lastId: 1366042271340
lastId: 1366093799372
lastId: 1366109985285
lastId: 1366135239485
lastId: 1366177136794
lastId: 1366195548879
lastId: 1366260483786
lastId: 1366276714384
lastId: 1366288908655
lastId: 1366333014741
lastId: 1366350862599
lastId: 1366366502966
lastId: 1366383395387
lastId: 1366430764451
lastId: 1366443603294
lastId: 1366455771445
lastId: 1366471803258
lastId: 1366516654280
lastId: 1366525342797
lastId: 1366535197765
lastId: 1366544466744
lastId: 1366582587786
lastId: 1366610617944
lastId: 1366628395189
lastId: 1366652244628
lastId: 1366695605298
lastId: 1366712168964
lastId: 1366728619975
lastId: 1366774704346
lastId: 1366782619789
lastId: 1366795242723
lastId: 1366805317606
lastId: 1366825630459
lastId: 1366866538390
lastId: 1366883603124
lastId: 1366900284611
lastId: 1366950298667
lastId: 1366968721491
lastId: 1366982199401
lastId: 1367032171828
lastId: 1367048397964
lastId: 1367064838144
lastId: 1367110238362
lastId: 1367127317164
lastId: 1367143064141
lastId: 1367155772667
lastId: 1367196326179
lastId: 1367212362277
lastId: 1367226875620
lastId: 1367242139169
lastId: 1367290342483
lastId: 1367304280387
lastId: 1367314064269
lastId: 1367322855670
lastId: 1367339220453
lastId: 1367380760721
lastId: 1367398641938
lastId: 1367420942142
lastId: 1367471291214
lastId: 1367488076765
lastId: 1367505248395
lastId: 1367555417790
lastId: 1367573483801
lastId: 1367589721635
lastId: 1367639747715
lastId: 1367661086645
lastId: 1367681811788
lastId: 1367730093557
lastId: 1367750511135
lastId: 1367807729706
lastId: 1367828350894
lastId: 1367849317902
lastId: 1367895702417
lastId: 1367909286686
lastId: 1367925653658
lastId: 1367976920610
lastId: 1368003465628
lastId: 1368044926868
lastId: 1368085700920
lastId: 1368105861135
lastId: 1368160736549
lastId: 1368183091882
lastId: 1368205806969
lastId: 1368255735406
lastId: 1368275130454
lastId: 1368327220765
lastId: 1368344952933
lastId: 1368363932742
lastId: 1368420237591
lastId: 1368444321210
lastId: 1368500789168
lastId: 1368521406452
lastId: 1368540769964
lastId: 1368594435259
lastId: 1368621326210
lastId: 1368675912311
lastId: 1368696328662
lastId: 1368714968429
lastId: 1368767291186
lastId: 1368788363451
lastId: 1368838492292
lastId: 1368861158391
lastId: 1368892809579
lastId: 1368941273999
lastId: 1368964409864
lastId: 1369023053880
lastId: 1369043723253
lastId: 1369084882587
lastId: 1369113799541
lastId: 1369132764310
lastId: 1369160958552
lastId: 1369201402579
lastId: 1369221198817
lastId: 1369273294491
lastId: 1369292572318
lastId: 1369311581527
lastId: 1369362686976
lastId: 1369385088170
lastId: 1369403522372
lastId: 1369451938502
lastId: 1369468770782
lastId: 1369485297531
lastId: 1369525732426
lastId: 1369552045667
lastId: 1369567540445
lastId: 1369597153797
lastId: 1369637462515
lastId: 1369658339781
lastId: 1369712437793
lastId: 1369733970721
lastId: 1369785676810
lastId: 1369816550532
lastId: 1369835365244
lastId: 1369886933670
lastId: 1369909373720
lastId: 1369957649139
lastId: 1369983983995
lastId: 1370000105416
lastId: 1370019226753
lastId: 1370055965804
lastId: 1370071480465
lastId: 1370088745293
lastId: 1370134348193
lastId: 1370154933829
lastId: 1370173485176
lastId: 1370226628153
lastId: 1370248340249
lastId: 1370265866147
lastId: 1370318820456
lastId: 1370340500238
lastId: 1370359770686
lastId: 1370401421544
lastId: 1370423902575
lastId: 1370449229896
lastId: 1370498571772
lastId: 1370515786714
lastId: 1370547668387
lastId: 1370582189367
lastId: 1370599392938
lastId: 1370645101564
lastId: 1370674469616
lastId: 1370693132242
lastId: 1370737320348
lastId: 1370762837817
lastId: 1370787005195
lastId: 1370838724852
lastId: 1370861030466
lastId: 1370894964315
lastId: 1370935718709
lastId: 1370961770677
lastId: 1371015135210
lastId: 1371045100702
lastId: 1371105382562
lastId: 1371139647947
lastId: 1371190584972
lastId: 1371214388380
lastId: 1371266818645
lastId: 1371286693700
lastId: 1371307542418
lastId: 1371357907290
lastId: 1371376835779
lastId: 1371421393589
lastId: 1371452190463
lastId: 1371473746383
lastId: 1371528685458
lastId: 1371551928383
lastId: 1371613468212
lastId: 1371634576617
lastId: 1371651425497
lastId: 1371693250825
lastId: 1371705424209
lastId: 1371724086980
lastId: 1371744392163
lastId: 1371790631937
lastId: 1371804756402
lastId: 1371818333821
lastId: 1371857335822
lastId: 1371882397121
lastId: 1371899108440
lastId: 1371918721804
lastId: 1371959467586
lastId: 1371981874177
lastId: 1372039503773
lastId: 1372059872573
lastId: 1372080499749
lastId: 1372141337995
lastId: 1372160556757
lastId: 1372213956617
lastId: 1372231084486
lastId: 1372253576835
lastId: 1372306745457
lastId: 1372325586885
lastId: 1372339590967
lastId: 1372382265492
lastId: 1372397269510
lastId: 1372411719201
lastId: 1372424468664
lastId: 1372464296406
lastId: 1372483099953
lastId: 1372506110687
lastId: 1372563569155
lastId: 1372595372357
lastId: 1372652148817
lastId: 1372675357390
lastId: 1372722707837
lastId: 1372741286145
lastId: 1372752935679
lastId: 1372765330148
lastId: 1372785273346
lastId: 1372822053925
lastId: 1372832591733
lastId: 1372846337684
lastId: 1372865011576
lastId: 1372908636814
lastId: 1372925767619
lastId: 1372945150716
lastId: 1372995304748
lastId: 1373012469377
lastId: 1373033036327
lastId: 1373086735919
lastId: 1373111988834
lastId: 1373162045189
lastId: 1373183437222
lastId: 1373210718645
lastId: 1373261136473
lastId: 1373276877635
lastId: 1373292189543
lastId: 1373340783766
lastId: 1373354804213
lastId: 1373368109151
lastId: 1373388801268
lastId: 1373427629804
lastId: 1373438819384
lastId: 1373448584834
lastId: 1373458005393
lastId: 1373472914280
lastId: 1373506516862
lastId: 1373515774650
lastId: 1373525107178
lastId: 1373536617379
lastId: 1373546480303
lastId: 1373582414797
lastId: 1373601950220
lastId: 1373617655334
lastId: 1373637744567
lastId: 1373689622713
lastId: 1373705951363
lastId: 1373720365689
lastId: 1373768992475
lastId: 1373789911521
lastId: 1373812414574
lastId: 1373864805883
lastId: 1373882308715
lastId: 1373918833970
lastId: 1373954204559
lastId: 1373969104591
lastId: 1373985177235
lastId: 1374029783652
lastId: 1374043638237
lastId: 1374055690267
lastId: 1374066618629
lastId: 1374102516708
lastId: 1374117253168
lastId: 1374127336105
lastId: 1374138603677
lastId: 1374150409380
lastId: 1374186458354
lastId: 1374207764202
lastId: 1374223024354
lastId: 1374245115353
lastId: 1374299198693
lastId: 1374317852950
lastId: 1374372714536
lastId: 1374394439629
lastId: 1374429319879
lastId: 1374470364281
lastId: 1374488767981
lastId: 1374517054236
lastId: 1374554473687
lastId: 1374570347658
lastId: 1374584340598
lastId: 1374627152727
lastId: 1374637146909
lastId: 1374646804292
lastId: 1374663004467
lastId: 1374686145866
lastId: 1374723321771
lastId: 1374739214420
lastId: 1374755293786
lastId: 1374806045293
lastId: 1374818373491
lastId: 1374833809765
lastId: 1374851732644
lastId: 1374898085222
lastId: 1374918606960
lastId: 1374977031117
lastId: 1374998305808
lastId: 1375012160654
lastId: 1375052332533
lastId: 1375071726633
lastId: 1375084597917
lastId: 1375097174821
lastId: 1375136783229
lastId: 1375161173890
lastId: 1375180677955
lastId: 1375231194677
lastId: 1375247923898
lastId: 1375261878647
lastId: 1375276739406
lastId: 1375321704347
lastId: 1375335378100
lastId: 1375344455887
lastId: 1375354950156
lastId: 1375371312611
lastId: 1375414412396
lastId: 1375430310383
lastId: 1375440132371
lastId: 1375454211485
lastId: 1375498718915
lastId: 1375513813474
lastId: 1375527352627
lastId: 1375545498618
lastId: 1375589655456
lastId: 1375613965995
lastId: 1375669782898
lastId: 1375682413367
lastId: 1375695985136
lastId: 1375708303866
lastId: 1375750469639
lastId: 1375765501457
lastId: 1375779920959
lastId: 1375797129604
lastId: 1375844188550
lastId: 1375858508708
lastId: 1375879008925
lastId: 1375930394390
lastId: 1375941364323
lastId: 1375954735310
lastId: 1375968619676
lastId: 1376014057948
lastId: 1376026700255
lastId: 1376043296167
lastId: 1376066353130
lastId: 1376112881823
lastId: 1376130340518
lastId: 1376145693605
lastId: 1376189342301
lastId: 1376205146261
lastId: 1376221788336
lastId: 1376264452478
lastId: 1376282411540
lastId: 1376295345648
lastId: 1376306700358
lastId: 1376326307253
lastId: 1376364459795
lastId: 1376373753986
lastId: 1376385125841
lastId: 1376394082617
lastId: 1376407937979
lastId: 1376449212218
lastId: 1376461940880
lastId: 1376473950162
lastId: 1376490675997
lastId: 1376533736592
lastId: 1376544929739
lastId: 1376559553329
lastId: 1376573262232
lastId: 1376619730893
lastId: 1376634011519
lastId: 1376646450800
lastId: 1376657775135
lastId: 1376696995607
lastId: 1376713664735
lastId: 1376729005368
lastId: 1376746565561
lastId: 1376793052886
lastId: 1376812220929
lastId: 1376832782850
lastId: 1376882294585
lastId: 1376894912135
lastId: 1376906587704
lastId: 1376919940261
lastId: 1376964462410
lastId: 1376979964649
lastId: 1376992279621
lastId: 1377008231749
lastId: 1377047006332
lastId: 1377057821894
lastId: 1377066643631
lastId: 1377079796861
lastId: 1377095869861
lastId: 1377142009307
lastId: 1377153589451
lastId: 1377167068573
lastId: 1377180788415
lastId: 1377225858525
lastId: 1377240702344
lastId: 1377257443994
lastId: 1377307060662
lastId: 1377327095634
lastId: 1377348162961
lastId: 1377398010793
lastId: 1377419275252
lastId: 1377447952999
lastId: 1377492510869
lastId: 1377507397835
lastId: 1377522527295
lastId: 1377570145714
lastId: 1377587595363
lastId: 1377604186350
lastId: 1377653277678
lastId: 1377666120110
lastId: 1377678938836
lastId: 1377690820400
lastId: 1377702439861
lastId: 1377740378979
lastId: 1377751989433
lastId: 1377769351769
lastId: 1377784283148
lastId: 1377833466219
lastId: 1377849387801
lastId: 1377870307830
lastId: 1377927053899
lastId: 1377950091294
lastId: 1378008109632
lastId: 1378029683993
lastId: 1378080195385
lastId: 1378105510238
lastId: 1378125623367
lastId: 1378179748391
lastId: 1378202569385
lastId: 1378239643704
lastId: 1378277939480
lastId: 1378302357399
lastId: 1378356364202
lastId: 1378377468943
lastId: 1378433401581
lastId: 1378451493330
lastId: 1378470650241
lastId: 1378517307248
lastId: 1378538995286
lastId: 1378562123768
lastId: 1378610620739
lastId: 1378635087508
lastId: 1378690932948
lastId: 1378713338332
lastId: 1378738810517
lastId: 1378790079879
lastId: 1378810811304
lastId: 1378834168224
lastId: 1378880828909
lastId: 1378899985789
lastId: 1378952760837
lastId: 1378974396576
lastId: 1378994885927
lastId: 1379051869957
lastId: 1379077626160
lastId: 1379134514677
lastId: 1379156480255
lastId: 1379213149405
lastId: 1379239556205
lastId: 1379298789752
lastId: 1379318824468
lastId: 1379340148444
lastId: 1379394855657
lastId: 1379417845930
lastId: 1379476251266
lastId: 1379497497977
lastId: 1379517004811
lastId: 1379566373923
lastId: 1379585702486
lastId: 1379635487241
lastId: 1379660522112
lastId: 1379681406167
lastId: 1379736249644
lastId: 1379757705134
lastId: 1379808850999
lastId: 1379835865603
lastId: 1379855422848
lastId: 1379910234863
lastId: 1379931154799
lastId: 1379983871965
lastId: 1380010415401
lastId: 1380061445388
lastId: 1380095298504
lastId: 1380121225387
lastId: 1380173108280
lastId: 1380192004465
lastId: 1380249496941
lastId: 1380269232314
lastId: 1380304658973
lastId: 1380356874619
lastId: 1380380900137
lastId: 1380428456742
lastId: 1380449898104
lastId: 1380507228153
lastId: 1380526870466
lastId: 1380547662514
lastId: 1380600570975
lastId: 1380627825433
lastId: 1380685197767
lastId: 1380706935225
lastId: 1380756424634
lastId: 1380779781668
lastId: 1380797326997
lastId: 1380820533300
lastId: 1380863647557
lastId: 1380881224410
lastId: 1380901511202
lastId: 1380950080663
lastId: 1380963342942
lastId: 1380975026394
lastId: 1381000023539
lastId: 1381035756688
lastId: 1381056676667
lastId: 1381087909887
lastId: 1381126348108
lastId: 1381155655286
lastId: 1381208732841
lastId: 1381232972753
lastId: 1381289974615
lastId: 1381309607281
lastId: 1381327757917
lastId: 1381379202722
lastId: 1381397815985
lastId: 1381416173114
lastId: 1381466684956
lastId: 1381489543910
lastId: 1381546671241
lastId: 1381563322263
lastId: 1381578490500
lastId: 1381631906681
lastId: 1381650183630
lastId: 1381670183872
lastId: 1381724744507
lastId: 1381745983616
lastId: 1381807636625
lastId: 1381826598993
lastId: 1381844970880
lastId: 1381897184913
lastId: 1381918853580
lastId: 1381977279409
lastId: 1382000917604
lastId: 1382067807489
lastId: 1382089115513
lastId: 1382136031576
lastId: 1382164252914
lastId: 1382183002367
lastId: 1382233355400
lastId: 1382256985485
lastId: 1382323112331
lastId: 1382344495242
lastId: 1382364411327
lastId: 1382419422214
lastId: 1382445608437
lastId: 1382505929200
lastId: 1382530152909
lastId: 1382589629775
lastId: 1382615951673
lastId: 1382668304948
lastId: 1382696054544
lastId: 1382750190636
lastId: 1382769459957
lastId: 1382789499988
lastId: 1382842805308
lastId: 1382863858522
lastId: 1382899226629
lastId: 1382944462183
lastId: 1382964456353
lastId: 1383019184227
lastId: 1383043331859
lastId: 1383103865641
lastId: 1383122236598
lastId: 1383141006689
lastId: 1383192875580
lastId: 1383215058406
lastId: 1383270132955
lastId: 1383290530754
lastId: 1383318709965
lastId: 1383369272469
lastId: 1383386861129
lastId: 1383403360685
lastId: 1383453347428
lastId: 1383468657456
lastId: 1383492665713
lastId: 1383542882715
lastId: 1383561569504
lastId: 1383589457787
lastId: 1383635692796
lastId: 1383656596368
lastId: 1383712493298
lastId: 1383730994708
lastId: 1383792835232
lastId: 1383811265988
lastId: 1383832258868
lastId: 1383886504351
lastId: 1383907756462
lastId: 1383964355721
lastId: 1383980331281
lastId: 1384001237358
lastId: 1384056767702
lastId: 1384075843314
lastId: 1384097492619
lastId: 1384148508239
lastId: 1384164706765
lastId: 1384218117474
lastId: 1384246128634
lastId: 1384298644163
lastId: 1384332088607
lastId: 1384362042569
lastId: 1384411354225
lastId: 1384428694131
lastId: 1384482685773
lastId: 1384498871666
lastId: 1384513776599
lastId: 1384559596380
lastId: 1384585231732
lastId: 1384609789994
lastId: 1384659063964
lastId: 1384678296371
lastId: 1384724338188
lastId: 1384760556158
lastId: 1384792355235
lastId: 1384842742253
lastId: 1384866429568
lastId: 1384922257899
lastId: 1384944825878
lastId: 1384998910753
lastId: 1385020899591
lastId: 1385044965505
lastId: 1385101105625
lastId: 1385117450112
lastId: 1385155461546
lastId: 1385187230862
lastId: 1385200825538
lastId: 1385217557185
lastId: 1385264878919
lastId: 1385278947220
lastId: 1385298172883
lastId: 1385351921402
lastId: 1385368077439
lastId: 1385383723442
lastId: 1385435854641
lastId: 1385453961712
lastId: 1385474563522
lastId: 1385532631560
lastId: 1385559682658
lastId: 1385617134748
lastId: 1385642638930
lastId: 1385700594777
lastId: 1385723799341
lastId: 1385779655524
lastId: 1385798052612
lastId: 1385818865688
lastId: 1385873023892
lastId: 1385894634204
lastId: 1385954226618
lastId: 1385977289756
lastId: 1386041204444
lastId: 1386066737628
lastId: 1386125995261
lastId: 1386152997737
lastId: 1386216225990
lastId: 1386238931441
lastId: 1386297911666
lastId: 1386316988444
lastId: 1386339514372
lastId: 1386396820194
lastId: 1386421045906
lastId: 1386477651519
lastId: 1386498857985
lastId: 1386562553265
lastId: 1386585830250
lastId: 1386647716253
lastId: 1386672039635
lastId: 1386733375591
lastId: 1386756244394
lastId: 1386815342876
lastId: 1386832595208
lastId: 1386901673565
lastId: 1386924321751
lastId: 1386948257163
lastId: 1387002951118
lastId: 1387026805599
lastId: 1387083864805
lastId: 1387105851136
lastId: 1387172935727
lastId: 1387199617179
lastId: 1387256507170
lastId: 1387283955597
lastId: 1387341708559
lastId: 1387367790864
lastId: 1387430531530
lastId: 1387455533575
lastId: 1387512924195
lastId: 1387541798929
lastId: 1387603760566
lastId: 1387636648750
lastId: 1387692569108
lastId: 1387735345668
lastId: 1387784293571
lastId: 1387808707591
lastId: 1387864578990
lastId: 1387889012716
lastId: 1387948628338
lastId: 1387973899364
lastId: 1388031029147
lastId: 1388058492320
lastId: 1388120307879
lastId: 1388144740970
lastId: 1388206829345
lastId: 1388241788329
lastId: 1388303376632
lastId: 1388374343939
lastId: 1388398341779
lastId: 1388461222311
lastId: 1388481047383
lastId: 1388503560708
lastId: 1388558378162
lastId: 1388592154106
lastId: 1388644471658
lastId: 1388672756797
lastId: 1388725729435
lastId: 1388745133143
lastId: 1388776886187
lastId: 1388818919993
lastId: 1388857802887
lastId: 1388904485510
lastId: 1388931867452
lastId: 1388990193835
lastId: 1389014892718
lastId: 1389072877363
lastId: 1389095353953
lastId: 1389152171582
lastId: 1389173859542
lastId: 1389208817309
lastId: 1389243315454
lastId: 1389287266516
lastId: 1389343160553
lastId: 1389373340797
lastId: 1389428756144
lastId: 1389491005205
lastId: 1389513580789
lastId: 1389537989660
lastId: 1389596384186
lastId: 1389622002425
lastId: 1389677951542
lastId: 1389702999817
lastId: 1389759021793
lastId: 1389779049799
lastId: 1389794488341
lastId: 1389843327584
lastId: 1389861525852
lastId: 1389923562913
lastId: 1389939837133
lastId: 1389954205245
lastId: 1389987169379
lastId: 1390029350174
lastId: 1390050984957
lastId: 1390106133918
lastId: 1390134275258
lastId: 1390191890500
lastId: 1390210090638
lastId: 1390229626248
lastId: 1390280034373
lastId: 1390300588169
lastId: 1390357784463
lastId: 1390366308198
lastId: 1390382480288
lastId: 1390401266206
lastId: 1390450482425
lastId: 1390466824590
lastId: 1390484893829
lastId: 1390534674924
lastId: 1390553622998
lastId: 1390594042834
lastId: 1390631328253
lastId: 1390654093284
lastId: 1390706279711
lastId: 1390722944899
lastId: 1390739747505
lastId: 1390792849949
lastId: 1390805753182
lastId: 1390820994154
lastId: 1390875876208
lastId: 1390889650555
lastId: 1390908676453
lastId: 1390967047451
lastId: 1390984190813
lastId: 1391003884715
lastId: 1391053437443
lastId: 1391071847878
lastId: 1391129868286
lastId: 1391149824255
lastId: 1391179958553
lastId: 1391233535484
lastId: 1391260716254
lastId: 1391317063855
lastId: 1391335065823
lastId: 1391355984799
lastId: 1391406055137
lastId: 1391426412365
lastId: 1391481823736
lastId: 1391501889201
lastId: 1391526864497
lastId: 1391576152672
lastId: 1391594846688
lastId: 1391632875456
lastId: 1391667343480
lastId: 1391678589819
lastId: 1391693261975
lastId: 1391741015869
lastId: 1391754980872
lastId: 1391783389262
lastId: 1391831683516
lastId: 1391849222163
lastId: 1391868964143
lastId: 1391922409439
lastId: 1391939524833
lastId: 1391960304169
lastId: 1392005647922
lastId: 1392021695151
lastId: 1392040586921
lastId: 1392091214217
lastId: 1392106204805
lastId: 1392124826555
lastId: 1392176130514
lastId: 1392186741478
lastId: 1392195883206
lastId: 1392206565667
lastId: 1392246304423
lastId: 1392265212192
lastId: 1392277107948
lastId: 1392286986739
lastId: 1392298784136
lastId: 1392344016141
lastId: 1392355980816
lastId: 1392378253713
lastId: 1392436602993
lastId: 1392456861960
lastId: 1392500624261
lastId: 1392541018130
lastId: 1392608865490
lastId: 1392632266406
lastId: 1392696212684
lastId: 1392718699871
lastId: 1392779916485
lastId: 1392801727202
lastId: 1392857054263
lastId: 1392881077201
lastId: 1392942275783
lastId: 1392967595991
lastId: 1392984249805
lastId: 1393037827681
lastId: 1393060363438
lastId: 1393125393383
lastId: 1393147273550
lastId: 1393216443633
lastId: 1393243796889
lastId: 1393307603503
lastId: 1393378471538
lastId: 1393404853335
lastId: 1393454249936
lastId: 1393485811306
lastId: 1393516701832
lastId: 1393571175149
lastId: 1393595010144
lastId: 1393648758906
lastId: 1393669386538
lastId: 1393730072689
lastId: 1393748133581
lastId: 1393812561191
lastId: 1393845287573
lastId: 1393921379612
lastId: 1393990863491
lastId: 1394016165313
lastId: 1394080563135
lastId: 1394111080889
lastId: 1394176717971
lastId: 1394237701330
lastId: 1394264348524
lastId: 1394290320912
lastId: 1394342671438
lastId: 1394387044454
lastId: 1394443309613
lastId: 1394509609512
lastId: 1394541745950
lastId: 1394606509847
lastId: 1394636689874
lastId: 1394687314894
lastId: 1394710199995
lastId: 1394767840876
lastId: 1394787524206
lastId: 1394810296159
lastId: 1394862627990
lastId: 1394885145441
lastId: 1394940959745
lastId: 1394957444131
lastId: 1395019189861
lastId: 1395045908147
lastId: 1395096776336
lastId: 1395130508653
lastId: 1395195597930
lastId: 1395220878996
lastId: 1395282785823
lastId: 1395302284958
lastId: 1395329949306
lastId: 1395384551173
lastId: 1395413326223
lastId: 1395466979766
lastId: 1395491949291
lastId: 1395551300624
lastId: 1395574615821
lastId: 1395635620383
lastId: 1395665268627
lastId: 1395729107518
lastId: 1395799840665
lastId: 1395818546758
lastId: 1395845378271
lastId: 1395893649949
lastId: 1395918173975
lastId: 1395980126291
lastId: 1395996524943
lastId: 1396011569149
lastId: 1396066120271
lastId: 1396081952352
lastId: 1396116462534
lastId: 1396161535815
lastId: 1396232032507
lastId: 1396256807225
lastId: 1396322391593
lastId: 1396348945794
lastId: 1396412336939
lastId: 1396437313455
lastId: 1396499826947
lastId: 1396522788379
lastId: 1396582961402
lastId: 1396607325612
lastId: 1396671423357
lastId: 1396703893383
lastId: 1396760980618
lastId: 1396786738441
lastId: 1396848475385
lastId: 1396923988217
lastId: 1396950749585
lastId: 1397014736553
lastId: 1397040328598
lastId: 1397103800157
lastId: 1397133621703
lastId: 1397193427412
lastId: 1397213918357
lastId: 1397269469869
lastId: 1397292531470
lastId: 1397360861418
lastId: 1397388020131
lastId: 1397457884873
lastId: 1397528490787
lastId: 1397550175962
lastId: 1397615851970
lastId: 1397640353630
lastId: 1397702585147
lastId: 1397726753279
lastId: 1397790623240
lastId: 1397808674262
lastId: 1397828981239
lastId: 1397881408487
lastId: 1397898005440
lastId: 1397958513412
lastId: 1397979617961
lastId: 1398042243688
lastId: 1398064819185
lastId: 1398091096502
lastId: 1398152599264
lastId: 1398220625575
lastId: 1398236853588
lastId: 1398255094931
lastId: 1398310906471
lastId: 1398332981402
lastId: 1398393705660
lastId: 1398412365220
lastId: 1398443197270
lastId: 1398493733568
lastId: 1398527417155
lastId: 1398576910853
lastId: 1398594193620
lastId: 1398660281711
lastId: 1398686288366
lastId: 1398745947530
lastId: 1398771263900
lastId: 1398829855449
lastId: 1398848837185
lastId: 1398904316512
lastId: 1398928280764
lastId: 1398951023948
lastId: 1399001762136
lastId: 1399015461330
lastId: 1399036580576
lastId: 1399094004203
lastId: 1399123779655
lastId: 1399183174549
lastId: 1399207264139
lastId: 1399263618856
lastId: 1399290185612
lastId: 1399348309756
lastId: 1399369152176
lastId: 1399429032880
lastId: 1399446776471
lastId: 1399467037439
lastId: 1399520634122
lastId: 1399525694909
lastId: 1399535932528
lastId: 1399545691665
lastId: 1399553619220
lastId: 1399572312889
lastId: 1399606730907
lastId: 1399616589658
lastId: 1399627892530
lastId: 1399639373652
lastId: 1399654870670
lastId: 1399688652972
lastId: 1399699636352
lastId: 1399713751411
lastId: 1399731844669
lastId: 1399776292437
lastId: 1399792241824
lastId: 1399811542110
lastId: 1399854148633
lastId: 1399870114745
lastId: 1399885460634
lastId: 1399907997544
lastId: 1399962059807
lastId: 1399987888830
lastId: 1400043603790
lastId: 1400067438434
lastId: 1400119999456
lastId: 1400138001718
lastId: 1400160216478
lastId: 1400216373555
lastId: 1400236506482
lastId: 1400287565982
lastId: 1400307450403
lastId: 1400336144275
lastId: 1400389220863
lastId: 1400407871712
lastId: 1400469626793
lastId: 1400490135478
lastId: 1400550601173
lastId: 1400578570787
lastId: 1400642490958
lastId: 1400662061682
lastId: 1400696250543
lastId: 1400736735394
lastId: 1400756009374
lastId: 1400813068557
lastId: 1400833732694
lastId: 1400851650766
lastId: 1400901718953
lastId: 1400923534406
lastId: 1400986267573
lastId: 1401008273674
lastId: 1401076819804
lastId: 1401103918374
lastId: 1401165058921
lastId: 1401188362529
lastId: 1401246664494
lastId: 1401267189660
lastId: 1401327778163
lastId: 1401350324987
lastId: 1401416782314
lastId: 1401442198538
lastId: 1401507401589
lastId: 1401531917883
lastId: 1401596041490
lastId: 1401616829538
lastId: 1401679653583
lastId: 1401701032453
lastId: 1401767697826
lastId: 1401796197219
lastId: 1401861213283
lastId: 1401889156152
lastId: 1401943471964
lastId: 1401963922907
lastId: 1402023594402
lastId: 1402035411165
lastId: 1402054713784
lastId: 1402112005896
lastId: 1402134281404
lastId: 1402195130836
lastId: 1402212451198
lastId: 1402282937921
lastId: 1402305452672
lastId: 1402371533208
lastId: 1402396881854
lastId: 1402458325216
lastId: 1402478998987
lastId: 1402535919883
lastId: 1402561214666
lastId: 1402628448341
lastId: 1402649822996
lastId: 1402717553659
lastId: 1402744430708
lastId: 1402807141123
lastId: 1402831411746
lastId: 1402892722563
lastId: 1402916099297
lastId: 1402977100471
lastId: 1403001249698
lastId: 1403062155100
lastId: 1403083446256
lastId: 1403146079891
lastId: 1403165203183
lastId: 1403231757735
lastId: 1403248948506
lastId: 1403271207404
lastId: 1403329439769
lastId: 1403397431375
lastId: 1403427895342
lastId: 1403494001724
lastId: 1403513139682
lastId: 1403576136754
lastId: 1403594171191
lastId: 1403619016432
lastId: 1403673204147
lastId: 1403697491119
lastId: 1403758095982
lastId: 1403778569875
lastId: 1403830707521
lastId: 1403849731466
lastId: 1403875047218
lastId: 1403929445611
lastId: 1403955819722
lastId: 1404013698532
lastId: 1404036488794
lastId: 1404087911826
lastId: 1404110176517
lastId: 1404130907813
lastId: 1404183946854
lastId: 1404198225975
lastId: 1404218047237
lastId: 1404271764922
lastId: 1404288339836
lastId: 1404308510528
lastId: 1404357784386
lastId: 1404373949648
lastId: 1404395389873
lastId: 1404444816363
lastId: 1404457622776
lastId: 1404474126931
lastId: 1404528430238
lastId: 1404543330476
lastId: 1404564260224
lastId: 1404618029336
lastId: 1404640954902
lastId: 1404699842140
lastId: 1404717195247
lastId: 1404734634904
lastId: 1404787148669
lastId: 1404802116150
lastId: 1404822756705
lastId: 1404876259114
lastId: 1404891428621
lastId: 1404910491208
lastId: 1404961622255
lastId: 1404975461758
lastId: 1404993606436
lastId: 1405049177577
lastId: 1405063435792
lastId: 1405080712645
lastId: 1405134658806
lastId: 1405151173677
lastId: 1405175907597
lastId: 1405225438789
lastId: 1405246771206
lastId: 1405303257460
lastId: 1405319380125
lastId: 1405339830887
lastId: 1405396436537
lastId: 1405408756922
lastId: 1405425155938
lastId: 1405480260699
lastId: 1405493326953
lastId: 1405508601157
lastId: 1405556987266
lastId: 1405571574657
lastId: 1405586565285
lastId: 1405610094193
lastId: 1405654999799
lastId: 1405669220314
lastId: 1405691396441
lastId: 1405744220256
lastId: 1405762186642
lastId: 1405781199593
lastId: 1405826960589
lastId: 1405845202296
lastId: 1405873328371
lastId: 1405916904433
lastId: 1405931771502
lastId: 1405959883359
lastId: 1406005338217
lastId: 1406024020233
lastId: 1406077131519
lastId: 1406090910128
lastId: 1406107403938
lastId: 1406140315563
lastId: 1406173596789
lastId: 1406187054279
lastId: 1406204414657
lastId: 1406258728473
lastId: 1406274701884
lastId: 1406291936613
lastId: 1406341232359
lastId: 1406353199698
lastId: 1406367977191
lastId: 1406390585683
lastId: 1406435996867
lastId: 1406452099393
lastId: 1406470812229
lastId: 1406517055338
lastId: 1406531295288
lastId: 1406547590950
lastId: 1406600768696
lastId: 1406610384448
lastId: 1406622716245
lastId: 1406635121990
lastId: 1406683510291
lastId: 1406690954344
lastId: 1406698348784
lastId: 1406707771651
lastId: 1406716376609
lastId: 1406730100565
lastId: 1406771263408
lastId: 1406778882592
lastId: 1406792519977
lastId: 1406804557931
lastId: 1406854331958
lastId: 1406866426636
lastId: 1406877831428
lastId: 1406889865759
lastId: 1406943869693
lastId: 1406958326974
lastId: 1406974175485
lastId: 1407031220531
lastId: 1407053987923
lastId: 1407078634297
lastId: 1407126877569
lastId: 1407144570654
lastId: 1407153879979
lastId: 1407166290921
lastId: 1407203386401
lastId: 1407210926445
lastId: 1407225106294
lastId: 1407239161801
lastId: 1407291320702
lastId: 1407305764255
lastId: 1407307083345
lastId: 1407308033396
lastId: 1407309065204
lastId: 1407310546889
lastId: 1407311364157
lastId: 1407312179886
lastId: 1407313032844
lastId: 1407313850540
lastId: 1407314635689
lastId: 1407315392529
lastId: 1407316112644
lastId: 1407317177934
lastId: 1407318451714
lastId: 1407319933413
lastId: 1407321493248
lastId: 1407323226452
lastId: 1407324932151
lastId: 1407326888789
lastId: 1407328989928
lastId: 1407330867400
lastId: 1407332694628
lastId: 1407334644453
lastId: 1407337401530
lastId: 1407342111416
lastId: 1407350078434
lastId: 1407358230852
lastId: 1407368960414
lastId: 1407371089800
lastId: 1407372612526
lastId: 1407373992179
lastId: 1407375234789
lastId: 1407376414590
lastId: 1407377399972
lastId: 1407378261412
lastId: 1407378893772
lastId: 1407379496584
lastId: 1407380014805
lastId: 1407380568405
lastId: 1407381147508
lastId: 1407381746696
lastId: 1407382498416
lastId: 1407388565689
lastId: 1407402555388
lastId: 1407417977675
lastId: 1407467459349
lastId: 1407481182575
lastId: 1407500534975
lastId: 1407555971524
lastId: 1407586280440
lastId: 1407642399286
lastId: 1407657962115
lastId: 1407680404369
lastId: 1407728663911
lastId: 1407745594985
lastId: 1407770750113
lastId: 1407818618147
lastId: 1407836424202
lastId: 1407890787147
lastId: 1407904081224
lastId: 1407918737631
lastId: 1407934712278
lastId: 1407985252192
lastId: 1407997853834
lastId: 1408011945562
lastId: 1408069419744
lastId: 1408080107601
lastId: 1408096091865
lastId: 1408139553133
lastId: 1408170132261
lastId: 1408190665724
lastId: 1408244215655
lastId: 1408262456316
lastId: 1408285219171
lastId: 1408337854432
lastId: 1408354218351
lastId: 1408379074849
lastId: 1408422944779
lastId: 1408440005609
lastId: 1408478138667
lastId: 1408509372832
lastId: 1408527232365
lastId: 1408577005113
lastId: 1408591787943
lastId: 1408599495370
lastId: 1408611867973
lastId: 1408626988628
lastId: 1408673814776
lastId: 1408688126459
lastId: 1408705141416
lastId: 1408761318467
lastId: 1408774517345
lastId: 1408790405483
lastId: 1408848918274
lastId: 1408864403830
lastId: 1408883549887
lastId: 1408936350869
lastId: 1408950692178
lastId: 1408970375200
lastId: 1409024096190
lastId: 1409038176482
lastId: 1409055949295
lastId: 1409104968839
lastId: 1409115359113
lastId: 1409129763505
lastId: 1409147125726
lastId: 1409196150282
lastId: 1409212070315
lastId: 1409232178509
lastId: 1409278651236
lastId: 1409289378475
lastId: 1409303383637
lastId: 1409327346124
lastId: 1409375195516
lastId: 1409395234730
lastId: 1409455339802
lastId: 1409476969356
lastId: 1409540818599
lastId: 1409565653930
lastId: 1409629932223
lastId: 1409655071496
lastId: 1409712937334
lastId: 1409734860169
lastId: 1409792395794
lastId: 1409818057407
lastId: 1409884619202
lastId: 1409905758643
lastId: 1409952540787
lastId: 1409989538461
lastId: 1410025557304
lastId: 1410070781701
lastId: 1410093987921
lastId: 1410147970855
lastId: 1410171717929
lastId: 1410236682677
lastId: 1410262274391
lastId: 1410325836330
lastId: 1410348798338
lastId: 1410407389186
lastId: 1410428686999
lastId: 1410491385125
lastId: 1410511006916
lastId: 1410543340965
lastId: 1410589546814
lastId: 1410611500955
lastId: 1410667996893
lastId: 1410688268408
lastId: 1410754945113
lastId: 1410795202683
lastId: 1410849782520
lastId: 1410886189251
lastId: 1410939777254
lastId: 1410994218101
lastId: 1411028690425
lastId: 1411058284572
lastId: 1411107461958
lastId: 1411141154389
lastId: 1411194342281
lastId: 1411220287420
lastId: 1411275011973
lastId: 1411299467770
lastId: 1411353588512
lastId: 1411380787342
lastId: 1411441876744
lastId: 1411469063793
lastId: 1411534347950
lastId: 1411600549357
lastId: 1411636323672
lastId: 1411671604198
lastId: 1411717976226
lastId: 1411749849913
lastId: 1411804293293
lastId: 1411818889667
lastId: 1411873777273
lastId: 1411907371501
lastId: 1411970556933
lastId: 1412042126901
lastId: 1412063144917
lastId: 1412100897768
lastId: 1412145844173
lastId: 1412182635569
lastId: 1412230529528
lastId: 1412262181863
lastId: 1412316636979
lastId: 1412341080681
lastId: 1412396077680
lastId: 1412418465762
lastId: 1412479444979
lastId: 1412504635642
lastId: 1412559508789
lastId: 1412586312912
lastId: 1412601156222
lastId: 1412651696618
lastId: 1412671588712
lastId: 1412739315661
lastId: 1412771393507
lastId: 1412833019139
lastId: 1412862382521
lastId: 1412916417648
lastId: 1412938496994
lastId: 1412998408615
lastId: 1413024623133
lastId: 1413078421465
lastId: 1413102833230
lastId: 1413126962660
lastId: 1413179195627
lastId: 1413206463296
lastId: 1413266480869
lastId: 1413311958642
lastId: 1413362402702
lastId: 1413428535871
lastId: 1413471849610
lastId: 1413535159465
lastId: 1413598862819
lastId: 1413634776909
lastId: 1413701787905
lastId: 1413719970425
lastId: 1413778172529
lastId: 1413815431788
lastId: 1413878897710
lastId: 1413950017515
lastId: 1414029532978
lastId: 1414066262302
lastId: 1414133194613
lastId: 1414182680291
lastId: 1414226722718
lastId: 1414293177993
lastId: 1414330496851
lastId: 1414402670917
lastId: 1414476510131
lastId: 1414553789920
lastId: 1414596236114
lastId: 1414658879789
lastId: 1414727495194
lastId: 1414759437828
lastId: 1414814890555
lastId: 1414844388932
lastId: 1414905381717
lastId: 1414933880279
lastId: 1415002480658
lastId: 1415074638185
lastId: 1415142278980
lastId: 1415175969698
lastId: 1415247329122
lastId: 1415289078649
lastId: 1415347253315
lastId: 1415418877191
lastId: 1415448027204
lastId: 1415513204343
lastId: 1415587858707
lastId: 1415643588646
lastId: 1415681180246
lastId: 1415691577576
lastId: 1415697690710
lastId: 1415700924761
lastId: 1415703969356
lastId: 1415706696210
lastId: 1415709706614
lastId: 1415713148320
lastId: 1415717309356
lastId: 1415728462290
lastId: 1415760321168
lastId: 1415771288814
lastId: 1415782912899
lastId: 1415793691127
lastId: 1415817364633
lastId: 1415856673199
lastId: 1415878745550
lastId: 1415933884941
lastId: 1415955882747
lastId: 1416004189691
lastId: 1416033961272
lastId: 1416062792206
lastId: 1416117969112
lastId: 1416162153373
lastId: 1416219926162
lastId: 1416291968561
lastId: 1416366884748
lastId: 1416401174734
lastId: 1416471159800
lastId: 1416543497822
lastId: 1416616105196
lastId: 1416656282714
lastId: 1416732866460
lastId: 1416812367607
lastId: 1416889204620
lastId: 1416938857248
lastId: 1416991005125
lastId: 1417060070231
lastId: 1417135302173
lastId: 1417176217741
lastId: 1417244897268
lastId: 1417316999214
lastId: 1417399625912
lastId: 1417430830239
lastId: 1417494756271
lastId: 1417530681319
lastId: 1417602582662
lastId: 1417674953275
lastId: 1417750839854
lastId: 1417786261102
lastId: 1417853233269
lastId: 1417933526198
lastId: 1418013919526
lastId: 1418094365696
lastId: 1418145322173
lastId: 1418207026428
lastId: 1418281156207
lastId: 1418355915414
lastId: 1418394388418
lastId: 1418458886368
lastId: 1418526066754
lastId: 1418609280962
lastId: 1418651470604
lastId: 1418724229525
lastId: 1418798404991
lastId: 1418872673288
lastId: 1418909654306
lastId: 1418981539898
lastId: 1419051583742
lastId: 1419120924191
lastId: 1419162846263
lastId: 1419242807745
lastId: 1419314142693
lastId: 1419395043531
lastId: 1419479121950
lastId: 1419563278668
lastId: 1419633586653
lastId: 1419676967224
lastId: 1419742401386
lastId: 1419820151289
lastId: 1419854915793
lastId: 1419927012433
lastId: 1420009248736
lastId: 1420083455615
lastId: 1420168343326
lastId: 1420249667122
lastId: 1420278454573
lastId: 1420347640743
lastId: 1420426118824
lastId: 1420513150155
lastId: 1420553909970
lastId: 1420632908637
lastId: 1420704332678
lastId: 1420782634905
lastId: 1420861141482
lastId: 1420911565572
lastId: 1420986513994
lastId: 1421057937636
lastId: 1421130789425
lastId: 1421202378246
lastId: 1421234166869
lastId: 1421302858911
lastId: 1421379701735
lastId: 1421424361937
lastId: 1421487290227
lastId: 1421551899436
lastId: 1421636036501
lastId: 1421681855244
lastId: 1421747582640
lastId: 1421816547436
lastId: 1421886027631
lastId: 1421919050645
lastId: 1421989854643
lastId: 1422042861813
lastId: 1422092170866
lastId: 1422160839990
lastId: 1422239116503
lastId: 1422277603745
lastId: 1422351196646
lastId: 1422421132942
lastId: 1422496467437
lastId: 1422536596245
lastId: 1422598038254
lastId: 1422635488690
lastId: 1422689596571
lastId: 1422757174865
lastId: 1422784744638
lastId: 1422849137934
lastId: 1422879386931
lastId: 1422940690778
lastId: 1422990409119
lastId: 1423032962294
lastId: 1423086678860
lastId: 1423116765401
lastId: 1423190979920
lastId: 1423222994275
lastId: 1423298170521
lastId: 1423367949969
lastId: 1423447514774
lastId: 1423474346127
lastId: 1423541520569
lastId: 1423618986983
lastId: 1423642422899
lastId: 1423706488768
lastId: 1423740955971
lastId: 1423807590590
lastId: 1423879382307
lastId: 1423910558672
lastId: 1423975430920
lastId: 1424039337125
lastId: 1424082687635
lastId: 1424154194692
lastId: 1424233254269
lastId: 1424310556411
lastId: 1424342365672
lastId: 1424411652820
lastId: 1424487031270
lastId: 1424524824978
lastId: 1424602350837
lastId: 1424682261531
lastId: 1424754233759
lastId: 1424816218335
lastId: 1424848705102
lastId: 1424916639424
lastId: 1424942451496
lastId: 1425009691658
lastId: 1425045017922
lastId: 1425105917531
lastId: 1425178958770
lastId: 1425256682187
lastId: 1425305327844
lastId: 1425369209790
lastId: 1425438685396
lastId: 1425501084845
lastId: 1425543399115
lastId: 1425614276760
lastId: 1425649392805
lastId: 1425714226385
lastId: 1425784209625
lastId: 1425871543289
lastId: 1425949865591
lastId: 1425998883249
lastId: 1426072836460
lastId: 1426147842903
lastId: 1426221472704
lastId: 1426301750478
lastId: 1426343472882
lastId: 1426409551696
lastId: 1426490971142
lastId: 1426577020674
lastId: 1426655370599
lastId: 1426734406105
lastId: 1426815249592
lastId: 1426856635991
lastId: 1426928227599
lastId: 1427003996579
lastId: 1427083184866
lastId: 1427162318160
lastId: 1427203311406
lastId: 1427282629942
lastId: 1427361632942
lastId: 1427434636548
lastId: 1427506146432
lastId: 1427543395280
lastId: 1427614651883
lastId: 1427703100816
lastId: 1427776022397
lastId: 1427807554322
lastId: 1427887018620
lastId: 1427966686773
lastId: 1428056211567
lastId: 1428130746562
lastId: 1428214689809
lastId: 1428299964863
lastId: 1428394077422
lastId: 1428474904153
lastId: 1428564492171
lastId: 1428654371418
lastId: 1428739381189
lastId: 1428817302813
lastId: 1428900850576
lastId: 1428990617120
lastId: 1429074346239
lastId: 1429156023384
lastId: 1429242383159
lastId: 1429324855509
lastId: 1429399951731
lastId: 1429453167806
lastId: 1429534027298
lastId: 1429618388486
lastId: 1429705275645
lastId: 1429793715734
lastId: 1429875456169
lastId: 1429951363900
lastId: 1430039507777
lastId: 1430122147846
lastId: 1430207355423
lastId: 1430289395840
lastId: 1430368207860
lastId: 1430448957355
lastId: 1430484709640
lastId: 1430561135211
lastId: 1430635863373
lastId: 1430719441875
lastId: 1430799114500
lastId: 1430880291478
lastId: 1430944075217
lastId: 1431007555309
lastId: 1431079198647
lastId: 1431144881197
lastId: 1431211616201
lastId: 1431252763169
lastId: 1431318802404
lastId: 1431354745786
lastId: 1431426399510
lastId: 1431510189578
lastId: 1431586429171
lastId: 1431665249123
lastId: 1431744871973
lastId: 1431793369527
lastId: 1431861167576
lastId: 1431942792993
lastId: 1432028884732
lastId: 1432116018126
lastId: 1432202180557
lastId: 1432282928176
lastId: 1432366776819
lastId: 1432441637390
lastId: 1432529082397
lastId: 1432611848579
lastId: 1432697861685
lastId: 1432782212511
lastId: 1432868326726
lastId: 1432950309334
lastId: 1433037400486
lastId: 1433129526885
lastId: 1433219001841
lastId: 1433317534165
lastId: 1433414093942
lastId: 1433500041176
lastId: 1433591520163
lastId: 1433682666786
lastId: 1433809095691
lastId: 1433903628178
lastId: 1433994471698
lastId: 1434086001760
lastId: 1434178991836
lastId: 1434266336289
lastId: 1434359997507
lastId: 1434451908372
lastId: 1434537020867
lastId: 1434617456761
lastId: 1434699619447
lastId: 1434789705474
lastId: 1434879217848
lastId: 1434960761787
lastId: 1435066666244
lastId: 1435150587616
lastId: 1435232847568
lastId: 1435327610309
lastId: 1435461134706
lastId: 1435561610416
lastId: 1435654255601
lastId: 1435747110221
lastId: 1435841529597
lastId: 1435969572749
lastId: 1436065017232
lastId: 1436155989628
lastId: 1436247607376
lastId: 1436334304613
lastId: 1436414102358
lastId: 1436497271168
lastId: 1436581969901
lastId: 1436676126764
lastId: 1436759275422
lastId: 1436840473603
lastId: 1436925788924
lastId: 1436957080894
lastId: 1437028913735
lastId: 1437109636657
lastId: 1437197612229
lastId: 1437290039821
lastId: 1437386655899
lastId: 1437476416486
lastId: 1437545351889
lastId: 1437620597886
lastId: 1437704622952
lastId: 1437788024401
lastId: 1437888829179
lastId: 1437986148230
lastId: 1438064993106
lastId: 1438140384298
lastId: 1438231349684
lastId: 1438314957708
lastId: 1438401525344
lastId: 1438493410232
lastId: 1438587611953
lastId: 1438665583344
lastId: 1438746187686
lastId: 1438825675460
lastId: 1438862235536
lastId: 1438945890136
lastId: 1439027036584
lastId: 1439103342246
lastId: 1439191896188
lastId: 1439265406506
lastId: 1439351602904
lastId: 1439435042245
lastId: 1439497628588
lastId: 1439558855101
lastId: 1439661785431
lastId: 1439778510618
lastId: 1439862515966
lastId: 1439900423373
lastId: 1439983840830
lastId: 1440062044995
lastId: 1440138214174
lastId: 1440231691682
lastId: 1440335558849
lastId: 1440406992289
lastId: 1440477488697
lastId: 1440559187629
lastId: 1440588707352
lastId: 1440658556850
lastId: 1440736637184
lastId: 1440813402543
lastId: 1440899749230
lastId: 1440993421286
lastId: 1441088346247
lastId: 1441180710163
lastId: 1441261804116
lastId: 1441358188750
lastId: 1441451094316
lastId: 1441548425694
lastId: 1441683605671
lastId: 1441780620268
lastId: 1441869064787
lastId: 1441966347845
lastId: 1442068095194
lastId: 1442147347764
lastId: 1442289195232
lastId: 1442384914719
lastId: 1442517516610
lastId: 1442632256810
lastId: 1442740627739
lastId: 1442891290333
lastId: 1443006926667
lastId: 1443156966453
lastId: 1443267248913
lastId: 1443418386430
lastId: 1443543418468
lastId: 1443672359407
lastId: 1443764369447
lastId: 1443857803873
lastId: 1443934904503
lastId: 1444005599953
lastId: 1444103707802
lastId: 1444211000818
lastId: 1444362019786
lastId: 1444458501916
lastId: 1444541914147
lastId: 1444630603144
lastId: 1444731813550
lastId: 1444829636394
lastId: 1444968369489
lastId: 1445078554753
lastId: 1445156915592
lastId: 1445277575749
lastId: 1445416872958
lastId: 1445575652951
lastId: 1445703556473
lastId: 1445836622516
lastId: 1446002818836
lastId: 1446104051621
lastId: 1446201201370
lastId: 1446339948270
lastId: 1446468212856
lastId: 1446609958520
lastId: 1446713548104
lastId: 1446825485905
lastId: 1446972999102
lastId: 1447131563438
lastId: 1447295635542
lastId: 1447395356633
lastId: 1447566027231
lastId: 1447745158285
lastId: 1447903500912
lastId: 1448009371835
lastId: 1448171458159
lastId: 1448338858896
lastId: 1448437543596
lastId: 1448602783369
lastId: 1448780173805
lastId: 1448943250825
lastId: 1449113465833
lastId: 1449236229575
lastId: 1449410022572
lastId: 1449560263904
lastId: 1449715687123
lastId: 1449829189268
lastId: 1450010856582
lastId: 1450234634510
lastId: 1450406997845
lastId: 1450587334727
lastId: 1450762443834
lastId: 1450940907487
lastId: 1451119771680
lastId: 1451298112706
lastId: 1451515947611
lastId: 1451705032919
lastId: 1451877405964
lastId: 1452052426688
lastId: 1452214152708
lastId: 1452330611852
lastId: 1452496087885
lastId: 1452661363277
lastId: 1452831008511
lastId: 1453024864655
lastId: 1453196247872
lastId: 1453361976737
lastId: 1453522616104
lastId: 1453707540487
lastId: 1453901225479
lastId: 1454065562418
lastId: 1454289990653
lastId: 1454480324678
lastId: 1454665379453
lastId: 1454955831630
lastId: 1455257144784
lastId: 1455524883225
lastId: 1455774436882
lastId: 1455954128446
lastId: 1456141584380
lastId: 1456376282707
lastId: 1456574637866
lastId: 1456818031672
lastId: 1457061915462
lastId: 1457238007662
lastId: 1457426289805
lastId: 1457614022280
lastId: 1457855817460
lastId: 1458085731528
lastId: 1458278486488
lastId: 1458530863266
lastId: 1458718087965
lastId: 1458893374824
lastId: 1459147110363
lastId: 1459335353194
lastId: 1459573541284
lastId: 1459832338533
lastId: 1460023190694
lastId: 1460264904890
lastId: 1460460534652
lastId: 1460690009687
lastId: 1460892686932
lastId: 1461060816386
lastId: 1461244069685
lastId: 1461459399727
lastId: 1461647926596
lastId: 1461830994287
lastId: 1462072196541
lastId: 1462272718741
lastId: 1462435694319
lastId: 1462542122390
lastId: 1462709559623
lastId: 1462942068410
lastId: 1463141457464
lastId: 1463309745555
lastId: 1463474844777
lastId: 1463651984408
lastId: 1463888861507
lastId: 1464103423596
lastId: 1464309741995
lastId: 1464515937908
lastId: 1464706577991
lastId: 1464923942815
lastId: 1465134909132
lastId: 1465351775264
lastId: 1465481277677
lastId: 1465721173387
lastId: 1465909639414
lastId: 1466127574354
lastId: 1466336521189
lastId: 1466592984446
lastId: 1466829286826
lastId: 1467094794870
lastId: 1467288928264
lastId: 1467538113227
lastId: 1467774153410
lastId: 1467952415328
lastId: 1468149258489
lastId: 1468322388802
lastId: 1468550256655
lastId: 1468811906855
lastId: 1469003559325
lastId: 1469169055703
lastId: 1469414755294
lastId: 1469583003297
lastId: 1469767677321
lastId: 1469971974484
lastId: 1470191403539
lastId: 1470366023954
lastId: 1470557999731
lastId: 1470721255377
lastId: 1470890300402
lastId: 1471065414789
lastId: 1471281213275
lastId: 1471483205613
lastId: 1471663666744
lastId: 1471873024711
lastId: 1472091978761
lastId: 1472218896186
lastId: 1472434505118
lastId: 1472595466847
lastId: 1472803894602
lastId: 1473062730300
lastId: 1473300607524
lastId: 1473559249515
lastId: 1473822253443
lastId: 1474100629520
lastId: 1474362183565
lastId: 1474609500406
lastId: 1474892388267
lastId: 1475132048413
lastId: 1475289809826
lastId: 1475477215854
lastId: 1475753227572
lastId: 1475978200849
lastId: 1476123661542
lastId: 1476325501212
lastId: 1476501653586
lastId: 1476668160722
lastId: 1476852848858
lastId: 1477046093706
lastId: 1477278560569
lastId: 1477505016744
lastId: 1477800438920
lastId: 1478053133884
lastId: 1478326186324
lastId: 1478604103692
lastId: 1478853769167
lastId: 1479114970277
lastId: 1479381906952
lastId: 1479650127601
lastId: 1479893764553
lastId: 1480232362192
lastId: 1480558394730
lastId: 1480828041920
lastId: 1481097101733
lastId: 1481438832151
lastId: 1481773057800
lastId: 1482071258145
lastId: 1482385143518
lastId: 1482746090218
lastId: 1483085066370
lastId: 1483543096159
lastId: 1483933421137
lastId: 1484217846427
lastId: 1484533427298
lastId: 1484754126675
lastId: 1484988936483
lastId: 1485252244572
lastId: 1485600813744
lastId: 1486117407289
lastId: 1486477178585
lastId: 1486716573919
lastId: 1487042741596
lastId: 1487326013472
lastId: 1487652570145
lastId: 1487907533620
lastId: 1488180918858
lastId: 1488477622612
lastId: 1488770535599
lastId: 1489027820976
lastId: 1489315707979
lastId: 1489571752416
lastId: 1489840458504
lastId: 1490088484448
lastId: 1490353607928
lastId: 1490674980713
lastId: 1490941384166
lastId: 1491314247739
lastId: 1491622611886
lastId: 1491966767212
lastId: 1492238941473
lastId: 1492508337379
lastId: 1492745965136
lastId: 1492946158255
lastId: 1493189422460
lastId: 1493466445297
lastId: 1493718661333
lastId: 1493985998397
lastId: 1494317740762
lastId: 1494564329373
lastId: 1494772230876
lastId: 1494992515506
lastId: 1495237382258
lastId: 1495415321474
lastId: 1495604425916
lastId: 1495847175636
lastId: 1496123098518
lastId: 1496326864712
lastId: 1496924201635
lastId: 1497187954394
lastId: 1497449027222
lastId: 1497716128880
lastId: 1498017279136
lastId: 1498278185399
lastId: 1498563012169
lastId: 1498800265352
lastId: 1499057806506
lastId: 1499310176875
lastId: 1499488497782
lastId: 1499605259688
lastId: 1499747323739
lastId: 1499919764373
lastId: 1500179229650
lastId: 1500435755224
lastId: 1500622383156
lastId: 1500874975858
lastId: 1501122739610
lastId: 1501319921854
lastId: 1501559531306
lastId: 1501750174660
lastId: 1501965940364
lastId: 1502172899797
lastId: 1502386010752
lastId: 1502609263896
lastId: 1502800937722
lastId: 1503030244813
lastId: 1503277956345
lastId: 1503482850775
lastId: 1503720038809
lastId: 1503971220307
lastId: 1504227740362
lastId: 1504439847360
lastId: 1504752292462
lastId: 1505034510319
lastId: 1505291430128
lastId: 1505555657882
lastId: 1505823361129
lastId: 1506300535202
lastId: 1506665270920
lastId: 1507188298605
lastId: 1507388827951
lastId: 1507593415915
lastId: 1507810455295
lastId: 1507983186106
lastId: 1508156690781
lastId: 1508978401304
lastId: 1509279471509
lastId: 1509774906719
lastId: 1510228577484
lastId: 1510973731321
lastId: 1511759734306
lastId: 1512631415190
lastId: 1513427876152
lastId: 1514287023796
lastId: 1515116228409
lastId: 1515816231669
lastId: 1516595228139
lastId: 1517412884244
lastId: 1518342794517
lastId: 1520574170562
lastId: 1522638873623
lastId: 1523793270173
lastId: 1524899037300
lastId: 1525918974933
lastId: 1526826296961
lastId: 1527596013168
