Array
(
    [id] => 138804752378
    [content] => 杀人医师
    [domain] => wow.duowan.com
    [keywords] => 杀人
)

Array
(
    [id] => 139218956424
    [content] => 因为脑残吼杀了平民,所以血色杀人无罪？
    [domain] => wow.duowan.com
    [keywords] => 杀人
)

Array
(
    [id] => 140064565511
    [content] => 等速度爆发叠满了再出来杀人,到时候都不知道怎么死的
    [domain] => wow.duowan.com
    [keywords] => 杀人
)

Array
(
    [id] => 1356104127566
    [content] => 70级的QS 神挡杀神啊，尼玛80就能和奶了.85T也废了
    [domain] => wow.duowan.com
    [keywords] => 杀神
)

Array
(
    [id] => 1366189177900
    [content] => 尼玛LR竟然还能加强,BB都能杀人了
    [domain] => wow.duowan.com
    [keywords] => 杀人
)

Array
(
    [id] => 1366364318554
    [content] => 为什么就不能设计一个纯杀人的战场？!
    [domain] => wow.duowan.com
    [keywords] => 杀人
)

Array
(
    [id] => 1367635908848
    [content] => 杀人头取胜部落就是渣渣
    [domain] => wow.duowan.com
    [keywords] => 杀人
)

Array
(
    [id] => 1367636322170
    [content] => 坐等BLZ打脸,单纯杀人很COOOOOOOOOOL的节奏
    [domain] => wow.duowan.com
    [keywords] => 杀人
)

Array
(
    [id] => 1368505900281
    [content] => 怎么看怎么听都像国产抗日巨!!!作!!!
    [domain] => wow.duowan.com
    [keywords] => 抗日
)

Array
(
    [id] => 1371317246495
    [content] => 看到杀人电梯了
    [domain] => wow.duowan.com
    [keywords] => 杀人
)

Array
(
    [id] => 1371604730146
    [content] => 傻子玩ZS和LR都能杀人...
    [domain] => wow.duowan.com
    [keywords] => 杀人
)

Array
(
    [id] => 1371697162417
    [content] => 壮哉我大薛迪凯,有了还击杀人更轻松了
    [domain] => wow.duowan.com
    [keywords] => 杀人
)

Array
(
    [id] => 1373451667433
    [content] => 薛迪凯所向无敌,人挡杀人神挡杀神!
    [domain] => wow.duowan.com
    [keywords] => 杀人,杀神
)

Array
(
    [id] => 1377406854669
    [content] => 唉,恶魔术被砍的杀人就用2秒了.........
    [domain] => wow.duowan.com
    [keywords] => 杀人
)

Array
(
    [id] => 1377742148853
    [content] => “永恒到野牛人杀人队,来有宝珠的”
    [domain] => wow.duowan.com
    [keywords] => 杀人
)

Array
(
    [id] => 1379803925767
    [content] => 取消飞行看看有多少杀人的 ？现在打不过随便跑 上鸟就安全了
    [domain] => wow.duowan.com
    [keywords] => 杀人
)

Array
(
    [id] => 1383190220630
    [content] => 这TM是用来打怪的还是用来给PVE党岛上杀人的?
    [domain] => wow.duowan.com
    [keywords] => 杀人
)

Array
(
    [id] => 1383193702365
    [content] => 既定之天命 永恒岛杀人必备
    [domain] => wow.duowan.com
    [keywords] => 杀人
)

Array
(
    [id] => 1384181484750
    [content] => 我他妈等你们很久了 不准飞才能杀人
    [domain] => wow.duowan.com
    [keywords] => 杀人
)

Array
(
    [id] => 1384935119212
    [content] => 螃蟹还未死,革命还要继续
    [domain] => wow.duowan.com
    [keywords] => 革命
)

Array
(
    [id] => 1385183476129
    [content] => 螃蟹不死 革命不止
    [domain] => wow.duowan.com
    [keywords] => 革命
)

Array
(
    [id] => 1386308248537
    [content] => 我不是雷锋,凭什么花心思叫小白,何况多数没有感恩
    [domain] => wow.duowan.com
    [keywords] => 雷锋
)

Array
(
    [id] => 1386312985710
    [content] => 11岁女孩都学会杀人了,河蟹你妹
    [domain] => wow.duowan.com
    [keywords] => 杀人
)

Array
(
    [id] => 1387084720113
    [content] => 哈哈哈哈哈,我大香炉党杀人方便了
    [domain] => wow.duowan.com
    [keywords] => 杀人
)

Array
(
    [id] => 1387601448892
    [content] => 打毛副本 每区建十个DK 抽个几百次还不中吗？叫我雷锋吧
    [domain] => wow.duowan.com
    [keywords] => 雷锋
)

Array
(
    [id] => 1388450043991
    [content] => 东北的同志给捐了5毛~不要问我叫什么.叫我雷锋就行了额!
    [domain] => wow.duowan.com
    [keywords] => 雷锋
)

Array
(
    [id] => 1390532187198
    [content] => 各种杀人不拿旗,各种dps天赋排奶进战场,当年有血性的部落哪
    [domain] => wow.duowan.com
    [keywords] => 杀人
)

Array
(
    [id] => 1390557303552
    [content] => 一句话概括部落适合杀人联盟适合拆墙,看看曾经的奥山
    [domain] => wow.duowan.com
    [keywords] => 杀人
)

Array
(
    [id] => 1392513873212
    [content] => 粉红双马尾杀人魔
    [domain] => wow.duowan.com
    [keywords] => 杀人
)

Array
(
    [id] => 1394250329788
    [content] => 第14张图  是刘胡兰吗？
    [domain] => wow.duowan.com
    [keywords] => 刘胡兰
)

Array
(
    [id] => 1394532595686
    [content] => 你tm强了人家孩子还要杀人？
    [domain] => wow.duowan.com
    [keywords] => 杀人
)

Array
(
    [id] => 1394767078991
    [content] => 鬼父2(オニチチ2)    ~~~~我叫雷锋
    [domain] => wow.duowan.com
    [keywords] => 雷锋
)

Array
(
    [id] => 1397107651569
    [content] => 作为萨尔,窝决定在这个资料片后发动部落在文化小革命
    [domain] => wow.duowan.com
    [keywords] => 革命
)

Array
(
    [id] => 1400490334498
    [content] => 每一个杀人很爽的战士后边都有一个治疗
    [domain] => wow.duowan.com
    [keywords] => 杀人
)

Array
(
    [id] => 1403324497338
    [content] => 窝艹  脑残吼真是个兽人？？？妈蛋  穿越回去进行工业革命
    [domain] => wow.duowan.com
    [keywords] => 革命
)

Array
(
    [id] => 1403331294517
    [content] => 我第一感觉是工业革命了
    [domain] => wow.duowan.com
    [keywords] => 革命
)

Array
(
    [id] => 1403403422350
    [content] => 联盟铁道游击队招收临时工：报名从速
    [domain] => wow.duowan.com
    [keywords] => 铁道游击队
)

Array
(
    [id] => 1404132814676
    [content] => 杀人的时候混进了奇怪的东西 声音
    [domain] => wow.duowan.com
    [keywords] => 杀人
)

Array
(
    [id] => 1404370640441
    [content] => LR特效真可怜,怪不得手最贱爱杀人的也是LR,羡慕嫉妒恨
    [domain] => wow.duowan.com
    [keywords] => 杀人
)

Array
(
    [id] => 1404700233251
    [content] => 月黑杀人夜
    [domain] => wow.duowan.com
    [keywords] => 杀人
)

Array
(
    [id] => 1405067618266
    [content] => 那个德莱尼看得我想杀人
    [domain] => wow.duowan.com
    [keywords] => 杀人
)

Array
(
    [id] => 1405573406157
    [content] => 夜黑风高正好用来杀人
    [domain] => wow.duowan.com
    [keywords] => 杀人
)

Array
(
    [id] => 1406081825481
    [content] => FS杀人报告内容：杀人,就是这么简单,123123好他死了
    [domain] => wow.duowan.com
    [keywords] => 杀人
)

Array
(
    [id] => 1406466583884
    [content] => 铁道游击队？
    [domain] => wow.duowan.com
    [keywords] => 铁道游击队
)

Array
(
    [id] => 1407825927649
    [content] => 很多PVP高玩喜欢在这杀人并且录制视频
    [domain] => wow.duowan.com
    [keywords] => 杀人
)

Array
(
    [id] => 1408294895435
    [content] => 萨尔勾结联盟屡次破坏兽人革命堪称最大汉奸
    [domain] => wow.duowan.com
    [keywords] => 革命
)

Array
(
    [id] => 1408337606915
    [content] => 萨尔勾结联盟屡次破坏兽人革命堪称最大汉奸
    [domain] => wow.duowan.com
    [keywords] => 革命
)

Array
(
    [id] => 1409888715573
    [content] => 克林顿已扔位置七星殿时间十分钟请叫我雷锋
    [domain] => wow.duowan.com
    [keywords] => 雷锋
)

Array
(
    [id] => 1411716248258
    [content] => 杀人狂魔-粉红双辫女侏儒
    [domain] => wow.duowan.com
    [keywords] => 杀人
)

Array
(
    [id] => 1412043000583
    [content] => 永恒岛上杀人的时候谁还看着什么狗屁成就
    [domain] => wow.duowan.com
    [keywords] => 杀人
)

Array
(
    [id] => 1412069272582
    [content] => PVP玩家表示以后不能再去战场杀人了
    [domain] => wow.duowan.com
    [keywords] => 杀人
)

Array
(
    [id] => 1413100321220
    [content] => 夭寿啦,卖萌萨杀人啦!
    [domain] => wow.duowan.com
    [keywords] => 杀人
)

Array
(
    [id] => 1415672374560
    [content] => 封面的女王在22分02秒,我是雷锋!
    [domain] => wow.duowan.com
    [keywords] => 雷锋
)

Array
(
    [id] => 1415930132126
    [content] => 玩pvp就是为了杀人,你tmd要竞技？
    [domain] => wow.duowan.com
    [keywords] => 杀人
)

Array
(
    [id] => 1416366892723
    [content] => 在人民战争的汪洋中觉悟吧
    [domain] => wow.duowan.com
    [keywords] => 汪洋
)

Array
(
    [id] => 1418538972314
    [content] => 这下巴尖的可以杀人了
    [domain] => wow.duowan.com
    [keywords] => 杀人
)

Array
(
    [id] => 1422264124806
    [content] => 鄙视一下那些在交传说戒指任务杀人的渣渣
    [domain] => wow.duowan.com
    [keywords] => 杀人
)

Array
(
    [id] => 1427337296298
    [content] => 雷锋21就挂了 好人你懂的 噢呵呵
    [domain] => wow.duowan.com
    [keywords] => 雷锋
)

Array
(
    [id] => 1429165678680
    [content] => NC吼兴起的第一次工业革命也快接近尾声了
    [domain] => wow.duowan.com
    [keywords] => 革命
)

Array
(
    [id] => 1430477434197
    [content] => 为了荣誉什么的就可以乱杀人？这可爱的逻辑
    [domain] => wow.duowan.com
    [keywords] => 杀人
)

Array
(
    [id] => 1430904435774
    [content] => 鲁迅是个shenmeiguei
    [domain] => wow.duowan.com
    [keywords] => 鲁迅
)

Array
(
    [id] => 1430929888188
    [content] => 鲁迅在28吗
    [domain] => wow.duowan.com
    [keywords] => 鲁迅
)

Array
(
    [id] => 1431055199668
    [content] => 鲁迅在22
    [domain] => wow.duowan.com
    [keywords] => 鲁迅
)

Array
(
    [id] => 1431443931882
    [content] => 靠爆发吃饭的增强需要14秒才能杀人？
    [domain] => wow.duowan.com
    [keywords] => 杀人
)

Array
(
    [id] => 1432549707184
    [content] => 我是DZ,不限飞我咋杀人啊？
    [domain] => wow.duowan.com
    [keywords] => 杀人
)

Array
(
    [id] => 1433993687778
    [content] => 召集DKLRFS火源门口杀人啦
    [domain] => wow.duowan.com
    [keywords] => 杀人
)

Array
(
    [id] => 1434339108668
    [content] => 最敬佩邱少云!你敢不服？
    [domain] => wow.duowan.com
    [keywords] => 邱少云
)

Array
(
    [id] => 1437648543398
    [content] => 扫3号房条码!不谢.我是雷锋
    [domain] => wow.duowan.com
    [keywords] => 雷锋
)

Array
(
    [id] => 1438830469172
    [content] => 团P哦很吊啊卡服务器用AOE杀人吗哈哈哈
    [domain] => wow.duowan.com
    [keywords] => 杀人
)

Array
(
    [id] => 1439264706912
    [content] => 好怀恋当年高督大元帅到处杀人无敌的场景
    [domain] => wow.duowan.com
    [keywords] => 杀人
)

Array
(
    [id] => 1440129213485
    [content] => 联盟要杀人了啊
    [domain] => wow.duowan.com
    [keywords] => 杀人
)

Array
(
    [id] => 1441084734627
    [content] => 组团跨服杀人不穿装备的玩家,真长脸啊
    [domain] => wow.duowan.com
    [keywords] => 杀人
)

Array
(
    [id] => 1441627731211
    [content] => 不就偷袭简单 杀人给力.说那么多废话
    [domain] => wow.duowan.com
    [keywords] => 杀人
)

Array
(
    [id] => 1442385526998
    [content] => 今天,晴,北风,微风,忌杀人,宜守尸
    [domain] => wow.duowan.com
    [keywords] => 杀人
)

Array
(
    [id] => 1442650472725
    [content] => 夭寿噜,大咕咕杀人了.我去报警了!
    [domain] => wow.duowan.com
    [keywords] => 杀人
)

Array
(
    [id] => 1443021274630
    [content] => 祭奠抗日将士!
    [domain] => wow.duowan.com
    [keywords] => 抗日
)

Array
(
    [id] => 1444056503677
    [content] => 居然把刺客信条大革命宣传片的BGM拿来用
    [domain] => wow.duowan.com
    [keywords] => 革命
)

Array
(
    [id] => 1446845556451
    [content] => 周华健好屌...........
    [domain] => wow.duowan.com
    [keywords] => 华健
)

Array
(
    [id] => 1446869094920
    [content] => 周华健瞬间变身拉格什,战斗状态切换姿态
    [domain] => wow.duowan.com
    [keywords] => 华健
)

Array
(
    [id] => 1446914953259
    [content] => 安度因.周华健.汤姆克鲁斯
    [domain] => wow.duowan.com
    [keywords] => 华健
)

Array
(
    [id] => 1447214555760
    [content] => 杀人是享受 被杀也是享受？
    [domain] => wow.duowan.com
    [keywords] => 杀人
)

Array
(
    [id] => 1447379150561
    [content] => 西点军校有雷锋画像啊？我骄傲啊
    [domain] => wow.duowan.com
    [keywords] => 雷锋
)

Array
(
    [id] => 1447411032524
    [content] => 正确诠释了猎人躺着射都能杀人
    [domain] => wow.duowan.com
    [keywords] => 杀人
)

Array
(
    [id] => 1447586162435
    [content] => 烈士之光..果然烈士
    [domain] => wow.duowan.com
    [keywords] => 烈士
)

Array
(
    [id] => 1449742215108
    [content] => 这是看插件哪杀人呢
    [domain] => wow.duowan.com
    [keywords] => 杀人
)

Array
(
    [id] => 1451533740165
    [content] => #点歌#黄河大合唱
    [domain] => wow.duowan.com
    [keywords] => 黄河大合唱
)

Array
(
    [id] => 1453867259981
    [content] => 买了拿去杀人么？
    [domain] => wow.duowan.com
    [keywords] => 杀人
)

Array
(
    [id] => 1454386182912
    [content] => stonefire 不谢,请叫我雷锋
    [domain] => wow.duowan.com
    [keywords] => 雷锋
)

Array
(
    [id] => 1457952612327
    [content] => 我大术爷表示在鸟语花香地,杀人心情更好
    [domain] => wow.duowan.com
    [keywords] => 杀人
)

Array
(
    [id] => 1460004223448
    [content] => 配合BGM感觉圣诞老人要来杀人了
    [domain] => wow.duowan.com
    [keywords] => 杀人
)

Array
(
    [id] => 1461206651519
    [content] => 直接改成杀人爆他装备算了
    [domain] => wow.duowan.com
    [keywords] => 杀人
)

Array
(
    [id] => 1463132102228
    [content] => 国王鲁迅
    [domain] => wow.duowan.com
    [keywords] => 鲁迅
)

Array
(
    [id] => 1463141915339
    [content] => 我是来点赞鲁迅的
    [domain] => wow.duowan.com
    [keywords] => 鲁迅
)

Array
(
    [id] => 1463145931799
    [content] => 鲁迅？尼采？马克思？
    [domain] => wow.duowan.com
    [keywords] => 鲁迅
)

Array
(
    [id] => 1463556702572
    [content] => 夭寿啦!吴彦祖杀人啦!
    [domain] => wow.duowan.com
    [keywords] => 杀人
)

Array
(
    [id] => 1464263166395
    [content] => 哈哈哈NMB,鲁迅,哈哈哈哈
    [domain] => wow.duowan.com
    [keywords] => 鲁迅
)

Array
(
    [id] => 1464688086989
    [content] => 没想到你这样浓眉大眼的也会背叛革命!
    [domain] => wow.duowan.com
    [keywords] => 革命
)

Array
(
    [id] => 1466304236941
    [content] => 你浓眉大眼的破碎者也叛变了革命
    [domain] => wow.duowan.com
    [keywords] => 革命
)

Array
(
    [id] => 1469421671859
    [content] => 周华健真帅
    [domain] => wow.duowan.com
    [keywords] => 华健
)

Array
(
    [id] => 1469444168938
    [content] => 滚,没有合法的杀人!
    [domain] => wow.duowan.com
    [keywords] => 杀人
)

Array
(
    [id] => 1470532649255
    [content] => 也就是说70年代我们被坑去杀了抗日英雄？
    [domain] => wow.duowan.com
    [keywords] => 抗日
)

Array
(
    [id] => 1471661826847
    [content] => 暴雪要搞革命呢 屯真么多武器
    [domain] => wow.duowan.com
    [keywords] => 革命
)

Array
(
    [id] => 1475222697552
    [content] => 我头次听说这狼能杀人
    [domain] => wow.duowan.com
    [keywords] => 杀人
)

Array
(
    [id] => 1475892979500
    [content] => 没想到你塞纳这么浓眉大眼的也叛变革命了？
    [domain] => wow.duowan.com
    [keywords] => 革命
)

Array
(
    [id] => 1476340654886
    [content] => 打漫游碰到那种一次只敢拉一个的T真想杀人
    [domain] => wow.duowan.com
    [keywords] => 杀人
)

Array
(
    [id] => 1479195896253
    [content] => 鲁迅是谁啊？演员吗？
    [domain] => wow.duowan.com
    [keywords] => 鲁迅
)

Array
(
    [id] => 1482216909237
    [content] => 野外霸王敏锐贼
    [domain] => wow.duowan.com
    [keywords] => 王敏
)

Array
(
    [id] => 1482469936121
    [content] => 敏锐好好的去野外杀人,打什么大米
    [domain] => wow.duowan.com
    [keywords] => 杀人
)

Array
(
    [id] => 1482808538335
    [content] => 幸亏鲁迅没玩过魔兽世界
    [domain] => wow.duowan.com
    [keywords] => 鲁迅
)

Array
(
    [id] => 1486633099389
    [content] => 某些角度 感觉是董存瑞啊
    [domain] => wow.duowan.com
    [keywords] => 董存瑞
)

Array
(
    [id] => 1488186214405
    [content] => 我已经空蓝了所以我选择自杀神特么机智哈哈
    [domain] => wow.duowan.com
    [keywords] => 杀神
)

Array
(
    [id] => 1488439882920
    [content] => 忠告：千万别练小号-不谢我是雷锋~
    [domain] => wow.duowan.com
    [keywords] => 雷锋
)

Array
(
    [id] => 1492758977491
    [content] => 周华健你好
    [domain] => wow.duowan.com
    [keywords] => 华健
)

Array
(
    [id] => 1495199222923
    [content] => 武器战杀人机器啊
    [domain] => wow.duowan.com
    [keywords] => 杀人
)

Array
(
    [id] => 1496148776884
    [content] => 一天天用处用处的你快去学雷锋做好事吧
    [domain] => wow.duowan.com
    [keywords] => 雷锋
)

Array
(
    [id] => 1498701927177
    [content] => 脚男连泰坦都能怼了.脚男可以杀神杀佛了
    [domain] => wow.duowan.com
    [keywords] => 杀神
)

Array
(
    [id] => 1500879376918
    [content] => 神话史诗传奇钻石工业革命4.0级BUFF
    [domain] => wow.duowan.com
    [keywords] => 革命
)

Array
(
    [id] => 1506406810938
    [content] => 所以贼依旧是完美无瑕1秒杀人?
    [domain] => wow.duowan.com
    [keywords] => 杀人
)

Array
(
    [id] => 1514525555232
    [content] => SB,海滩是让你光杀人的？活该输
    [domain] => wow.duowan.com
    [keywords] => 杀人
)

Array
(
    [id] => 1517636017795
    [content] => 部落肯定说杀人也是RP
    [domain] => wow.duowan.com
    [keywords] => 杀人
)

Array
(
    [id] => 1522291531954
    [content] => 你们随便编,什么都是和我有关---鲁迅
    [domain] => wow.duowan.com
    [keywords] => 鲁迅
)

