lastId: 140731546154
lastId: 1364051359330
lastId: 1365321808359
lastId: 1365916710483
lastId: 1366336441405
lastId: 1366737172685
lastId: 1367115164850
lastId: 1367421919910
lastId: 1367750036378
lastId: 1368077006149
lastId: 1368426349994
lastId: 1368790663988
lastId: 1369338992199
lastId: 1369818871604
lastId: 1370330999399
lastId: 1370704319502
lastId: 1371176660988
lastId: 1371564019859
lastId: 1371957981433
lastId: 1372299767569
lastId: 1372660937526
lastId: 1373024808102
lastId: 1373470122403
lastId: 1373878763637
lastId: 1374239218704
lastId: 1374659902671
lastId: 1374970794569
lastId: 1375332860241
lastId: 1375765415920
lastId: 1376231380407
lastId: 1376537251574
lastId: 1376755703136
lastId: 1377171837664
lastId: 1377610743347
lastId: 1378180370684
lastId: 1378792271517
lastId: 1379392613259
lastId: 1379910153133
lastId: 1380439293992
lastId: 1380914022217
lastId: 1381493952335
lastId: 1381978426776
lastId: 1382439373703
lastId: 1382926440903
lastId: 1383277690118
lastId: 1383757760877
lastId: 1384342868879
lastId: 1384999277775
lastId: 1385524455104
lastId: 1386039387121
lastId: 1386642607813
lastId: 1387197607614
lastId: 1387777840419
lastId: 1388299578837
lastId: 1388930563270
lastId: 1389606243214
lastId: 1390301842447
lastId: 1390905844893
lastId: 1391780620572
lastId: 1392377452508
lastId: 1392980196817
lastId: 1393555471894
lastId: 1394083750994
lastId: 1394603097594
lastId: 1395049085597
lastId: 1395541039404
lastId: 1396004679238
lastId: 1396585555810
lastId: 1397127363710
lastId: 1397665484492
lastId: 1398222104513
lastId: 1398736606546
lastId: 1399372077633
lastId: 1399988387884
lastId: 1400648575234
lastId: 1401237115417
lastId: 1401890935516
lastId: 1402630284333
lastId: 1403411827502
lastId: 1404116407944
lastId: 1404886422774
lastId: 1405650200753
lastId: 1406371449177
lastId: 1407139998948
lastId: 1407307031234
lastId: 1407308105411
lastId: 1407309779282
lastId: 1407310590361
lastId: 1407311355440
lastId: 1407312110283
lastId: 1407312832128
lastId: 1407313610660
lastId: 1407314343937
lastId: 1407315192968
lastId: 1407316000374
lastId: 1407316991310
lastId: 1407318463232
lastId: 1407320525863
lastId: 1407322894925
lastId: 1407325444126
lastId: 1407327557469
lastId: 1407329307674
lastId: 1407332033805
lastId: 1407335410753
lastId: 1407372257911
lastId: 1407931545680
lastId: 1408507635948
lastId: 1408785938440
lastId: 1409123674971
lastId: 1409542847675
lastId: 1409993429791
lastId: 1410578794795
lastId: 1411262080668
lastId: 1411995380871
lastId: 1412829634471
lastId: 1413600544306
lastId: 1414218579648
lastId: 1414999232169
lastId: 1415845889732
lastId: 1416649008525
lastId: 1417601498534
lastId: 1418652740408
lastId: 1419480063837
lastId: 1420619284369
lastId: 1421999702526
lastId: 1423109285499
lastId: 1425034960532
lastId: 1426301959202
lastId: 1427423854153
lastId: 1428548347403
lastId: 1429756513519
lastId: 1430822066875
lastId: 1431828890781
lastId: 1433043283903
lastId: 1434178435185
lastId: 1435548264735
lastId: 1436716621740
lastId: 1438174253486
lastId: 1439278238910
lastId: 1440669633499
lastId: 1442045149734
lastId: 1443597070834
lastId: 1445398092211
lastId: 1446713223874
lastId: 1448032972290
lastId: 1449626464409
lastId: 1451019011303
lastId: 1452422941405
lastId: 1453697149805
lastId: 1455329013744
lastId: 1456718354818
lastId: 1458180549519
lastId: 1459485354141
lastId: 1461234745756
lastId: 1463143814901
lastId: 1465302655206
lastId: 1467483558383
lastId: 1469600640940
lastId: 1472002967382
lastId: 1474193673260
lastId: 1479200580562
lastId: 1487152589188
lastId: 1527221085104
