lastId: 1382186315418
lastId: 1394704339962
lastId: 1399294125358
lastId: 1402309154285
lastId: 1404903590309
lastId: 1406703911416
lastId: 1407718421786
lastId: 1409227346416
lastId: 1411021923162
lastId: 1413029028211
lastId: 1415246788898
lastId: 1416983070172
lastId: 1418219385765
lastId: 1419764072856
lastId: 1421683967867
lastId: 1423211318210
lastId: 1425343517659
lastId: 1426653079972
lastId: 1427878224617
lastId: 1429332756261
lastId: 1430822467530
lastId: 1432121202327
lastId: 1433487247168
lastId: 1434529377349
lastId: 1435816369493
lastId: 1437018522362
lastId: 1437817007239
lastId: 1438568730243
lastId: 1439180410379
lastId: 1439687692347
lastId: 1440398124179
lastId: 1441083305614
lastId: 1441899965981
lastId: 1442999457343
lastId: 1444572549821
lastId: 1445515630265
lastId: 1446610016271
lastId: 1447347287438
lastId: 1448428384403
lastId: 1449488538374
lastId: 1450510666857
lastId: 1451714406687
lastId: 1452658723435
lastId: 1453805128138
lastId: 1454586290221
lastId: 1455709299266
lastId: 1456749249533
lastId: 1457754041436
lastId: 1458449844205
lastId: 1459123375780
lastId: 1459772377660
lastId: 1460535292596
lastId: 1461227518951
lastId: 1461903714998
lastId: 1462886381390
lastId: 1463844429553
lastId: 1464871246654
lastId: 1466005220216
lastId: 1467364870510
lastId: 1468867565370
lastId: 1469949601658
lastId: 1470710387951
lastId: 1471748961782
lastId: 1473043899241
lastId: 1474353619870
lastId: 1476098803602
lastId: 1477660323354
lastId: 1479343511716
lastId: 1480613842618
lastId: 1481853408686
lastId: 1483592096150
lastId: 1484824438817
lastId: 1486439880228
lastId: 1487651192374
lastId: 1488872221327
lastId: 1490245513790
lastId: 1491192531441
lastId: 1492253943246
lastId: 1493906141729
lastId: 1495532611231
lastId: 1498286053377
lastId: 1500941900689
lastId: 1502013373433
lastId: 1504320536411
lastId: 1511083210405
lastId: 1527601191463
