lastId: 2799
lastId: 3830
lastId: 4845
lastId: 5876
lastId: 6895
lastId: 7921
lastId: 8924
lastId: 9936
lastId: 10951
lastId: 12021
lastId: 13068
lastId: 14101
lastId: 15129
lastId: 16173
lastId: 17207
lastId: 18265
lastId: 19294
lastId: 20350
lastId: 21385
lastId: 22421
lastId: 23462
lastId: 24520
lastId: 25588
lastId: 26660
lastId: 27739
lastId: 28804
lastId: 29851
lastId: 30887
lastId: 31921
lastId: 32938
lastId: 33962
lastId: 34987
lastId: 36010
lastId: 37028
lastId: 38045
lastId: 39045
lastId: 40048
lastId: 41066
lastId: 42079
lastId: 43080
lastId: 44082
lastId: 45084
lastId: 46090
lastId: 47097
lastId: 48100
lastId: 49104
lastId: 50105
lastId: 51116
lastId: 52119
lastId: 53121
lastId: 54137
lastId: 55152
lastId: 56155
lastId: 57158
lastId: 58168
lastId: 59174
lastId: 60183
lastId: 61222
lastId: 62231
lastId: 63237
lastId: 64246
lastId: 65251
lastId: 66254
lastId: 67282
lastId: 68291
lastId: 69302
lastId: 70306
lastId: 71317
lastId: 72326
lastId: 73335
lastId: 74345
lastId: 75350
lastId: 76359
lastId: 77363
lastId: 78371
lastId: 79380
lastId: 80387
lastId: 81392
lastId: 82399
lastId: 83404
lastId: 84418
lastId: 85431
lastId: 86444
lastId: 87455
lastId: 88464
lastId: 89472
lastId: 90488
lastId: 91499
lastId: 92512
lastId: 93525
lastId: 94536
lastId: 96474
lastId: 97519
lastId: 98559
lastId: 99632
lastId: 100761
lastId: 101880
lastId: 102986
lastId: 104057
lastId: 105672
lastId: 106691
lastId: 107742
lastId: 109114
lastId: 110177
lastId: 111246
lastId: 112292
lastId: 113406
lastId: 114509
lastId: 115691
lastId: 116826
lastId: 117921
lastId: 119028
lastId: 120248
lastId: 121370
lastId: 122474
lastId: 123572
lastId: 124652
lastId: 125779
lastId: 126902
lastId: 128221
lastId: 129333
lastId: 130502
lastId: 131641
lastId: 132797
lastId: 134049
lastId: 135182
lastId: 136307
lastId: 137426
lastId: 138536
lastId: 139667
lastId: 140827
lastId: 142033
lastId: 143211
lastId: 144362
lastId: 145567
lastId: 146745
lastId: 147942
lastId: 149076
lastId: 150219
lastId: 151350
lastId: 152487
lastId: 153639
lastId: 154793
lastId: 155973
lastId: 157108
lastId: 158262
lastId: 159380
lastId: 160706
lastId: 161782
lastId: 162810
lastId: 163929
lastId: 164987
lastId: 166092
lastId: 167232
lastId: 168412
lastId: 169612
lastId: 170827
lastId: 172028
lastId: 173218
lastId: 174363
lastId: 175548
lastId: 176736
lastId: 177922
lastId: 179101
lastId: 180238
lastId: 181369
lastId: 182571
lastId: 183838
lastId: 185064
lastId: 186252
lastId: 187529
lastId: 188667
lastId: 189797
lastId: 190997
lastId: 192594
lastId: 194083
lastId: 197771
lastId: 203620
lastId: 213424
lastId: 217092
lastId: 226301
lastId: 277504
lastId: 296765
lastId: 313256
lastId: 337051
lastId: 374141
lastId: 392975
lastId: 423321
lastId: 440031
lastId: 463035
lastId: 484970
lastId: 495372
lastId: 512894
lastId: 557053
lastId: 570049
lastId: 598955
lastId: 624371
lastId: 644907
lastId: 685190
lastId: 714076
lastId: 766992
lastId: 804693
lastId: 844457
lastId: 901148
lastId: 948320
lastId: 1014026
lastId: 1089336
lastId: 1136022
lastId: 1185648
lastId: 1213913
lastId: 1249270
lastId: 1276182
lastId: 1297246
lastId: 1346033
lastId: 1364911
lastId: 1412548
lastId: 1427318
lastId: 1442243
lastId: 1487550
lastId: 1500846
lastId: 1512400
lastId: 1553155
lastId: 1560402
lastId: 1570099
lastId: 1583698
lastId: 1631537
lastId: 1635778
lastId: 1639533
lastId: 1642343
lastId: 1645663
lastId: 1647658
lastId: 1676569
lastId: 1698161
lastId: 1712462
lastId: 1751124
lastId: 1761750
lastId: 1769100
lastId: 1806472
lastId: 1820607
lastId: 1832466
lastId: 1840035
lastId: 1887433
lastId: 1896425
lastId: 1905557
lastId: 1940908
lastId: 1948492
lastId: 1959154
lastId: 1964900
lastId: 1999277
lastId: 2014524
lastId: 2022570
lastId: 2042197
lastId: 2075887
lastId: 2083850
lastId: 2094679
lastId: 2123851
lastId: 2145588
lastId: 2154143
lastId: 2166480
lastId: 2176730
lastId: 2211048
lastId: 2228421
lastId: 2269361
lastId: 2293678
lastId: 2300893
lastId: 2310389
lastId: 2320146
lastId: 2343496
lastId: 2363606
lastId: 2370975
lastId: 2379739
lastId: 2389111
lastId: 2411017
lastId: 2428629
lastId: 2444111
lastId: 2457307
lastId: 2471215
lastId: 2505778
lastId: 2520773
lastId: 2537310
lastId: 2555860
lastId: 2575507
lastId: 2598802
lastId: 2616620
lastId: 2631388
lastId: 2646929
lastId: 2674861
lastId: 2690031
lastId: 2704874
lastId: 2718973
lastId: 2735278
lastId: 2760072
lastId: 2774209
lastId: 2786352
lastId: 2796205
lastId: 2810528
lastId: 2834382
lastId: 2849508
lastId: 2867015
lastId: 2876178
lastId: 2886340
lastId: 2910534
lastId: 2923987
lastId: 2938435
lastId: 2956422
lastId: 2970034
lastId: 2988821
lastId: 3000063
lastId: 3014638
lastId: 3026251
lastId: 3043784
lastId: 3058300
lastId: 3072677
lastId: 3084829
lastId: 3096463
lastId: 3111789
lastId: 3127259
lastId: 3136963
lastId: 3144634
lastId: 3149269
lastId: 3167958
lastId: 3172847
lastId: 3176991
lastId: 3182304
lastId: 3189534
lastId: 3202961
lastId: 3207026
lastId: 3213725
lastId: 3237121
lastId: 3241493
lastId: 3245309
lastId: 3249771
lastId: 3253677
lastId: 3268275
lastId: 3275808
lastId: 3280145
lastId: 3284848
lastId: 3291032
lastId: 3312092
lastId: 3337672
lastId: 3353157
lastId: 3357292
lastId: 3362569
lastId: 3367040
lastId: 3372344
lastId: 3384626
lastId: 3395672
lastId: 3400799
lastId: 3405077
lastId: 3414316
lastId: 3429813
lastId: 3435839
lastId: 3442257
lastId: 3450009
lastId: 3463543
lastId: 3468946
lastId: 3474316
lastId: 3487609
lastId: 3494621
lastId: 3495935
lastId: 3496978
lastId: 3498025
lastId: 3499047
lastId: 3500075
lastId: 3501119
lastId: 3502144
lastId: 3503265
lastId: 3504341
lastId: 3505394
lastId: 3506469
lastId: 3507538
lastId: 3508608
lastId: 3509683
lastId: 3510777
lastId: 3511838
lastId: 3512892
lastId: 3513956
lastId: 3515005
lastId: 3516040
lastId: 3517066
lastId: 3518124
lastId: 3519178
lastId: 3520216
lastId: 3521290
lastId: 3522613
lastId: 3523671
lastId: 3524691
lastId: 3525729
lastId: 3526813
lastId: 3527873
lastId: 3528981
lastId: 3530055
lastId: 3531100
lastId: 3532126
lastId: 3533162
lastId: 3534223
lastId: 3535272
lastId: 3536298
lastId: 3537348
lastId: 3538387
lastId: 3539405
lastId: 3540430
lastId: 3541461
lastId: 3542493
lastId: 3543543
lastId: 3544566
lastId: 3545600
lastId: 3546615
lastId: 3547637
lastId: 3548783
lastId: 3549821
lastId: 3550850
lastId: 3551878
lastId: 3552906
lastId: 3553957
lastId: 3555010
lastId: 3556041
lastId: 3557075
lastId: 3558107
lastId: 3559148
lastId: 3560208
lastId: 3561292
lastId: 3562355
lastId: 3563597
lastId: 3564635
lastId: 3565689
lastId: 3566724
lastId: 3567754
lastId: 3568778
lastId: 3569803
lastId: 3570844
lastId: 3571886
lastId: 3572902
lastId: 3573921
lastId: 3574957
lastId: 3575974
lastId: 3577012
lastId: 3578071
lastId: 3579145
lastId: 3580249
lastId: 3581309
lastId: 3582338
lastId: 3583385
lastId: 3584417
lastId: 3585441
lastId: 3586471
lastId: 3587513
lastId: 3588531
lastId: 3589565
lastId: 3590624
lastId: 3591697
lastId: 3592799
lastId: 3593906
lastId: 3595027
lastId: 3596115
lastId: 3597197
lastId: 3598410
lastId: 3599493
lastId: 3600569
lastId: 3601711
lastId: 3602934
lastId: 3604015
lastId: 3605128
lastId: 3606162
lastId: 3607881
lastId: 3609596
lastId: 3611557
lastId: 3612798
lastId: 3614006
lastId: 3615247
lastId: 3616588
lastId: 3617841
lastId: 3619141
lastId: 3620183
lastId: 3621201
lastId: 3622545
lastId: 3623685
lastId: 3624935
lastId: 3626232
lastId: 3627671
lastId: 3629412
lastId: 3631097
lastId: 3632675
lastId: 3634291
lastId: 3635911
lastId: 3637649
lastId: 3639436
lastId: 3641127
lastId: 3642825
lastId: 3644781
lastId: 3646620
lastId: 3648575
lastId: 3650417
lastId: 3652284
lastId: 3654207
lastId: 3656033
lastId: 3657843
lastId: 3659592
lastId: 3661317
lastId: 3663073
lastId: 3664995
lastId: 3666674
lastId: 3668383
lastId: 3669990
lastId: 3671566
lastId: 3673094
lastId: 3674686
lastId: 3676244
lastId: 3677893
lastId: 3679486
lastId: 3681098
lastId: 3682901
lastId: 3684699
lastId: 3686470
lastId: 3688239
lastId: 3689961
lastId: 3691651
lastId: 3693325
lastId: 3695107
lastId: 3696953
lastId: 3698642
lastId: 3700440
lastId: 3702269
lastId: 3704070
lastId: 3706013
lastId: 3707801
lastId: 3709669
lastId: 3711587
lastId: 3713559
lastId: 3715525
lastId: 3717324
lastId: 3719178
lastId: 3721101
lastId: 3723115
lastId: 3724898
lastId: 3726767
lastId: 3728660
lastId: 3730363
lastId: 3732091
lastId: 3734125
lastId: 3735732
lastId: 3737412
lastId: 3739026
lastId: 3740625
lastId: 3742195
lastId: 3743866
lastId: 3745497
lastId: 3747193
lastId: 3748972
lastId: 3750857
lastId: 3752649
lastId: 3754453
lastId: 3756096
lastId: 3757784
lastId: 3759484
lastId: 3761258
lastId: 3762995
lastId: 3764833
lastId: 3766831
lastId: 3768728
lastId: 3770609
lastId: 3772554
lastId: 3774478
lastId: 3776556
lastId: 3778581
lastId: 3780776
lastId: 3782620
lastId: 3784370
lastId: 3786283
lastId: 3788167
lastId: 3790048
lastId: 3791667
lastId: 3793381
lastId: 3795826
lastId: 3798723
lastId: 3801700
lastId: 3814752
lastId: 3845184
lastId: 3861734
lastId: 3884492
lastId: 3911723
lastId: 3933182
lastId: 3967512
lastId: 3995807
lastId: 4019450
lastId: 4042528
lastId: 4065127
lastId: 4079854
lastId: 4126139
lastId: 4163585
lastId: 4194593
lastId: 4234475
lastId: 4263815
lastId: 4288151
lastId: 4330461
lastId: 4359879
lastId: 4378521
lastId: 4420381
lastId: 4453691
lastId: 4481497
lastId: 4523397
lastId: 4559927
lastId: 4592719
lastId: 4634259
lastId: 4674591
lastId: 4717903
lastId: 4756591
lastId: 4785221
lastId: 4811249
lastId: 4844723
lastId: 4869067
lastId: 4900989
lastId: 4937521
lastId: 4960471
lastId: 5008055
lastId: 5034953
lastId: 5071785
lastId: 5106515
lastId: 5134265
lastId: 5179813
lastId: 5219715
lastId: 5265399
lastId: 5314747
lastId: 5356519
lastId: 5407759
lastId: 5455555
lastId: 5502651
lastId: 5526941
lastId: 5548791
lastId: 5585059
lastId: 5612027
lastId: 5645063
lastId: 5677727
lastId: 5698931
lastId: 5738687
lastId: 5760143
lastId: 5784379
lastId: 5815397
lastId: 5845755
lastId: 5875397
lastId: 5909836
lastId: 5937331
lastId: 5971581
lastId: 6006123
lastId: 6033151
lastId: 6053241
lastId: 6085377
lastId: 6107443
lastId: 6113099
lastId: 6144969
lastId: 6163097
lastId: 6179135
lastId: 6206073
lastId: 6230919
lastId: 6248145
lastId: 6275707
lastId: 6305431
lastId: 6324615
lastId: 6352215
lastId: 6378491
lastId: 6405329
lastId: 6432591
lastId: 6457685
lastId: 6483765
lastId: 6515129
lastId: 6544025
lastId: 6581269
lastId: 6610233
lastId: 6630289
lastId: 6649351
lastId: 6674669
lastId: 6691339
lastId: 6706709
lastId: 6730845
lastId: 6751783
lastId: 6768471
lastId: 6790775
lastId: 6813007
lastId: 6827553
lastId: 6845395
lastId: 6868811
lastId: 6887753
lastId: 6904019
lastId: 6925169
lastId: 6951413
lastId: 6973705
lastId: 6994453
lastId: 7016577
lastId: 7042889
lastId: 7069903
lastId: 7094249
lastId: 7120123
lastId: 7144297
lastId: 7159183
lastId: 7178980
lastId: 7200472
lastId: 7218534
lastId: 7234276
lastId: 7253766
lastId: 7274939
lastId: 7290844
lastId: 7312026
lastId: 7334244
lastId: 7349879
lastId: 7367166
lastId: 7387798
lastId: 7410685
lastId: 7424378
lastId: 7442832
lastId: 7462278
lastId: 7478525
lastId: 7493885
lastId: 7514314
lastId: 7539950
lastId: 7565736
lastId: 7591763
lastId: 7614851
lastId: 7640080
lastId: 7663072
lastId: 7690975
lastId: 7715308
lastId: 7741320
lastId: 7769704
lastId: 7795236
lastId: 7818890
lastId: 7842828
lastId: 7865867
lastId: 7881497
lastId: 7897577
lastId: 7919844
lastId: 7942523
lastId: 7955898
lastId: 7971530
lastId: 7993080
lastId: 8013971
lastId: 8029069
lastId: 8041857
lastId: 8060024
lastId: 8082558
lastId: 8105602
lastId: 8125216
lastId: 8142111
lastId: 8159956
lastId: 8179760
lastId: 8199010
lastId: 8219078
lastId: 8236620
lastId: 8256678
lastId: 8274642
lastId: 8292906
lastId: 8308296
lastId: 8318964
lastId: 8340601
lastId: 8359652
lastId: 8379635
lastId: 8383365
lastId: 8387665
lastId: 8391279
lastId: 8393721
lastId: 8396061
lastId: 8398285
lastId: 8400427
lastId: 8402633
lastId: 8404735
lastId: 8406777
lastId: 8408833
lastId: 8410843
lastId: 8412863
lastId: 8414877
lastId: 8416915
lastId: 8418917
lastId: 8420933
lastId: 8422957
lastId: 8424989
lastId: 8427021
lastId: 8429041
lastId: 8431057
lastId: 8433171
lastId: 8435225
lastId: 8437311
lastId: 8439503
lastId: 8441627
lastId: 8443733
lastId: 8445847
lastId: 8447923
lastId: 8449931
lastId: 8451983
lastId: 8453989
lastId: 8455995
lastId: 8458027
lastId: 8460031
lastId: 8462039
lastId: 8464039
lastId: 8466039
lastId: 8468041
lastId: 8470041
lastId: 8472039
lastId: 8474037
lastId: 8476043
lastId: 8478057
lastId: 8480059
lastId: 8482105
lastId: 8484105
lastId: 8486113
lastId: 8488119
lastId: 8490131
lastId: 8492135
lastId: 8494147
lastId: 8496147
lastId: 8498159
lastId: 8500219
lastId: 8502283
lastId: 8504315
lastId: 8506313
lastId: 8508313
lastId: 8510333
lastId: 8512383
lastId: 8514463
lastId: 8516497
lastId: 8518549
lastId: 8520583
lastId: 8522629
lastId: 8524651
lastId: 8526709
lastId: 8528707
lastId: 8530709
lastId: 8532709
lastId: 8534707
lastId: 8536707
lastId: 8538705
lastId: 8540719
lastId: 8542757
lastId: 8544799
lastId: 8546839
lastId: 8548877
lastId: 8550909
lastId: 8552937
lastId: 8554961
lastId: 8556995
lastId: 8559019
lastId: 8561081
lastId: 8563113
lastId: 8565161
lastId: 8567189
lastId: 8569209
lastId: 8571255
lastId: 8573311
lastId: 8575353
lastId: 8577385
lastId: 8579399
lastId: 8581421
lastId: 8583463
lastId: 8585511
lastId: 8587545
lastId: 8589543
lastId: 8591541
lastId: 8593539
lastId: 8595537
lastId: 8597553
lastId: 8599575
lastId: 8601573
lastId: 8603571
lastId: 8605571
lastId: 8607571
lastId: 8609577
lastId: 8611597
lastId: 8613611
lastId: 8615641
lastId: 8617681
lastId: 8619705
lastId: 8621711
lastId: 8623709
lastId: 8625795
lastId: 8627823
lastId: 8629829
lastId: 8631827
lastId: 8633843
lastId: 8635845
lastId: 8637865
lastId: 8639887
lastId: 8641917
lastId: 8643967
lastId: 8645997
lastId: 8648017
lastId: 8650023
lastId: 8652049
lastId: 8654099
lastId: 8656123
lastId: 8658147
lastId: 8660181
lastId: 8662205
lastId: 8664253
lastId: 8666285
lastId: 8668309
lastId: 8670343
lastId: 8672349
lastId: 8674449
lastId: 8676497
lastId: 8678559
lastId: 8680617
lastId: 8682663
lastId: 8684693
lastId: 8686715
lastId: 8688743
lastId: 8690793
lastId: 8692829
lastId: 8694891
lastId: 8696899
lastId: 8698899
lastId: 8700907
lastId: 8702913
lastId: 8704915
lastId: 8706917
lastId: 8708919
lastId: 8710937
lastId: 8712941
lastId: 8714951
lastId: 8716967
lastId: 8718971
lastId: 8720999
lastId: 8723015
lastId: 8725019
lastId: 8727023
lastId: 8729021
lastId: 8731025
lastId: 8733041
lastId: 8735045
lastId: 8737045
lastId: 8739051
lastId: 8741055
lastId: 8743059
lastId: 8745061
lastId: 8747067
lastId: 8749155
lastId: 8751187
lastId: 8753189
lastId: 8755191
lastId: 8757189
lastId: 8759191
lastId: 8761191
lastId: 8763197
lastId: 8765207
lastId: 8767207
lastId: 8769217
lastId: 8771235
lastId: 8773261
lastId: 8775285
lastId: 8777307
lastId: 8779327
lastId: 8781359
lastId: 8783389
lastId: 8785433
lastId: 8787467
lastId: 8789507
lastId: 8791583
lastId: 8793637
lastId: 8795661
lastId: 8797709
lastId: 8799727
lastId: 8801765
lastId: 8803791
lastId: 8805849
lastId: 8807889
lastId: 8809911
lastId: 8811949
lastId: 8813969
lastId: 8815997
lastId: 8818039
lastId: 8820085
lastId: 8822129
lastId: 8824161
lastId: 8826193
lastId: 8828245
lastId: 8830295
lastId: 8832319
lastId: 8834355
lastId: 8836389
lastId: 8838441
lastId: 8840515
lastId: 8842593
lastId: 8844691
lastId: 8846733
lastId: 8848753
lastId: 8850775
lastId: 8852849
lastId: 8854863
lastId: 8856889
lastId: 8858929
lastId: 8860965
lastId: 8863005
lastId: 8865073
lastId: 8867139
lastId: 8869173
lastId: 8871223
lastId: 8873173
